11:23:07,103 root INFO Running NID framework
11:23:07,111 NID_LOG INFO Fold num: 0
11:23:08,992 NID_LOG INFO Initialized
11:23:24,15 NID_LOG INFO Epoch: 50
11:23:24,15 NID_LOG INFO 	learning rate:0.00080994656
11:23:24,161 NID_LOG INFO 	train rmse:0.4653173166132052 validation  rmse:0.4406087135118693
11:23:37,215 NID_LOG INFO Epoch: 100
11:23:37,216 NID_LOG INFO 	learning rate:6.232128e-05
11:23:37,267 NID_LOG INFO 	train rmse:0.45770074437268204 validation  rmse:0.46945350625372934
11:23:52,661 NID_LOG INFO Epoch: 150
11:23:52,661 NID_LOG INFO 	learning rate:4.7953063e-06
11:23:52,716 NID_LOG INFO 	train rmse:0.45725543074826774 validation  rmse:0.467940744571435
11:24:05,670 NID_LOG INFO Epoch: 200
11:24:05,673 NID_LOG INFO 	learning rate:3.689745e-07
11:24:05,719 NID_LOG INFO 	train rmse:0.45722262948294745 validation  rmse:0.4681326774863972
11:24:05,720 NID_LOG INFO Done fold running
11:24:05,753 NID_LOG INFO Higher-Order Interaction Ranking
[((4, 6), 6.022966139018556), ((5, 6), 5.872720852494276), ((1, 2), 5.671655409038097), ((3, 6), 3.5807374417782634), ((1, 2, 6), 3.0255084894597633), ((1, 2, 4, 6), 2.8372250646352906), ((4, 8), 2.701568105258099), ((1, 2, 3, 4, 5, 6, 7, 8), 2.1284708385902156)]
11:24:05,754 NID_LOG INFO Pairwise Interaction Ranking
[((1, 2), 14.991433), ((5, 6), 13.776092), ((4, 6), 13.134736), ((2, 6), 12.755422), ((1, 6), 11.791883), ((2, 4), 10.050501), ((1, 4), 9.635487), ((2, 5), 9.158626), ((3, 6), 9.046522), ((6, 7), 8.893967), ((1, 5), 8.741787), ((6, 8), 8.562267), ((4, 8), 7.7313623), ((5, 7), 7.7002525), ((2, 7), 7.575534), ((5, 8), 7.181575), ((3, 8), 7.161978), ((4, 5), 7.140111), ((4, 7), 7.1265078), ((1, 7), 6.8734875), ((3, 5), 6.5758247), ((2, 8), 6.504934), ((1, 8), 6.2945514), ((7, 8), 6.283635), ((1, 3), 5.7258835), ((3, 7), 5.356752), ((2, 3), 5.2052226), ((3, 4), 5.17768)]
11:24:05,767 NID_LOG INFO Cuttof process started
11:24:07,772 NID_LOG INFO Initialized
11:24:09,229 NID_LOG INFO Epoch: 50
11:24:09,229 NID_LOG INFO 	learning rate:0.00085257535
11:24:09,327 NID_LOG INFO 	validation rmse:0.4205728320268323 test  rmse:0.4275833978228513
11:24:10,349 NID_LOG INFO Epoch: 100
11:24:10,350 NID_LOG INFO 	learning rate:7.2688475e-05
11:24:10,352 NID_LOG INFO 	validation rmse:0.408191735505731 test  rmse:0.4147286185294196
11:24:11,608 NID_LOG INFO Epoch: 150
11:24:11,608 NID_LOG INFO 	learning rate:5.887379e-06
11:24:11,611 NID_LOG INFO 	validation rmse:0.4075392110658497 test  rmse:0.41399904880552624
11:24:12,917 NID_LOG INFO Epoch: 200
11:24:12,918 NID_LOG INFO 	learning rate:5.019434e-07
11:24:12,921 NID_LOG INFO 	validation rmse:0.40748650101378003 test  rmse:0.41395538672038584
11:24:12,921 NID_LOG INFO Done fold running
11:24:12,942 NID_LOG INFO K-cutoff: 0 Error:0.41395538672038584
11:24:12,943 NID_LOG INFO Fold num: 1
11:24:15,432 NID_LOG INFO Initialized
11:24:29,613 NID_LOG INFO Epoch: 50
11:24:29,613 NID_LOG INFO 	learning rate:0.00080994656
11:24:29,785 NID_LOG INFO 	train rmse:0.4327677342093885 validation  rmse:0.5469650194465537
11:24:43,146 NID_LOG INFO Epoch: 100
11:24:43,146 NID_LOG INFO 	learning rate:6.232128e-05
11:24:43,196 NID_LOG INFO 	train rmse:0.4237473933947128 validation  rmse:0.5515797825772151
11:24:55,873 NID_LOG INFO Epoch: 150
11:24:55,874 NID_LOG INFO 	learning rate:4.7953063e-06
11:24:55,924 NID_LOG INFO 	train rmse:0.42315516684094706 validation  rmse:0.5515364751538563
11:25:08,612 NID_LOG INFO Epoch: 200
11:25:08,612 NID_LOG INFO 	learning rate:3.689745e-07
11:25:08,661 NID_LOG INFO 	train rmse:0.4231137702725155 validation  rmse:0.55154339160185
11:25:08,662 NID_LOG INFO Done fold running
11:25:08,721 NID_LOG INFO Higher-Order Interaction Ranking
[((1, 2), 12.091435244306936), ((1, 2, 6), 5.930977933108828), ((5, 6), 4.9135804474354545), ((1, 2, 4, 6), 4.232957974076287), ((1, 2, 5, 6), 4.089629589114356), ((3, 6), 2.807010576129015), ((1, 2, 6, 7), 2.5779472589492918), ((1, 2, 4, 5, 6, 7), 2.2436984702944915), ((1, 2, 3, 4, 5, 6, 7, 8), 1.6844965731623334)]
11:25:08,722 NID_LOG INFO Pairwise Interaction Ranking
[((1, 2), 26.945082), ((2, 6), 20.385574), ((1, 6), 19.191664), ((5, 6), 14.611816), ((1, 4), 13.239056), ((2, 4), 12.982922), ((4, 6), 12.843277), ((2, 5), 12.023926), ((1, 5), 11.142614), ((1, 7), 9.286694), ((6, 7), 9.120305), ((2, 7), 8.998565), ((3, 6), 8.244564), ((4, 5), 7.9546432), ((5, 7), 7.7406406), ((1, 8), 7.7111473), ((2, 8), 7.6644783), ((4, 7), 7.5733175), ((6, 8), 7.331002), ((3, 5), 6.9583282), ((5, 8), 6.6777368), ((3, 4), 6.4446936), ((2, 3), 6.344981), ((1, 3), 6.332863), ((4, 8), 5.9437885), ((3, 8), 5.5796614), ((7, 8), 5.3605366), ((3, 7), 5.050374)]
11:25:08,752 NID_LOG INFO Cuttof process started
11:25:11,515 NID_LOG INFO Initialized
11:25:13,7 NID_LOG INFO Epoch: 50
11:25:13,7 NID_LOG INFO 	learning rate:0.00085257535
11:25:13,136 NID_LOG INFO 	validation rmse:0.5392132700285435 test  rmse:0.5751710637264515
11:25:14,175 NID_LOG INFO Epoch: 100
11:25:14,175 NID_LOG INFO 	learning rate:7.2688475e-05
11:25:14,178 NID_LOG INFO 	validation rmse:0.5372594172973477 test  rmse:0.5734180655031569
11:25:15,209 NID_LOG INFO Epoch: 150
11:25:15,210 NID_LOG INFO 	learning rate:5.887379e-06
11:25:15,213 NID_LOG INFO 	validation rmse:0.5371900463210334 test  rmse:0.5733786685294832
11:25:16,245 NID_LOG INFO Epoch: 200
11:25:16,245 NID_LOG INFO 	learning rate:5.019434e-07
11:25:16,248 NID_LOG INFO 	validation rmse:0.5371829450679375 test  rmse:0.5733731849630039
11:25:16,248 NID_LOG INFO Done fold running
11:25:16,287 NID_LOG INFO K-cutoff: 0 Error:0.5733731849630039
11:25:16,288 NID_LOG INFO Fold num: 2
11:25:19,575 NID_LOG INFO Initialized
11:25:32,933 NID_LOG INFO Epoch: 50
11:25:32,933 NID_LOG INFO 	learning rate:0.00080994656
11:25:33,135 NID_LOG INFO 	train rmse:0.45807168999081727 validation  rmse:0.56475230805093
11:25:46,196 NID_LOG INFO Epoch: 100
11:25:46,196 NID_LOG INFO 	learning rate:6.232128e-05
11:25:46,251 NID_LOG INFO 	train rmse:0.4446999033835383 validation  rmse:0.5500666805507668
11:25:59,81 NID_LOG INFO Epoch: 150
11:25:59,81 NID_LOG INFO 	learning rate:4.7953063e-06
11:25:59,132 NID_LOG INFO 	train rmse:0.44411872333350505 validation  rmse:0.5498871275649904
11:26:11,994 NID_LOG INFO Epoch: 200
11:26:11,994 NID_LOG INFO 	learning rate:3.689745e-07
11:26:12,44 NID_LOG INFO 	train rmse:0.44407565699393814 validation  rmse:0.54987918762326
11:26:12,44 NID_LOG INFO Done fold running
11:26:12,132 NID_LOG INFO Higher-Order Interaction Ranking
[((1, 2), 12.424245625734377), ((4, 6), 6.020601153373745), ((1, 2, 4, 6), 4.896636366844177), ((5, 6), 3.963974803686193), ((6, 7), 2.7195852696895866), ((4, 8), 2.590972352773023), ((1, 2, 4, 5, 6, 7), 2.408053167164335), ((5, 6, 8), 2.017545759677887), ((3, 6), 1.9542651027441857), ((3, 6, 8), 1.8150916099548855), ((1, 2, 3, 4, 5, 6, 7, 8), 1.7107688822213563)]
11:26:12,133 NID_LOG INFO Pairwise Interaction Ranking
[((1, 2), 25.194477), ((2, 6), 17.39447), ((1, 6), 15.665747), ((4, 6), 15.6458645), ((2, 4), 14.359782), ((1, 4), 13.998606), ((5, 6), 13.104576), ((6, 8), 11.242914), ((4, 8), 10.691048), ((6, 7), 9.861832), ((2, 5), 9.854343), ((1, 8), 9.590957), ((1, 5), 9.309055), ((2, 8), 9.038179), ((5, 8), 8.867587), ((2, 7), 8.518352), ((4, 7), 8.425662), ((3, 6), 8.209501), ((1, 7), 8.1978655), ((4, 5), 7.8539524), ((5, 7), 7.793166), ((3, 8), 7.727498), ((7, 8), 7.1221557), ((1, 3), 6.4023676), ((3, 4), 6.2560472), ((3, 5), 6.044243), ((2, 3), 5.688778), ((3, 7), 4.705576)]
11:26:12,186 NID_LOG INFO Cuttof process started
11:26:15,648 NID_LOG INFO Initialized
11:26:17,244 NID_LOG INFO Epoch: 50
11:26:17,245 NID_LOG INFO 	learning rate:0.00085257535
11:26:17,438 NID_LOG INFO 	validation rmse:0.5991590218947199 test  rmse:0.575454290924594
11:26:18,608 NID_LOG INFO Epoch: 100
11:26:18,608 NID_LOG INFO 	learning rate:7.2688475e-05
11:26:18,611 NID_LOG INFO 	validation rmse:0.5914274768723784 test  rmse:0.5721276803782116
11:26:19,669 NID_LOG INFO Epoch: 150
11:26:19,670 NID_LOG INFO 	learning rate:5.887379e-06
11:26:19,673 NID_LOG INFO 	validation rmse:0.5912019112045693 test  rmse:0.5719817306895516
11:26:20,728 NID_LOG INFO Epoch: 200
11:26:20,729 NID_LOG INFO 	learning rate:5.019434e-07
11:26:20,732 NID_LOG INFO 	validation rmse:0.5911828056122451 test  rmse:0.5719716485489912
11:26:20,732 NID_LOG INFO Done fold running
11:26:20,890 NID_LOG INFO 0: ((1, 2), 12.424245625734377)
11:26:25,109 NID_LOG INFO Initialized
11:26:26,824 NID_LOG INFO Epoch: 50
11:26:26,824 NID_LOG INFO 	learning rate:0.00085257535
11:26:27,11 NID_LOG INFO 	validation rmse:0.5557297062774393 test  rmse:0.5390684155125776
11:26:28,164 NID_LOG INFO Epoch: 100
11:26:28,164 NID_LOG INFO 	learning rate:7.2688475e-05
11:26:28,168 NID_LOG INFO 	validation rmse:0.5487955429885982 test  rmse:0.5353775402225258
11:26:29,312 NID_LOG INFO Epoch: 150
11:26:29,312 NID_LOG INFO 	learning rate:5.887379e-06
11:26:29,316 NID_LOG INFO 	validation rmse:0.5484298672919308 test  rmse:0.5349409129589555
11:26:30,483 NID_LOG INFO Epoch: 200
11:26:30,483 NID_LOG INFO 	learning rate:5.019434e-07
11:26:30,487 NID_LOG INFO 	validation rmse:0.5483985115386524 test  rmse:0.5348885137941827
11:26:30,487 NID_LOG INFO Done fold running
11:26:30,558 NID_LOG INFO K-cutoff: 1 Error:0.5348885137941827
11:26:30,559 NID_LOG INFO Fold num: 3
11:26:35,63 NID_LOG INFO Initialized
11:26:49,389 NID_LOG INFO Epoch: 50
11:26:49,389 NID_LOG INFO 	learning rate:0.00080994656
11:26:49,699 NID_LOG INFO 	train rmse:0.46043784328741494 validation  rmse:0.5491807286869725
11:27:04,290 NID_LOG INFO Epoch: 100
11:27:04,290 NID_LOG INFO 	learning rate:6.232128e-05
11:27:04,339 NID_LOG INFO 	train rmse:0.45246296235772354 validation  rmse:0.546239101728931
11:27:19,463 NID_LOG INFO Epoch: 150
11:27:19,463 NID_LOG INFO 	learning rate:4.7953063e-06
11:27:19,523 NID_LOG INFO 	train rmse:0.4519333131976324 validation  rmse:0.5451311099421392
11:27:33,476 NID_LOG INFO Epoch: 200
11:27:33,476 NID_LOG INFO 	learning rate:3.689745e-07
11:27:33,531 NID_LOG INFO 	train rmse:0.45189692709182533 validation  rmse:0.5450353196712138
11:27:33,532 NID_LOG INFO Done fold running
11:27:33,669 NID_LOG INFO Higher-Order Interaction Ranking
[((1, 2), 7.3710824623704605), ((5, 6), 7.3434782847762285), ((1, 2, 4, 6), 6.4299172684550285), ((1, 2, 4, 6, 7), 3.7647368796169776), ((1, 2, 4, 5, 6, 7), 3.0747738629579704), ((4, 8), 2.581481024622981), ((1, 2, 3, 4, 5, 6, 7, 8), 2.0967435415194458)]
11:27:33,670 NID_LOG INFO Pairwise Interaction Ranking
[((1, 2), 22.73039), ((2, 6), 19.912022), ((1, 6), 17.127937), ((2, 4), 15.618634), ((4, 6), 15.569841), ((5, 6), 15.215653), ((1, 4), 13.428995), ((6, 7), 12.123901), ((2, 7), 11.306127), ((6, 8), 11.285053), ((1, 5), 10.898537), ((2, 5), 10.813547), ((1, 7), 9.984047), ((2, 8), 9.574095), ((1, 8), 9.495979), ((5, 8), 9.108947), ((4, 7), 9.029877), ((3, 8), 8.513111), ((3, 6), 8.504759), ((5, 7), 8.401787), ((4, 8), 8.308598), ((7, 8), 7.449046), ((4, 5), 6.9766765), ((1, 3), 6.88239), ((2, 3), 6.7896204), ((3, 5), 6.4403186), ((3, 7), 6.292035), ((3, 4), 5.7513394)]
11:27:33,756 NID_LOG INFO Cuttof process started
11:27:38,931 NID_LOG INFO Initialized
11:27:40,549 NID_LOG INFO Epoch: 50
11:27:40,549 NID_LOG INFO 	learning rate:0.00085257535
11:27:40,761 NID_LOG INFO 	validation rmse:0.49140562290946116 test  rmse:0.5226552726611021
11:27:42,37 NID_LOG INFO Epoch: 100
11:27:42,37 NID_LOG INFO 	learning rate:7.2688475e-05
11:27:42,40 NID_LOG INFO 	validation rmse:0.4891116291268759 test  rmse:0.520467473912915
11:27:43,339 NID_LOG INFO Epoch: 150
11:27:43,339 NID_LOG INFO 	learning rate:5.887379e-06
11:27:43,343 NID_LOG INFO 	validation rmse:0.48903451419013705 test  rmse:0.5204416773364904
11:27:44,592 NID_LOG INFO Epoch: 200
11:27:44,592 NID_LOG INFO 	learning rate:5.019434e-07
11:27:44,596 NID_LOG INFO 	validation rmse:0.48902837433141055 test  rmse:0.5204442828201274
11:27:44,597 NID_LOG INFO Done fold running
11:27:44,690 NID_LOG INFO K-cutoff: 0 Error:0.5204442828201274
11:27:44,690 NID_LOG INFO Fold num: 4
11:27:50,434 NID_LOG INFO Initialized
11:28:05,199 NID_LOG INFO Epoch: 50
11:28:05,199 NID_LOG INFO 	learning rate:0.00080994656
11:28:05,482 NID_LOG INFO 	train rmse:0.4547559391701336 validation  rmse:0.5814009460190883
11:28:20,176 NID_LOG INFO Epoch: 100
11:28:20,176 NID_LOG INFO 	learning rate:6.232128e-05
11:28:20,230 NID_LOG INFO 	train rmse:0.4467391034213237 validation  rmse:0.587061503293038
11:28:35,659 NID_LOG INFO Epoch: 150
11:28:35,659 NID_LOG INFO 	learning rate:4.7953063e-06
11:28:35,709 NID_LOG INFO 	train rmse:0.44627033085817996 validation  rmse:0.5869007077340067
11:28:50,103 NID_LOG INFO Epoch: 200
11:28:50,103 NID_LOG INFO 	learning rate:3.689745e-07
11:28:50,154 NID_LOG INFO 	train rmse:0.4462353863981326 validation  rmse:0.5868911611751025
11:28:50,154 NID_LOG INFO Done fold running
11:28:50,329 NID_LOG INFO Higher-Order Interaction Ranking
[((5, 6), 6.19973931461575), ((2, 6), 5.574951119720946), ((1, 2, 6), 4.5698104500770675), ((4, 6), 4.479877293109958), ((1, 2, 4), 3.849850073456845), ((1, 2, 5, 6), 3.839741662144661), ((1, 2, 4, 6), 2.4529093876481056), ((1, 2, 5, 6, 7), 2.2313631810248045), ((1, 2, 3, 4, 5, 6, 7, 8), 2.1145528962172344)]
11:28:50,330 NID_LOG INFO Pairwise Interaction Ranking
[((1, 2), 19.542984), ((1, 6), 18.72364), ((2, 6), 17.606184), ((5, 6), 15.841497), ((2, 4), 15.051158), ((1, 4), 14.488382), ((1, 5), 13.990355), ((4, 6), 13.616411), ((2, 5), 13.043061), ((1, 8), 10.36132), ((2, 7), 9.444872), ((2, 8), 9.434393), ((1, 7), 9.153395), ((6, 8), 9.0693655), ((1, 3), 8.828842), ((4, 8), 8.757647), ((3, 6), 8.660492), ((4, 5), 8.605925), ((5, 7), 8.50889), ((6, 7), 8.134646), ((2, 3), 7.9611645), ((4, 7), 7.856462), ((3, 4), 7.7471924), ((5, 8), 7.3880696), ((3, 5), 7.3618264), ((3, 8), 6.802092), ((7, 8), 5.2684364), ((3, 7), 5.2542295)]
11:28:50,457 NID_LOG INFO Cuttof process started
11:28:56,666 NID_LOG INFO Initialized
11:28:58,424 NID_LOG INFO Epoch: 50
11:28:58,424 NID_LOG INFO 	learning rate:0.00085257535
11:28:58,761 NID_LOG INFO 	validation rmse:0.5567076257905285 test  rmse:0.5690132915037205
11:28:59,940 NID_LOG INFO Epoch: 100
11:28:59,940 NID_LOG INFO 	learning rate:7.2688475e-05
11:28:59,943 NID_LOG INFO 	validation rmse:0.5545986265523848 test  rmse:0.5664663348720699
11:29:01,110 NID_LOG INFO Epoch: 150
11:29:01,110 NID_LOG INFO 	learning rate:5.887379e-06
11:29:01,113 NID_LOG INFO 	validation rmse:0.5544965710925208 test  rmse:0.5663249516513329
11:29:02,317 NID_LOG INFO Epoch: 200
11:29:02,317 NID_LOG INFO 	learning rate:5.019434e-07
11:29:02,322 NID_LOG INFO 	validation rmse:0.5544881059335817 test  rmse:0.5663121112333369
11:29:02,322 NID_LOG INFO Done fold running
11:29:02,489 NID_LOG INFO K-cutoff: 0 Error:0.5663121112333369
11:29:02,489 NID_LOG INFO Final validation error:0.5217946959062074
11:29:02,489 NID_LOG INFO Final results:
##############
Higher-Order Interaction Ranking
[((1, 2), 7.511683748289974), ((5, 6), 5.658698740601581), ((1, 2, 4, 6), 4.169929212331778), ((4, 6), 3.3046889171004517), ((1, 2, 6), 2.705259374529132), ((1, 2, 3, 4, 5, 6, 7, 8), 1.9470065463421171), ((3, 6), 1.6684026241302927), ((1, 2, 5, 6), 1.5858742502518033), ((4, 8), 1.5748042965308207), ((1, 2, 4, 5, 6, 7), 1.5453051000833593), ((2, 6), 1.1149902239441891), ((1, 2, 4), 0.769970014691369), ((1, 2, 4, 6, 7), 0.7529473759233956), ((6, 7), 0.5439170539379173), ((1, 2, 6, 7), 0.5155894517898584), ((1, 2, 5, 6, 7), 0.4462726362049609), ((5, 6, 8), 0.4035091519355774), ((3, 6, 8), 0.3630183219909771)]
11:29:02,489 NID_LOG INFO Pairwise Interaction Ranking
[((1, 2), 21.880874633789062), ((2, 6), 17.61073455810547), ((1, 6), 16.50017395019531), ((5, 6), 14.509927368164062), ((4, 6), 14.162025451660156), ((2, 4), 13.612599182128907), ((1, 4), 12.958103942871094), ((2, 5), 10.978700256347656), ((1, 5), 10.816470336914062), ((6, 7), 9.626930236816406), ((6, 8), 9.498120880126953), ((2, 7), 9.16868896484375), ((1, 7), 8.699098205566406), ((1, 8), 8.69079132080078), ((3, 6), 8.533168029785156), ((2, 8), 8.443215942382812), ((4, 8), 8.286488342285157), ((5, 7), 8.028947448730468), ((4, 7), 8.002365112304688), ((5, 8), 7.844783020019531), ((4, 5), 7.70626220703125), ((3, 8), 7.156867980957031), ((1, 3), 6.834468841552734), ((3, 5), 6.676108551025391), ((2, 3), 6.3979534149169925), ((7, 8), 6.296762084960937), ((3, 4), 6.275390625), ((3, 7), 5.331793212890625)]
11:29:02,658 matplotlib.colorbar DEBUG locator: <matplotlib.ticker.MaxNLocator object at 0x000001325F3C24A8>
11:29:02,659 matplotlib.colorbar DEBUG Using auto colorbar locator on colorbar
11:29:02,659 matplotlib.colorbar DEBUG locator: <matplotlib.ticker.MaxNLocator object at 0x000001325F3C24A8>
11:29:02,659 matplotlib.colorbar DEBUG Setting pcolormesh
11:29:02,683 matplotlib.axes._base DEBUG update_title_pos
11:29:02,692 matplotlib.font_manager DEBUG findfont: Matching :family=sans-serif:style=normal:variant=normal:weight=normal:stretch=normal:size=11.0 to Arial ('C:\\WINDOWS\\Fonts\\arial.ttf') with score of 0.050000.
11:29:02,732 matplotlib.axes._base DEBUG update_title_pos
11:29:02,756 matplotlib.font_manager DEBUG findfont: Matching :family=sans-serif:style=normal:variant=normal:weight=normal:stretch=normal:size=12.0 to Arial ('C:\\WINDOWS\\Fonts\\arial.ttf') with score of 0.050000.
11:29:02,767 matplotlib.axes._base DEBUG update_title_pos
11:29:02,798 matplotlib.font_manager DEBUG findfont: Matching :family=sans-serif:style=normal:variant=normal:weight=normal:stretch=normal:size=20.0 to Arial ('C:\\WINDOWS\\Fonts\\arial.ttf') with score of 0.050000.
11:29:02,801 matplotlib.axes._base DEBUG update_title_pos
