17:50:06,33 root INFO Running NID framework
17:50:06,40 NID_LOG INFO Fold num: 0
17:50:07,999 NID_LOG INFO Initialized
17:50:21,623 NID_LOG INFO Epoch: 50
17:50:21,624 NID_LOG INFO 	learning rate:0.00080994656
17:50:21,761 NID_LOG INFO 	train rmse:0.4653173166132052 validation  rmse:0.4406087135118693
17:50:34,252 NID_LOG INFO Epoch: 100
17:50:34,252 NID_LOG INFO 	learning rate:6.232128e-05
17:50:34,302 NID_LOG INFO 	train rmse:0.45770074437268204 validation  rmse:0.46945350625372934
17:50:46,800 NID_LOG INFO Epoch: 150
17:50:46,800 NID_LOG INFO 	learning rate:4.7953063e-06
17:50:46,851 NID_LOG INFO 	train rmse:0.45725543074826774 validation  rmse:0.467940744571435
17:50:59,334 NID_LOG INFO Epoch: 200
17:50:59,336 NID_LOG INFO 	learning rate:3.689745e-07
17:50:59,386 NID_LOG INFO 	train rmse:0.45722262948294745 validation  rmse:0.4681326774863972
17:50:59,386 NID_LOG INFO Done fold running
17:50:59,418 NID_LOG INFO Higher-Order Interaction Ranking
[((4, 6), 6.022966139018556), ((5, 6), 5.872720852494276), ((1, 2), 5.671655409038097), ((3, 6), 3.5807374417782634), ((1, 2, 6), 3.0255084894597633), ((1, 2, 4, 6), 2.8372250646352906), ((4, 8), 2.701568105258099), ((1, 2, 3, 4, 5, 6, 7, 8), 2.1284708385902156)]
17:50:59,419 NID_LOG INFO Pairwise Interaction Ranking
[((1, 2), 14.991433), ((5, 6), 13.776092), ((4, 6), 13.134736), ((2, 6), 12.755422), ((1, 6), 11.791883), ((2, 4), 10.050501), ((1, 4), 9.635487), ((2, 5), 9.158626), ((3, 6), 9.046522), ((6, 7), 8.893967), ((1, 5), 8.741787), ((6, 8), 8.562267), ((4, 8), 7.7313623), ((5, 7), 7.7002525), ((2, 7), 7.575534), ((5, 8), 7.181575), ((3, 8), 7.161978), ((4, 5), 7.140111), ((4, 7), 7.1265078), ((1, 7), 6.8734875), ((3, 5), 6.5758247), ((2, 8), 6.504934), ((1, 8), 6.2945514), ((7, 8), 6.283635), ((1, 3), 5.7258835), ((3, 7), 5.356752), ((2, 3), 5.2052226), ((3, 4), 5.17768)]
17:50:59,433 NID_LOG INFO Cuttof process started
17:51:01,468 NID_LOG INFO Initialized
17:51:02,926 NID_LOG INFO Epoch: 50
17:51:02,926 NID_LOG INFO 	learning rate:0.00085257535
17:51:03,30 NID_LOG INFO 	validation rmse:0.4205728320268323 test  rmse:0.4275833978228513
17:51:04,57 NID_LOG INFO Epoch: 100
17:51:04,57 NID_LOG INFO 	learning rate:7.2688475e-05
17:51:04,60 NID_LOG INFO 	validation rmse:0.408191735505731 test  rmse:0.4147286185294196
17:51:05,88 NID_LOG INFO Epoch: 150
17:51:05,89 NID_LOG INFO 	learning rate:5.887379e-06
17:51:05,91 NID_LOG INFO 	validation rmse:0.4075392110658497 test  rmse:0.41399904880552624
17:51:06,117 NID_LOG INFO Epoch: 200
17:51:06,118 NID_LOG INFO 	learning rate:5.019434e-07
17:51:06,120 NID_LOG INFO 	validation rmse:0.40748650101378003 test  rmse:0.41395538672038584
17:51:06,121 NID_LOG INFO Done fold running
17:51:06,141 NID_LOG INFO K-cutoff: 0 Error:0.41395538672038584
17:51:06,141 NID_LOG INFO Fold num: 1
17:51:08,684 NID_LOG INFO Initialized
17:51:22,103 NID_LOG INFO Epoch: 50
17:51:22,103 NID_LOG INFO 	learning rate:0.00080994656
17:51:22,276 NID_LOG INFO 	train rmse:0.4327677342093885 validation  rmse:0.5469650194465537
17:51:34,990 NID_LOG INFO Epoch: 100
17:51:34,990 NID_LOG INFO 	learning rate:6.232128e-05
17:51:35,40 NID_LOG INFO 	train rmse:0.4237473933947128 validation  rmse:0.5515797825772151
17:51:47,730 NID_LOG INFO Epoch: 150
17:51:47,730 NID_LOG INFO 	learning rate:4.7953063e-06
17:51:47,782 NID_LOG INFO 	train rmse:0.42315516684094706 validation  rmse:0.5515364751538563
17:52:00,454 NID_LOG INFO Epoch: 200
17:52:00,455 NID_LOG INFO 	learning rate:3.689745e-07
17:52:00,505 NID_LOG INFO 	train rmse:0.4231137702725155 validation  rmse:0.55154339160185
17:52:00,505 NID_LOG INFO Done fold running
17:52:00,563 NID_LOG INFO Higher-Order Interaction Ranking
[((1, 2), 12.091435244306936), ((1, 2, 6), 5.930977933108828), ((5, 6), 4.9135804474354545), ((1, 2, 4, 6), 4.232957974076287), ((1, 2, 5, 6), 4.089629589114356), ((3, 6), 2.807010576129015), ((1, 2, 6, 7), 2.5779472589492918), ((1, 2, 4, 5, 6, 7), 2.2436984702944915), ((1, 2, 3, 4, 5, 6, 7, 8), 1.6844965731623334)]
17:52:00,564 NID_LOG INFO Pairwise Interaction Ranking
[((1, 2), 26.945082), ((2, 6), 20.385574), ((1, 6), 19.191664), ((5, 6), 14.611816), ((1, 4), 13.239056), ((2, 4), 12.982922), ((4, 6), 12.843277), ((2, 5), 12.023926), ((1, 5), 11.142614), ((1, 7), 9.286694), ((6, 7), 9.120305), ((2, 7), 8.998565), ((3, 6), 8.244564), ((4, 5), 7.9546432), ((5, 7), 7.7406406), ((1, 8), 7.7111473), ((2, 8), 7.6644783), ((4, 7), 7.5733175), ((6, 8), 7.331002), ((3, 5), 6.9583282), ((5, 8), 6.6777368), ((3, 4), 6.4446936), ((2, 3), 6.344981), ((1, 3), 6.332863), ((4, 8), 5.9437885), ((3, 8), 5.5796614), ((7, 8), 5.3605366), ((3, 7), 5.050374)]
17:52:00,596 NID_LOG INFO Cuttof process started
17:52:03,385 NID_LOG INFO Initialized
17:52:04,883 NID_LOG INFO Epoch: 50
17:52:04,883 NID_LOG INFO 	learning rate:0.00085257535
17:52:05,8 NID_LOG INFO 	validation rmse:0.5392132700285435 test  rmse:0.5751710637264515
17:52:06,55 NID_LOG INFO Epoch: 100
17:52:06,56 NID_LOG INFO 	learning rate:7.2688475e-05
17:52:06,58 NID_LOG INFO 	validation rmse:0.5372594172973477 test  rmse:0.5734180655031569
17:52:07,121 NID_LOG INFO Epoch: 150
17:52:07,121 NID_LOG INFO 	learning rate:5.887379e-06
17:52:07,124 NID_LOG INFO 	validation rmse:0.5371900463210334 test  rmse:0.5733786685294832
17:52:08,167 NID_LOG INFO Epoch: 200
17:52:08,167 NID_LOG INFO 	learning rate:5.019434e-07
17:52:08,170 NID_LOG INFO 	validation rmse:0.5371829450679375 test  rmse:0.5733731849630039
17:52:08,170 NID_LOG INFO Done fold running
17:52:08,209 NID_LOG INFO K-cutoff: 0 Error:0.5733731849630039
17:52:08,210 NID_LOG INFO Fold num: 2
17:52:11,503 NID_LOG INFO Initialized
17:52:24,794 NID_LOG INFO Epoch: 50
17:52:24,794 NID_LOG INFO 	learning rate:0.00080994656
17:52:24,993 NID_LOG INFO 	train rmse:0.45807168999081727 validation  rmse:0.56475230805093
17:52:37,674 NID_LOG INFO Epoch: 100
17:52:37,674 NID_LOG INFO 	learning rate:6.232128e-05
17:52:37,726 NID_LOG INFO 	train rmse:0.4446999033835383 validation  rmse:0.5500666805507668
17:52:50,400 NID_LOG INFO Epoch: 150
17:52:50,401 NID_LOG INFO 	learning rate:4.7953063e-06
17:52:50,451 NID_LOG INFO 	train rmse:0.44411872333350505 validation  rmse:0.5498871275649904
17:53:03,206 NID_LOG INFO Epoch: 200
17:53:03,207 NID_LOG INFO 	learning rate:3.689745e-07
17:53:03,255 NID_LOG INFO 	train rmse:0.44407565699393814 validation  rmse:0.54987918762326
17:53:03,256 NID_LOG INFO Done fold running
17:53:03,343 NID_LOG INFO Higher-Order Interaction Ranking
[((1, 2), 12.424245625734377), ((4, 6), 6.020601153373745), ((1, 2, 4, 6), 4.896636366844177), ((5, 6), 3.963974803686193), ((6, 7), 2.7195852696895866), ((4, 8), 2.590972352773023), ((1, 2, 4, 5, 6, 7), 2.408053167164335), ((5, 6, 8), 2.017545759677887), ((3, 6), 1.9542651027441857), ((3, 6, 8), 1.8150916099548855), ((1, 2, 3, 4, 5, 6, 7, 8), 1.7107688822213563)]
17:53:03,344 NID_LOG INFO Pairwise Interaction Ranking
[((1, 2), 25.194477), ((2, 6), 17.39447), ((1, 6), 15.665747), ((4, 6), 15.6458645), ((2, 4), 14.359782), ((1, 4), 13.998606), ((5, 6), 13.104576), ((6, 8), 11.242914), ((4, 8), 10.691048), ((6, 7), 9.861832), ((2, 5), 9.854343), ((1, 8), 9.590957), ((1, 5), 9.309055), ((2, 8), 9.038179), ((5, 8), 8.867587), ((2, 7), 8.518352), ((4, 7), 8.425662), ((3, 6), 8.209501), ((1, 7), 8.1978655), ((4, 5), 7.8539524), ((5, 7), 7.793166), ((3, 8), 7.727498), ((7, 8), 7.1221557), ((1, 3), 6.4023676), ((3, 4), 6.2560472), ((3, 5), 6.044243), ((2, 3), 5.688778), ((3, 7), 4.705576)]
17:53:03,394 NID_LOG INFO Cuttof process started
17:53:06,873 NID_LOG INFO Initialized
17:53:08,400 NID_LOG INFO Epoch: 50
17:53:08,401 NID_LOG INFO 	learning rate:0.00085257535
17:53:08,556 NID_LOG INFO 	validation rmse:0.5991590218947199 test  rmse:0.575454290924594
17:53:09,618 NID_LOG INFO Epoch: 100
17:53:09,618 NID_LOG INFO 	learning rate:7.2688475e-05
17:53:09,621 NID_LOG INFO 	validation rmse:0.5914274768723784 test  rmse:0.5721276803782116
17:53:10,678 NID_LOG INFO Epoch: 150
17:53:10,678 NID_LOG INFO 	learning rate:5.887379e-06
17:53:10,681 NID_LOG INFO 	validation rmse:0.5912019112045693 test  rmse:0.5719817306895516
17:53:11,749 NID_LOG INFO Epoch: 200
17:53:11,749 NID_LOG INFO 	learning rate:5.019434e-07
17:53:11,753 NID_LOG INFO 	validation rmse:0.5911828056122451 test  rmse:0.5719716485489912
17:53:11,753 NID_LOG INFO Done fold running
17:53:11,910 NID_LOG INFO 0: ((1, 2), 12.424245625734377)
17:53:16,20 NID_LOG INFO Initialized
17:53:17,702 NID_LOG INFO Epoch: 50
17:53:17,702 NID_LOG INFO 	learning rate:0.00085257535
17:53:17,891 NID_LOG INFO 	validation rmse:0.5557297062774393 test  rmse:0.5390684155125776
17:53:19,27 NID_LOG INFO Epoch: 100
17:53:19,27 NID_LOG INFO 	learning rate:7.2688475e-05
17:53:19,31 NID_LOG INFO 	validation rmse:0.5487955429885982 test  rmse:0.5353775402225258
17:53:20,168 NID_LOG INFO Epoch: 150
17:53:20,168 NID_LOG INFO 	learning rate:5.887379e-06
17:53:20,172 NID_LOG INFO 	validation rmse:0.5484298672919308 test  rmse:0.5349409129589555
17:53:21,311 NID_LOG INFO Epoch: 200
17:53:21,311 NID_LOG INFO 	learning rate:5.019434e-07
17:53:21,314 NID_LOG INFO 	validation rmse:0.5483985115386524 test  rmse:0.5348885137941827
17:53:21,314 NID_LOG INFO Done fold running
17:53:21,385 NID_LOG INFO K-cutoff: 1 Error:0.5348885137941827
17:53:21,385 NID_LOG INFO Fold num: 3
17:53:25,851 NID_LOG INFO Initialized
17:53:39,477 NID_LOG INFO Epoch: 50
17:53:39,477 NID_LOG INFO 	learning rate:0.00080994656
17:53:39,736 NID_LOG INFO 	train rmse:0.46043784328741494 validation  rmse:0.5491807286869725
17:53:52,791 NID_LOG INFO Epoch: 100
17:53:52,791 NID_LOG INFO 	learning rate:6.232128e-05
17:53:52,841 NID_LOG INFO 	train rmse:0.45246296235772354 validation  rmse:0.546239101728931
17:54:05,923 NID_LOG INFO Epoch: 150
17:54:05,924 NID_LOG INFO 	learning rate:4.7953063e-06
17:54:05,972 NID_LOG INFO 	train rmse:0.4519333131976324 validation  rmse:0.5451311099421392
17:54:19,224 NID_LOG INFO Epoch: 200
17:54:19,224 NID_LOG INFO 	learning rate:3.689745e-07
17:54:19,277 NID_LOG INFO 	train rmse:0.45189692709182533 validation  rmse:0.5450353196712138
17:54:19,277 NID_LOG INFO Done fold running
17:54:19,443 NID_LOG INFO Higher-Order Interaction Ranking
[((1, 2), 7.3710824623704605), ((5, 6), 7.3434782847762285), ((1, 2, 4, 6), 6.4299172684550285), ((1, 2, 4, 6, 7), 3.7647368796169776), ((1, 2, 4, 5, 6, 7), 3.0747738629579704), ((4, 8), 2.581481024622981), ((1, 2, 3, 4, 5, 6, 7, 8), 2.0967435415194458)]
17:54:19,443 NID_LOG INFO Pairwise Interaction Ranking
[((1, 2), 22.73039), ((2, 6), 19.912022), ((1, 6), 17.127937), ((2, 4), 15.618634), ((4, 6), 15.569841), ((5, 6), 15.215653), ((1, 4), 13.428995), ((6, 7), 12.123901), ((2, 7), 11.306127), ((6, 8), 11.285053), ((1, 5), 10.898537), ((2, 5), 10.813547), ((1, 7), 9.984047), ((2, 8), 9.574095), ((1, 8), 9.495979), ((5, 8), 9.108947), ((4, 7), 9.029877), ((3, 8), 8.513111), ((3, 6), 8.504759), ((5, 7), 8.401787), ((4, 8), 8.308598), ((7, 8), 7.449046), ((4, 5), 6.9766765), ((1, 3), 6.88239), ((2, 3), 6.7896204), ((3, 5), 6.4403186), ((3, 7), 6.292035), ((3, 4), 5.7513394)]
17:54:19,533 NID_LOG INFO Cuttof process started
17:54:24,411 NID_LOG INFO Initialized
17:54:26,48 NID_LOG INFO Epoch: 50
17:54:26,48 NID_LOG INFO 	learning rate:0.00085257535
17:54:26,263 NID_LOG INFO 	validation rmse:0.49140562290946116 test  rmse:0.5226552726611021
17:54:27,327 NID_LOG INFO Epoch: 100
17:54:27,327 NID_LOG INFO 	learning rate:7.2688475e-05
17:54:27,330 NID_LOG INFO 	validation rmse:0.4891116291268759 test  rmse:0.520467473912915
17:54:28,398 NID_LOG INFO Epoch: 150
17:54:28,398 NID_LOG INFO 	learning rate:5.887379e-06
17:54:28,401 NID_LOG INFO 	validation rmse:0.48903451419013705 test  rmse:0.5204416773364904
17:54:29,471 NID_LOG INFO Epoch: 200
17:54:29,471 NID_LOG INFO 	learning rate:5.019434e-07
17:54:29,474 NID_LOG INFO 	validation rmse:0.48902837433141055 test  rmse:0.5204442828201274
17:54:29,474 NID_LOG INFO Done fold running
17:54:29,565 NID_LOG INFO K-cutoff: 0 Error:0.5204442828201274
17:54:29,566 NID_LOG INFO Fold num: 4
17:54:34,890 NID_LOG INFO Initialized
17:54:48,595 NID_LOG INFO Epoch: 50
17:54:48,595 NID_LOG INFO 	learning rate:0.00080994656
17:54:48,884 NID_LOG INFO 	train rmse:0.4547559391701336 validation  rmse:0.5814009460190883
17:55:01,960 NID_LOG INFO Epoch: 100
17:55:01,961 NID_LOG INFO 	learning rate:6.232128e-05
17:55:02,8 NID_LOG INFO 	train rmse:0.4467391034213237 validation  rmse:0.587061503293038
17:55:15,115 NID_LOG INFO Epoch: 150
17:55:15,115 NID_LOG INFO 	learning rate:4.7953063e-06
17:55:15,162 NID_LOG INFO 	train rmse:0.44627033085817996 validation  rmse:0.5869007077340067
17:55:28,706 NID_LOG INFO Epoch: 200
17:55:28,706 NID_LOG INFO 	learning rate:3.689745e-07
17:55:28,756 NID_LOG INFO 	train rmse:0.4462353863981326 validation  rmse:0.5868911611751025
17:55:28,756 NID_LOG INFO Done fold running
17:55:28,935 NID_LOG INFO Higher-Order Interaction Ranking
[((5, 6), 6.19973931461575), ((2, 6), 5.574951119720946), ((1, 2, 6), 4.5698104500770675), ((4, 6), 4.479877293109958), ((1, 2, 4), 3.849850073456845), ((1, 2, 5, 6), 3.839741662144661), ((1, 2, 4, 6), 2.4529093876481056), ((1, 2, 5, 6, 7), 2.2313631810248045), ((1, 2, 3, 4, 5, 6, 7, 8), 2.1145528962172344)]
17:55:28,936 NID_LOG INFO Pairwise Interaction Ranking
[((1, 2), 19.542984), ((1, 6), 18.72364), ((2, 6), 17.606184), ((5, 6), 15.841497), ((2, 4), 15.051158), ((1, 4), 14.488382), ((1, 5), 13.990355), ((4, 6), 13.616411), ((2, 5), 13.043061), ((1, 8), 10.36132), ((2, 7), 9.444872), ((2, 8), 9.434393), ((1, 7), 9.153395), ((6, 8), 9.0693655), ((1, 3), 8.828842), ((4, 8), 8.757647), ((3, 6), 8.660492), ((4, 5), 8.605925), ((5, 7), 8.50889), ((6, 7), 8.134646), ((2, 3), 7.9611645), ((4, 7), 7.856462), ((3, 4), 7.7471924), ((5, 8), 7.3880696), ((3, 5), 7.3618264), ((3, 8), 6.802092), ((7, 8), 5.2684364), ((3, 7), 5.2542295)]
17:55:29,51 NID_LOG INFO Cuttof process started
17:55:34,863 NID_LOG INFO Initialized
17:55:36,497 NID_LOG INFO Epoch: 50
17:55:36,497 NID_LOG INFO 	learning rate:0.00085257535
17:55:36,752 NID_LOG INFO 	validation rmse:0.5567076257905285 test  rmse:0.5690132915037205
17:55:37,832 NID_LOG INFO Epoch: 100
17:55:37,832 NID_LOG INFO 	learning rate:7.2688475e-05
17:55:37,835 NID_LOG INFO 	validation rmse:0.5545986265523848 test  rmse:0.5664663348720699
17:55:38,912 NID_LOG INFO Epoch: 150
17:55:38,912 NID_LOG INFO 	learning rate:5.887379e-06
17:55:38,916 NID_LOG INFO 	validation rmse:0.5544965710925208 test  rmse:0.5663249516513329
17:55:39,990 NID_LOG INFO Epoch: 200
17:55:39,990 NID_LOG INFO 	learning rate:5.019434e-07
17:55:39,993 NID_LOG INFO 	validation rmse:0.5544881059335817 test  rmse:0.5663121112333369
17:55:39,993 NID_LOG INFO Done fold running
17:55:40,110 NID_LOG INFO K-cutoff: 0 Error:0.5663121112333369
17:55:40,111 NID_LOG INFO Final validation error:0.5217946959062074
17:55:40,111 NID_LOG INFO Final results:
##############
Higher-Order Interaction Ranking
[((1, 2), 7.511683748289974), ((5, 6), 5.658698740601581), ((1, 2, 4, 6), 4.169929212331778), ((4, 6), 3.3046889171004517), ((1, 2, 6), 2.705259374529132), ((1, 2, 3, 4, 5, 6, 7, 8), 1.9470065463421171), ((3, 6), 1.6684026241302927), ((1, 2, 5, 6), 1.5858742502518033), ((4, 8), 1.5748042965308207), ((1, 2, 4, 5, 6, 7), 1.5453051000833593), ((2, 6), 1.1149902239441891), ((1, 2, 4), 0.769970014691369), ((1, 2, 4, 6, 7), 0.7529473759233956), ((6, 7), 0.5439170539379173), ((1, 2, 6, 7), 0.5155894517898584), ((1, 2, 5, 6, 7), 0.4462726362049609), ((5, 6, 8), 0.4035091519355774), ((3, 6, 8), 0.3630183219909771)]
17:55:40,111 NID_LOG INFO Pairwise Interaction Ranking
[((1, 2), 21.880874633789062), ((2, 6), 17.61073455810547), ((1, 6), 16.50017395019531), ((5, 6), 14.509927368164062), ((4, 6), 14.162025451660156), ((2, 4), 13.612599182128907), ((1, 4), 12.958103942871094), ((2, 5), 10.978700256347656), ((1, 5), 10.816470336914062), ((6, 7), 9.626930236816406), ((6, 8), 9.498120880126953), ((2, 7), 9.16868896484375), ((1, 7), 8.699098205566406), ((1, 8), 8.69079132080078), ((3, 6), 8.533168029785156), ((2, 8), 8.443215942382812), ((4, 8), 8.286488342285157), ((5, 7), 8.028947448730468), ((4, 7), 8.002365112304688), ((5, 8), 7.844783020019531), ((4, 5), 7.70626220703125), ((3, 8), 7.156867980957031), ((1, 3), 6.834468841552734), ((3, 5), 6.676108551025391), ((2, 3), 6.3979534149169925), ((7, 8), 6.296762084960937), ((3, 4), 6.275390625), ((3, 7), 5.331793212890625)]
17:55:40,257 matplotlib.colorbar DEBUG locator: <matplotlib.ticker.MaxNLocator object at 0x000001B55EDF24E0>
17:55:40,257 matplotlib.colorbar DEBUG Using auto colorbar locator on colorbar
17:55:40,258 matplotlib.colorbar DEBUG locator: <matplotlib.ticker.MaxNLocator object at 0x000001B55EDF24E0>
17:55:40,258 matplotlib.colorbar DEBUG Setting pcolormesh
17:55:40,277 matplotlib.axes._base DEBUG update_title_pos
17:55:40,287 matplotlib.font_manager DEBUG findfont: Matching :family=sans-serif:style=normal:variant=normal:weight=normal:stretch=normal:size=11.0 to Arial ('C:\\WINDOWS\\Fonts\\arial.ttf') with score of 0.050000.
17:55:40,321 matplotlib.axes._base DEBUG update_title_pos
17:55:40,338 matplotlib.font_manager DEBUG findfont: Matching :family=sans-serif:style=normal:variant=normal:weight=normal:stretch=normal:size=12.0 to Arial ('C:\\WINDOWS\\Fonts\\arial.ttf') with score of 0.050000.
17:55:40,347 matplotlib.axes._base DEBUG update_title_pos
17:55:40,375 matplotlib.font_manager DEBUG findfont: Matching :family=sans-serif:style=normal:variant=normal:weight=normal:stretch=normal:size=20.0 to Arial ('C:\\WINDOWS\\Fonts\\arial.ttf') with score of 0.050000.
17:55:40,378 matplotlib.axes._base DEBUG update_title_pos
