08:44:22,680 root INFO Running NID framework
08:44:22,696 NID_LOG INFO Fold num: 0
08:44:26,346 NID_LOG INFO Initialized
08:44:55,695 NID_LOG INFO Epoch: 50
08:44:55,695 NID_LOG INFO 	learning rate:0.00080994656
08:44:56,99 NID_LOG INFO 	train acc:0.9825625 validation acc:0.9495
08:45:23,848 NID_LOG INFO Epoch: 100
08:45:23,849 NID_LOG INFO 	learning rate:6.232128e-05
08:45:24,342 NID_LOG INFO 	train acc:0.9925625 validation acc:0.958
08:45:52,164 NID_LOG INFO Epoch: 150
08:45:52,164 NID_LOG INFO 	learning rate:4.7953063e-06
08:45:52,697 NID_LOG INFO 	train acc:0.992875 validation acc:0.958
08:46:23,242 NID_LOG INFO Epoch: 200
08:46:23,242 NID_LOG INFO 	learning rate:3.689745e-07
08:46:23,806 NID_LOG INFO 	train acc:0.992875 validation acc:0.958
08:46:29,18 NID_LOG INFO 	train (1-auc):1.2278556823730469e-05
08:46:29,598 NID_LOG INFO 	validation (1-auc):0.001820683479309082
08:46:29,598 NID_LOG INFO Done fold running
08:46:29,700 NID_LOG INFO Higher-Order Interaction Ranking
[((13, 15), 5311.033507496154), ((9, 13), 4148.972412109375), ((5, 13), 3229.8045043945312), ((8, 11, 13, 15), 3170.76953125), ((2, 9), 3024.0779418945312), ((4, 13), 3023.8948974609375), ((8, 11, 12, 13, 15), 2737.7452392578125), ((15, 16), 2419.8194885254397), ((8, 9, 13), 2376.4355468750164), ((6, 8, 9, 13), 2211.713134765625), ((8, 9, 15), 2081.6613159179688), ((6, 7, 8, 9, 13), 1835.6702880859375), ((4, 6, 12, 13), 1813.3279418945312), ((6, 7, 8, 9, 13, 15), 1805.376220703125), ((2, 4, 9), 1722.7060546875), ((4, 9, 13), 1636.2364501953125), ((5, 6, 7, 8, 9, 13, 15), 1543.7110595703125), ((1, 12), 1481.113647460963), ((1, 5, 13), 1473.631591796875), ((4, 9, 10, 13), 1439.00927734375), ((1, 8, 11, 12, 13, 15), 1420.844970703125), ((8, 10), 1393.9753417968996), ((8, 14), 1326.009033203125), ((1, 5, 12), 1318.32568359375), ((6, 8, 14), 1283.7530517578125), ((5, 11, 15), 1251.006103515625), ((1, 2, 3, 4, 5, 6, 7, 8, 9, 10, 11, 12, 13, 14, 15, 16), 1240.5432918128458)]
08:46:29,707 NID_LOG INFO Pairwise Interaction Ranking
[((8, 15), 22497.074), ((13, 15), 22335.668), ((8, 13), 19720.115), ((11, 15), 19204.86), ((8, 9), 18550.096), ((8, 11), 18166.709), ((9, 15), 18083.857), ((9, 13), 17387.408), ((15, 16), 17344.14), ((8, 16), 17009.174), ((11, 13), 16597.016), ((5, 15), 16518.523), ((6, 8), 16325.988), ((5, 9), 16319.475), ((5, 8), 16272.02), ((5, 13), 15996.972), ((6, 15), 15877.301), ((5, 11), 15834.788), ((11, 12), 15643.744), ((12, 13), 15566.551), ((13, 16), 15547.331), ((6, 13), 15545.089), ((12, 15), 15470.152), ((8, 12), 14911.06), ((7, 15), 14652.449), ((2, 11), 14647.889), ((1, 8), 14557.043), ((4, 11), 14453.063), ((2, 15), 14446.435), ((6, 9), 14426.119), ((1, 5), 14421.761), ((9, 11), 14330.093), ((2, 4), 14295.455), ((14, 15), 14275.802), ((8, 10), 14221.792), ((2, 9), 14180.719), ((6, 16), 14098.037), ((9, 16), 14052.737), ((9, 10), 14051.301), ((2, 8), 14000.878), ((4, 9), 13965.287), ((10, 13), 13932.921), ((5, 16), 13932.1875), ((13, 14), 13917.935), ((10, 15), 13863.048), ((2, 5), 13855.43), ((11, 16), 13850.025), ((7, 8), 13746.607), ((1, 15), 13731.481), ((4, 13), 13622.441), ((8, 14), 13322.679), ((7, 9), 13099.555), ((11, 14), 13043.623), ((7, 13), 12969.133), ((1, 11), 12961.349), ((5, 6), 12960.471), ((2, 13), 12944.802), ((1, 13), 12904.79), ((10, 11), 12753.434), ((12, 16), 12664.5205), ((6, 12), 12566.664), ((2, 16), 12527.339), ((2, 10), 12492.872), ((7, 11), 12476.998), ((4, 10), 12405.9375), ((9, 12), 12360.363), ((4, 16), 12350.594), ((10, 16), 12232.457), ((4, 8), 12196.354), ((5, 12), 12191.467), ((2, 12), 12082.199), ((4, 12), 12053.506), ((4, 15), 12006.949), ((5, 10), 11953.008), ((14, 16), 11889.5625), ((6, 11), 11825.6), ((10, 12), 11719.494), ((6, 10), 11708.391), ((7, 16), 11582.422), ((9, 14), 11544.84), ((1, 2), 11539.562), ((4, 5), 11498.231), ((1, 9), 11437.73), ((5, 14), 11426.975), ((2, 14), 11351.109), ((3, 11), 11258.875), ((6, 7), 11217.126), ((1, 12), 11192.45), ((12, 14), 11188.686), ((3, 15), 11152.054), ((3, 5), 11030.845), ((7, 12), 11018.908), ((2, 3), 11018.896), ((3, 8), 10963.182), ((1, 10), 10942.918), ((1, 16), 10921.033), ((5, 7), 10913.484), ((2, 6), 10864.315), ((1, 6), 10702.03), ((10, 14), 10662.178), ((6, 14), 10625.929), ((2, 7), 10523.199), ((3, 16), 10465.242), ((3, 9), 10325.938), ((4, 6), 10292.318), ((3, 13), 10046.373), ((1, 7), 9990.469), ((7, 10), 9806.609), ((7, 14), 9768.611), ((1, 14), 9631.414), ((3, 4), 9619.684), ((4, 14), 9561.4375), ((4, 7), 9513.255), ((3, 10), 9477.591), ((3, 14), 9446.121), ((3, 6), 9445.645), ((1, 4), 9440.135), ((3, 12), 9326.137), ((3, 7), 9293.244), ((1, 3), 8449.576)]
08:46:29,750 NID_LOG INFO Cuttof process started
08:46:35,8 NID_LOG INFO Initialized
08:46:39,478 NID_LOG INFO Epoch: 50
08:46:39,478 NID_LOG INFO 	learning rate:0.00080994656
08:46:40,42 NID_LOG INFO 	validation acc:0.795 test acc:0.735
08:46:42,979 NID_LOG INFO Epoch: 100
08:46:42,980 NID_LOG INFO 	learning rate:6.232128e-05
08:46:43,470 NID_LOG INFO 	validation acc:0.7955 test acc:0.7405
08:46:46,200 NID_LOG INFO Epoch: 150
08:46:46,200 NID_LOG INFO 	learning rate:4.7953063e-06
08:46:46,661 NID_LOG INFO 	validation acc:0.7975 test acc:0.7405
08:46:49,446 NID_LOG INFO Epoch: 200
08:46:49,446 NID_LOG INFO 	learning rate:3.689745e-07
08:46:49,905 NID_LOG INFO 	validation acc:0.7975 test acc:0.7405
08:46:51,67 NID_LOG INFO 	validation (1-auc):0.015771925449371338
08:46:51,700 NID_LOG INFO 	test (1-auc):0.032239675521850586
08:46:51,701 NID_LOG INFO Done fold running
08:46:51,939 NID_LOG INFO 0: ((13, 15), 5311.033507496154)
08:46:58,607 NID_LOG INFO Initialized
08:47:03,319 NID_LOG INFO Epoch: 50
08:47:03,319 NID_LOG INFO 	learning rate:0.00080994656
08:47:03,948 NID_LOG INFO 	validation acc:0.8465 test acc:0.791
08:47:06,991 NID_LOG INFO Epoch: 100
08:47:06,992 NID_LOG INFO 	learning rate:6.232128e-05
08:47:07,523 NID_LOG INFO 	validation acc:0.854 test acc:0.792
08:47:10,618 NID_LOG INFO Epoch: 150
08:47:10,618 NID_LOG INFO 	learning rate:4.7953063e-06
08:47:11,204 NID_LOG INFO 	validation acc:0.854 test acc:0.7915
08:47:14,153 NID_LOG INFO Epoch: 200
08:47:14,153 NID_LOG INFO 	learning rate:3.689745e-07
08:47:14,748 NID_LOG INFO 	validation acc:0.854 test acc:0.792
08:47:16,392 NID_LOG INFO 	validation (1-auc):0.008226752281188965
08:47:17,171 NID_LOG INFO 	test (1-auc):0.022534668445587158
08:47:17,172 NID_LOG INFO Done fold running
08:47:17,516 NID_LOG INFO 1: ((9, 13), 4148.972412109375)
08:47:25,495 NID_LOG INFO Initialized
08:47:30,451 NID_LOG INFO Epoch: 50
08:47:30,451 NID_LOG INFO 	learning rate:0.00080994656
08:47:31,235 NID_LOG INFO 	validation acc:0.8445 test acc:0.7855
08:47:34,475 NID_LOG INFO Epoch: 100
08:47:34,475 NID_LOG INFO 	learning rate:6.232128e-05
08:47:35,289 NID_LOG INFO 	validation acc:0.8545 test acc:0.7935
08:47:38,272 NID_LOG INFO Epoch: 150
08:47:38,272 NID_LOG INFO 	learning rate:4.7953063e-06
08:47:39,23 NID_LOG INFO 	validation acc:0.855 test acc:0.792
08:47:41,957 NID_LOG INFO Epoch: 200
08:47:41,957 NID_LOG INFO 	learning rate:3.689745e-07
08:47:42,752 NID_LOG INFO 	validation acc:0.855 test acc:0.792
08:47:44,339 NID_LOG INFO 	validation (1-auc):0.009772300720214844
08:47:45,203 NID_LOG INFO 	test (1-auc):0.024047911167144775
08:47:45,203 NID_LOG INFO Done fold running
08:47:45,678 NID_LOG INFO 2: ((5, 13), 3229.8045043945312)
08:47:54,821 NID_LOG INFO Initialized
08:48:00,896 NID_LOG INFO Epoch: 50
08:48:00,896 NID_LOG INFO 	learning rate:0.00080994656
08:48:02,41 NID_LOG INFO 	validation acc:0.8485 test acc:0.775
08:48:05,759 NID_LOG INFO Epoch: 100
08:48:05,760 NID_LOG INFO 	learning rate:6.232128e-05
08:48:06,915 NID_LOG INFO 	validation acc:0.855 test acc:0.7745
08:48:10,596 NID_LOG INFO Epoch: 150
08:48:10,596 NID_LOG INFO 	learning rate:4.7953063e-06
08:48:11,759 NID_LOG INFO 	validation acc:0.856 test acc:0.775
08:48:15,361 NID_LOG INFO Epoch: 200
08:48:15,361 NID_LOG INFO 	learning rate:3.689745e-07
08:48:16,531 NID_LOG INFO 	validation acc:0.856 test acc:0.7755
08:48:18,892 NID_LOG INFO 	validation (1-auc):0.009235858917236328
08:48:20,146 NID_LOG INFO 	test (1-auc):0.02630060911178589
08:48:20,146 NID_LOG INFO Done fold running
08:48:20,791 NID_LOG INFO 3: ((8, 11, 13, 15), 3170.76953125)
08:48:34,152 NID_LOG INFO Initialized
08:48:40,901 NID_LOG INFO Epoch: 50
08:48:40,901 NID_LOG INFO 	learning rate:0.00080994656
08:48:42,418 NID_LOG INFO 	validation acc:0.847 test acc:0.7915
08:48:46,197 NID_LOG INFO Epoch: 100
08:48:46,197 NID_LOG INFO 	learning rate:6.232128e-05
08:48:47,656 NID_LOG INFO 	validation acc:0.8525 test acc:0.7925
08:48:51,568 NID_LOG INFO Epoch: 150
08:48:51,568 NID_LOG INFO 	learning rate:4.7953063e-06
08:48:53,176 NID_LOG INFO 	validation acc:0.8535 test acc:0.7905
08:48:57,211 NID_LOG INFO Epoch: 200
08:48:57,212 NID_LOG INFO 	learning rate:3.689745e-07
08:48:58,672 NID_LOG INFO 	validation acc:0.853 test acc:0.79
08:49:01,396 NID_LOG INFO 	validation (1-auc):0.00787055492401123
08:49:02,998 NID_LOG INFO 	test (1-auc):0.02253025770187378
08:49:02,998 NID_LOG INFO Done fold running
08:49:03,828 NID_LOG INFO 4: ((2, 9), 3024.0779418945312)
08:49:19,447 NID_LOG INFO Initialized
08:49:26,690 NID_LOG INFO Epoch: 50
08:49:26,691 NID_LOG INFO 	learning rate:0.00080994656
08:49:28,511 NID_LOG INFO 	validation acc:0.8695 test acc:0.803
08:49:32,557 NID_LOG INFO Epoch: 100
08:49:32,557 NID_LOG INFO 	learning rate:6.232128e-05
08:49:34,451 NID_LOG INFO 	validation acc:0.877 test acc:0.801
08:49:38,400 NID_LOG INFO Epoch: 150
08:49:38,400 NID_LOG INFO 	learning rate:4.7953063e-06
08:49:40,135 NID_LOG INFO 	validation acc:0.878 test acc:0.8005
08:49:44,99 NID_LOG INFO Epoch: 200
08:49:44,99 NID_LOG INFO 	learning rate:3.689745e-07
08:49:45,849 NID_LOG INFO 	validation acc:0.878 test acc:0.8005
08:49:49,23 NID_LOG INFO 	validation (1-auc):0.005756974220275879
08:49:50,814 NID_LOG INFO 	test (1-auc):0.02354210615158081
08:49:50,815 NID_LOG INFO Done fold running
08:49:51,734 NID_LOG INFO 5: ((4, 13), 3023.8948974609375)
08:50:08,818 NID_LOG INFO Initialized
08:50:16,639 NID_LOG INFO Epoch: 50
08:50:16,640 NID_LOG INFO 	learning rate:0.00080994656
08:50:18,803 NID_LOG INFO 	validation acc:0.8755 test acc:0.7945
08:50:22,998 NID_LOG INFO Epoch: 100
08:50:22,998 NID_LOG INFO 	learning rate:6.232128e-05
08:50:25,328 NID_LOG INFO 	validation acc:0.881 test acc:0.8
08:50:30,24 NID_LOG INFO Epoch: 150
08:50:30,24 NID_LOG INFO 	learning rate:4.7953063e-06
08:50:32,170 NID_LOG INFO 	validation acc:0.881 test acc:0.801
08:50:36,404 NID_LOG INFO Epoch: 200
08:50:36,405 NID_LOG INFO 	learning rate:3.689745e-07
08:50:38,762 NID_LOG INFO 	validation acc:0.881 test acc:0.801
08:50:42,110 NID_LOG INFO 	validation (1-auc):0.005308091640472412
08:50:44,4 NID_LOG INFO 	test (1-auc):0.02353721857070923
08:50:44,4 NID_LOG INFO Done fold running
08:50:44,981 NID_LOG INFO 6: ((8, 11, 12, 13, 15), 2737.7452392578125)
08:51:03,38 NID_LOG INFO Initialized
08:51:11,529 NID_LOG INFO Epoch: 50
08:51:11,530 NID_LOG INFO 	learning rate:0.00080994656
08:51:14,258 NID_LOG INFO 	validation acc:0.875 test acc:0.7875
08:51:18,858 NID_LOG INFO Epoch: 100
08:51:18,858 NID_LOG INFO 	learning rate:6.232128e-05
08:51:21,552 NID_LOG INFO 	validation acc:0.8855 test acc:0.797
08:51:26,106 NID_LOG INFO Epoch: 150
08:51:26,107 NID_LOG INFO 	learning rate:4.7953063e-06
08:51:28,806 NID_LOG INFO 	validation acc:0.8845 test acc:0.795
08:51:33,289 NID_LOG INFO Epoch: 200
08:51:33,289 NID_LOG INFO 	learning rate:3.689745e-07
08:51:36,32 NID_LOG INFO 	validation acc:0.8845 test acc:0.7955
08:51:40,446 NID_LOG INFO 	validation (1-auc):0.00736391544342041
08:51:43,252 NID_LOG INFO 	test (1-auc):0.022598445415496826
08:51:43,252 NID_LOG INFO Done fold running
08:51:44,586 NID_LOG INFO 7: ((15, 16), 2419.8194885254397)
08:52:04,128 NID_LOG INFO Initialized
08:52:12,731 NID_LOG INFO Epoch: 50
08:52:12,731 NID_LOG INFO 	learning rate:0.00080994656
08:52:15,367 NID_LOG INFO 	validation acc:0.878 test acc:0.8005
08:52:19,276 NID_LOG INFO Epoch: 100
08:52:19,276 NID_LOG INFO 	learning rate:6.232128e-05
08:52:21,859 NID_LOG INFO 	validation acc:0.892 test acc:0.8105
08:52:25,946 NID_LOG INFO Epoch: 150
08:52:25,947 NID_LOG INFO 	learning rate:4.7953063e-06
08:52:28,629 NID_LOG INFO 	validation acc:0.894 test acc:0.8085
08:52:32,704 NID_LOG INFO Epoch: 200
08:52:32,705 NID_LOG INFO 	learning rate:3.689745e-07
08:52:35,328 NID_LOG INFO 	validation acc:0.8935 test acc:0.8085
08:52:40,56 NID_LOG INFO 	validation (1-auc):0.004333436489105225
08:52:43,173 NID_LOG INFO 	test (1-auc):0.022008001804351807
08:52:43,173 NID_LOG INFO Done fold running
08:52:45,98 NID_LOG INFO 8: ((8, 9, 13), 2376.4355468750164)
08:53:11,15 NID_LOG INFO Initialized
08:53:21,399 NID_LOG INFO Epoch: 50
08:53:21,399 NID_LOG INFO 	learning rate:0.00080994656
08:53:24,760 NID_LOG INFO 	validation acc:0.9005 test acc:0.8055
08:53:29,573 NID_LOG INFO Epoch: 100
08:53:29,573 NID_LOG INFO 	learning rate:6.232128e-05
08:53:33,208 NID_LOG INFO 	validation acc:0.9105 test acc:0.803
08:53:37,669 NID_LOG INFO Epoch: 150
08:53:37,669 NID_LOG INFO 	learning rate:4.7953063e-06
08:53:41,639 NID_LOG INFO 	validation acc:0.9115 test acc:0.8045
08:53:46,485 NID_LOG INFO Epoch: 200
08:53:46,486 NID_LOG INFO 	learning rate:3.689745e-07
08:53:49,996 NID_LOG INFO 	validation acc:0.9115 test acc:0.8045
08:53:54,907 NID_LOG INFO 	validation (1-auc):0.0026416778564453125
08:53:58,536 NID_LOG INFO 	test (1-auc):0.022593140602111816
08:53:58,536 NID_LOG INFO Done fold running
08:54:00,44 NID_LOG INFO 9: ((6, 8, 9, 13), 2211.713134765625)
08:54:25,579 NID_LOG INFO Initialized
08:54:35,915 NID_LOG INFO Epoch: 50
08:54:35,916 NID_LOG INFO 	learning rate:0.00080994656
08:54:40,528 NID_LOG INFO 	validation acc:0.8995 test acc:0.81
08:54:44,944 NID_LOG INFO Epoch: 100
08:54:44,944 NID_LOG INFO 	learning rate:6.232128e-05
08:54:48,855 NID_LOG INFO 	validation acc:0.908 test acc:0.814
08:54:53,454 NID_LOG INFO Epoch: 150
08:54:53,454 NID_LOG INFO 	learning rate:4.7953063e-06
08:54:57,328 NID_LOG INFO 	validation acc:0.909 test acc:0.814
08:55:01,985 NID_LOG INFO Epoch: 200
08:55:01,985 NID_LOG INFO 	learning rate:3.689745e-07
08:55:05,744 NID_LOG INFO 	validation acc:0.9095 test acc:0.814
08:55:11,522 NID_LOG INFO 	validation (1-auc):0.0027481913566589355
08:55:15,766 NID_LOG INFO 	test (1-auc):0.02127206325531006
08:55:15,766 NID_LOG INFO Done fold running
08:55:17,856 NID_LOG INFO 10: ((8, 9, 15), 2081.6613159179688)
08:55:44,820 NID_LOG INFO Initialized
08:55:55,967 NID_LOG INFO Epoch: 50
08:55:55,967 NID_LOG INFO 	learning rate:0.00080994656
08:56:00,489 NID_LOG INFO 	validation acc:0.8695 test acc:0.7905
08:56:05,40 NID_LOG INFO Epoch: 100
08:56:05,41 NID_LOG INFO 	learning rate:6.232128e-05
08:56:09,648 NID_LOG INFO 	validation acc:0.883 test acc:0.795
08:56:14,302 NID_LOG INFO Epoch: 150
08:56:14,302 NID_LOG INFO 	learning rate:4.7953063e-06
08:56:19,98 NID_LOG INFO 	validation acc:0.883 test acc:0.7955
08:56:23,862 NID_LOG INFO Epoch: 200
08:56:23,863 NID_LOG INFO 	learning rate:3.689745e-07
08:56:28,414 NID_LOG INFO 	validation acc:0.883 test acc:0.796
08:56:35,273 NID_LOG INFO 	validation (1-auc):0.0046329498291015625
08:56:39,890 NID_LOG INFO 	test (1-auc):0.02169334888458252
08:56:39,891 NID_LOG INFO Done fold running
08:56:41,832 NID_LOG INFO 11: ((6, 7, 8, 9, 13), 1835.6702880859375)
08:57:12,932 NID_LOG INFO Initialized
08:57:26,595 NID_LOG INFO Epoch: 50
08:57:26,595 NID_LOG INFO 	learning rate:0.00080994656
08:57:33,256 NID_LOG INFO 	validation acc:0.9285 test acc:0.8265
08:57:38,791 NID_LOG INFO Epoch: 100
08:57:38,791 NID_LOG INFO 	learning rate:6.232128e-05
08:57:45,379 NID_LOG INFO 	validation acc:0.9405 test acc:0.8265
08:57:50,971 NID_LOG INFO Epoch: 150
08:57:50,972 NID_LOG INFO 	learning rate:4.7953063e-06
08:57:57,681 NID_LOG INFO 	validation acc:0.942 test acc:0.827
08:58:03,268 NID_LOG INFO Epoch: 200
08:58:03,269 NID_LOG INFO 	learning rate:3.689745e-07
08:58:10,13 NID_LOG INFO 	validation acc:0.942 test acc:0.827
08:58:19,403 NID_LOG INFO 	validation (1-auc):0.0020479559898376465
08:58:25,953 NID_LOG INFO 	test (1-auc):0.019855976104736328
08:58:25,953 NID_LOG INFO Done fold running
08:58:28,543 NID_LOG INFO 12: ((4, 6, 12, 13), 1813.3279418945312)
08:59:09,41 NID_LOG INFO Initialized
08:59:22,236 NID_LOG INFO Epoch: 50
08:59:22,237 NID_LOG INFO 	learning rate:0.00080994656
08:59:28,688 NID_LOG INFO 	validation acc:0.931 test acc:0.824
08:59:33,780 NID_LOG INFO Epoch: 100
08:59:33,780 NID_LOG INFO 	learning rate:6.232128e-05
08:59:40,145 NID_LOG INFO 	validation acc:0.939 test acc:0.823
08:59:45,182 NID_LOG INFO Epoch: 150
08:59:45,182 NID_LOG INFO 	learning rate:4.7953063e-06
08:59:51,530 NID_LOG INFO 	validation acc:0.9425 test acc:0.8235
08:59:56,725 NID_LOG INFO Epoch: 200
08:59:56,725 NID_LOG INFO 	learning rate:3.689745e-07
09:00:03,209 NID_LOG INFO 	validation acc:0.9425 test acc:0.8235
09:00:12,401 NID_LOG INFO 	validation (1-auc):0.0012605786323547363
09:00:18,794 NID_LOG INFO 	test (1-auc):0.022913753986358643
09:00:18,794 NID_LOG INFO Done fold running
09:00:20,420 NID_LOG INFO K-cutoff: 13 Error:0.022913753986358643
09:00:20,421 NID_LOG INFO Fold num: 1
09:01:06,154 NID_LOG INFO Initialized
09:01:53,320 NID_LOG INFO Epoch: 50
09:01:53,320 NID_LOG INFO 	learning rate:0.00080994656
09:02:02,920 NID_LOG INFO 	train acc:0.973125 validation acc:0.936
09:02:45,108 NID_LOG INFO Epoch: 100
09:02:45,108 NID_LOG INFO 	learning rate:6.232128e-05
09:02:53,817 NID_LOG INFO 	train acc:0.9830625 validation acc:0.943
09:03:34,974 NID_LOG INFO Epoch: 150
09:03:34,975 NID_LOG INFO 	learning rate:4.7953063e-06
09:03:43,779 NID_LOG INFO 	train acc:0.9836875 validation acc:0.943
09:04:25,729 NID_LOG INFO Epoch: 200
09:04:25,730 NID_LOG INFO 	learning rate:3.689745e-07
09:04:34,821 NID_LOG INFO 	train acc:0.9838125 validation acc:0.943
09:04:49,604 NID_LOG INFO 	train (1-auc):0.00017946958541870117
09:04:58,691 NID_LOG INFO 	validation (1-auc):0.003503084182739258
09:04:58,691 NID_LOG INFO Done fold running
09:05:00,134 NID_LOG INFO Higher-Order Interaction Ranking
[((13, 15), 3269.7165527344), ((1, 5), 2688.2392578125223), ((1, 2, 5), 2401.745849609375), ((8, 13), 2253.853820800795), ((1, 2, 5, 11), 2042.6251220703125), ((4, 15), 2038.0581665039235), ((5, 13), 2017.5149536132951), ((1, 8), 1963.5184020996094), ((8, 15), 1836.9923706054688), ((1, 2, 5, 9, 11), 1832.006591796875), ((9, 15), 1770.2457275391162), ((9, 15, 16), 1729.827392578125), ((6, 8, 13), 1683.635009765625), ((1, 2, 4, 5, 9, 11), 1636.956298828125), ((6, 15), 1480.8957519531734), ((13, 15, 16), 1363.9240417480469), ((4, 14, 15), 1294.348876953125), ((5, 12), 1279.7453613281511), ((8, 11), 1268.9717102051072), ((4, 5, 14, 15), 1251.740966796875), ((1, 5, 13), 1225.8898925781375), ((4, 5, 9, 11, 15), 1212.9249877929688), ((1, 2, 4, 5, 9, 11, 13), 1207.9525146484375), ((2, 6, 15), 1206.283447265625), ((2, 4, 6, 15), 1171.3221435546875), ((3, 10), 1170.5203857421875), ((1, 6, 8), 1158.796630859375), ((6, 12, 13), 1157.6497802734375), ((1, 4, 6, 8), 1129.820068359375), ((1, 4, 6, 8, 14), 1119.1795654296875), ((9, 12), 1101.3479309082593), ((1, 4, 6, 8, 12, 14), 1085.063232421875), ((3, 10, 13), 1049.4005126953125), ((4, 5, 9, 10, 11, 14, 15), 1042.5022277832031), ((1, 2, 4, 5, 9, 11, 13, 15), 1025.1256103515625), ((3, 10, 13, 15), 1006.3963012695312), ((5, 12, 15), 992.4020385742356), ((2, 4, 6, 15, 16), 991.2267456054688), ((5, 11, 12, 15), 981.6918334960938), ((6, 9, 12, 13), 962.9894409179688), ((7, 14), 961.0394897460938), ((5, 8), 907.7639770507925), ((8, 15, 16), 902.1513977050781), ((1, 4, 6, 8, 12, 13, 14), 902.14697265625), ((5, 7, 14), 894.6552734375), ((1, 4, 5, 6, 8, 12, 13, 14), 892.2540893554688), ((7, 15), 891.2857055664062), ((1, 2, 4, 5, 6, 8, 12, 13, 14), 889.5310668945312), ((3, 10, 12, 13, 15), 878.886474609375), ((1, 2, 4, 5, 6, 8, 12, 13, 14, 15), 874.7632446289062), ((4, 6, 9, 13), 854.3798217773438), ((6, 7, 8, 13), 849.46923828125), ((9, 10, 15, 16), 805.6863403320312), ((3, 9, 10, 12, 13, 15), 797.0919189453125), ((1, 2, 3, 4, 5, 9, 11, 13, 15), 795.7584228515625), ((5, 7, 14, 15), 793.309814453125), ((5, 7, 13, 14, 15), 779.9028930664062), ((3, 9, 10, 11, 12, 13, 15), 777.6116943359375), ((6, 7, 8, 9, 13), 765.2875366210938), ((2, 4, 6, 9, 15, 16), 754.6104125976562), ((1, 2, 3, 4, 5, 8, 9, 11, 13, 15), 746.973876953125), ((4, 5, 6, 9, 13), 742.9060668945312), ((11, 13, 15, 16), 741.072998046875), ((4, 5, 6, 9, 10, 11, 14, 15), 740.9989013671875), ((1, 2, 3, 4, 5, 8, 9, 11, 13, 15, 16), 729.2275390625), ((5, 11, 12, 14, 15), 715.5106201171875), ((2, 4, 6, 9, 13, 15, 16), 710.96923828125), ((4, 5, 7, 13, 14, 15), 708.3778686523438), ((1, 2, 3, 4, 5, 6, 7, 8, 9, 10, 11, 12, 13, 14, 15, 16), 701.0781524669916)]
09:05:00,143 NID_LOG INFO Pairwise Interaction Ranking
[((13, 15), 15929.908), ((5, 15), 14883.426), ((11, 15), 14756.152), ((9, 15), 14581.6045), ((5, 11), 13845.467), ((1, 5), 13641.638), ((5, 13), 13180.03), ((9, 11), 13039.145), ((9, 13), 12680.789), ((5, 9), 12640.558), ((15, 16), 12308.529), ((11, 13), 12051.526), ((8, 15), 12019.898), ((4, 15), 11850.684), ((14, 15), 11741.184), ((4, 5), 11671.596), ((1, 15), 11275.74), ((1, 13), 11076.456), ((1, 11), 10972.889), ((5, 14), 10802.393), ((8, 13), 10768.395), ((3, 15), 10611.63), ((6, 13), 10579.897), ((4, 9), 10554.351), ((10, 15), 10502.329), ((1, 9), 10446.518), ((12, 15), 10404.054), ((13, 16), 10307.618), ((6, 9), 10273.091), ((8, 11), 10205.465), ((4, 11), 10174.354), ((5, 8), 10121.498), ((4, 13), 10112.953), ((6, 15), 10094.04), ((5, 12), 10074.235), ((1, 8), 9984.032), ((2, 5), 9869.284), ((9, 16), 9775.255), ((1, 2), 9767.499), ((10, 13), 9765.861), ((13, 14), 9493.643), ((11, 14), 9425.381), ((5, 16), 9418.378), ((12, 13), 9411.991), ((9, 12), 9401.119), ((1, 4), 9367.843), ((11, 12), 9321.309), ((9, 14), 9258.373), ((9, 10), 9221.981), ((1, 16), 9205.512), ((5, 10), 9185.43), ((2, 13), 9043.839), ((2, 15), 8975.756), ((3, 13), 8906.672), ((2, 11), 8874.838), ((12, 14), 8843.289), ((5, 6), 8747.457), ((4, 14), 8746.403), ((2, 9), 8729.442), ((8, 9), 8729.15), ((1, 14), 8721.463), ((3, 11), 8689.507), ((3, 9), 8608.65), ((3, 5), 8605.415), ((10, 11), 8572.096), ((8, 16), 8406.261), ((14, 16), 8352.847), ((4, 6), 8333.078), ((1, 12), 8305.163), ((10, 14), 8298.404), ((6, 8), 8281.654), ((2, 4), 8213.714), ((1, 6), 8211.018), ((11, 16), 8176.9814), ((6, 11), 8161.3877), ((8, 12), 8160.7266), ((10, 16), 8111.234), ((1, 10), 8107.892), ((7, 15), 8033.2227), ((6, 12), 8029.8555), ((3, 8), 7997.333), ((8, 14), 7832.214), ((6, 14), 7715.332), ((3, 10), 7591.6353), ((4, 10), 7555.8237), ((6, 10), 7433.619), ((2, 6), 7316.475), ((4, 12), 7255.588), ((8, 10), 7235.4736), ((2, 14), 7225.1694), ((7, 13), 7219.4087), ((2, 8), 7208.4946), ((1, 3), 7156.0576), ((10, 12), 7107.091), ((4, 8), 7106.392), ((7, 9), 7094.8223), ((4, 16), 7086.152), ((3, 16), 6978.027), ((2, 16), 6954.43), ((3, 12), 6925.5303), ((6, 16), 6901.582), ((12, 16), 6887.102), ((3, 14), 6792.7188), ((2, 10), 6620.741), ((5, 7), 6463.0034), ((7, 11), 6284.474), ((7, 8), 6277.619), ((2, 12), 6224.373), ((3, 7), 6087.3535), ((1, 7), 5875.797), ((3, 4), 5648.562), ((2, 3), 5628.154), ((7, 16), 5587.189), ((6, 7), 5582.44), ((7, 14), 5507.707), ((3, 6), 5475.878), ((7, 10), 5229.943), ((4, 7), 5055.5615), ((7, 12), 4969.6943), ((2, 7), 4531.1187)]
09:05:01,740 NID_LOG INFO Cuttof process started
09:05:46,441 NID_LOG INFO Initialized
09:06:00,921 NID_LOG INFO Epoch: 50
09:06:00,921 NID_LOG INFO 	learning rate:0.00080994656
09:06:09,21 NID_LOG INFO 	validation acc:0.836 test acc:0.788
09:06:12,735 NID_LOG INFO Epoch: 100
09:06:12,735 NID_LOG INFO 	learning rate:6.232128e-05
09:06:22,367 NID_LOG INFO 	validation acc:0.84 test acc:0.79
09:06:26,316 NID_LOG INFO Epoch: 150
09:06:26,316 NID_LOG INFO 	learning rate:4.7953063e-06
09:06:34,42 NID_LOG INFO 	validation acc:0.84 test acc:0.7865
09:06:37,665 NID_LOG INFO Epoch: 200
09:06:37,666 NID_LOG INFO 	learning rate:3.689745e-07
09:06:45,645 NID_LOG INFO 	validation acc:0.84 test acc:0.7865
09:06:56,475 NID_LOG INFO 	validation (1-auc):0.011067509651184082
09:07:04,707 NID_LOG INFO 	test (1-auc):0.022828102111816406
09:07:04,708 NID_LOG INFO Done fold running
09:07:06,269 NID_LOG INFO 0: ((13, 15), 3269.7165527344)
09:07:44,512 NID_LOG INFO Initialized
09:07:58,377 NID_LOG INFO Epoch: 50
09:07:58,377 NID_LOG INFO 	learning rate:0.00080994656
09:08:07,529 NID_LOG INFO 	validation acc:0.8415 test acc:0.796
09:08:11,424 NID_LOG INFO Epoch: 100
09:08:11,424 NID_LOG INFO 	learning rate:6.232128e-05
09:08:21,913 NID_LOG INFO 	validation acc:0.8445 test acc:0.789
09:08:26,317 NID_LOG INFO Epoch: 150
09:08:26,317 NID_LOG INFO 	learning rate:4.7953063e-06
09:08:37,742 NID_LOG INFO 	validation acc:0.844 test acc:0.7885
09:08:42,198 NID_LOG INFO Epoch: 200
09:08:42,198 NID_LOG INFO 	learning rate:3.689745e-07
09:08:53,307 NID_LOG INFO 	validation acc:0.844 test acc:0.7885
09:09:09,369 NID_LOG INFO 	validation (1-auc):0.009453237056732178
09:09:20,913 NID_LOG INFO 	test (1-auc):0.020433366298675537
09:09:20,913 NID_LOG INFO Done fold running
09:09:23,176 NID_LOG INFO 1: ((1, 5), 2688.2392578125223)
09:10:16,490 NID_LOG INFO Initialized
09:10:33,827 NID_LOG INFO Epoch: 50
09:10:33,827 NID_LOG INFO 	learning rate:0.00080994656
09:10:44,430 NID_LOG INFO 	validation acc:0.852 test acc:0.7885
09:10:48,434 NID_LOG INFO Epoch: 100
09:10:48,435 NID_LOG INFO 	learning rate:6.232128e-05
09:10:59,256 NID_LOG INFO 	validation acc:0.859 test acc:0.7905
09:11:03,511 NID_LOG INFO Epoch: 150
09:11:03,513 NID_LOG INFO 	learning rate:4.7953063e-06
09:11:16,545 NID_LOG INFO 	validation acc:0.86 test acc:0.7895
09:11:21,288 NID_LOG INFO Epoch: 200
09:11:21,288 NID_LOG INFO 	learning rate:3.689745e-07
09:11:34,43 NID_LOG INFO 	validation acc:0.86 test acc:0.7895
09:11:50,988 NID_LOG INFO 	validation (1-auc):0.008998632431030273
09:12:03,855 NID_LOG INFO 	test (1-auc):0.0230218768119812
09:12:03,855 NID_LOG INFO Done fold running
09:12:06,295 NID_LOG INFO 2: ((1, 2, 5), 2401.745849609375)
09:13:02,520 NID_LOG INFO Initialized
09:13:22,339 NID_LOG INFO Epoch: 50
09:13:22,339 NID_LOG INFO 	learning rate:0.00080994656
09:13:37,834 NID_LOG INFO 	validation acc:0.857 test acc:0.799
09:13:42,712 NID_LOG INFO Epoch: 100
09:13:42,712 NID_LOG INFO 	learning rate:6.232128e-05
09:13:57,969 NID_LOG INFO 	validation acc:0.8685 test acc:0.8005
09:14:02,915 NID_LOG INFO Epoch: 150
09:14:02,915 NID_LOG INFO 	learning rate:4.7953063e-06
09:14:17,471 NID_LOG INFO 	validation acc:0.869 test acc:0.801
09:14:22,464 NID_LOG INFO Epoch: 200
09:14:22,464 NID_LOG INFO 	learning rate:3.689745e-07
09:14:37,375 NID_LOG INFO 	validation acc:0.869 test acc:0.801
09:14:56,124 NID_LOG INFO 	validation (1-auc):0.007787764072418213
09:15:10,798 NID_LOG INFO 	test (1-auc):0.023274540901184082
09:15:10,799 NID_LOG INFO Done fold running
09:15:13,599 NID_LOG INFO 3: ((8, 13), 2253.853820800795)
09:16:12,996 NID_LOG INFO Initialized
09:16:34,152 NID_LOG INFO Epoch: 50
09:16:34,152 NID_LOG INFO 	learning rate:0.00080994656
09:16:51,610 NID_LOG INFO 	validation acc:0.8535 test acc:0.7935
09:16:56,779 NID_LOG INFO Epoch: 100
09:16:56,780 NID_LOG INFO 	learning rate:6.232128e-05
09:17:16,140 NID_LOG INFO 	validation acc:0.864 test acc:0.7985
09:17:20,565 NID_LOG INFO Epoch: 150
09:17:20,565 NID_LOG INFO 	learning rate:4.7953063e-06
09:17:33,253 NID_LOG INFO 	validation acc:0.865 test acc:0.7965
09:17:37,571 NID_LOG INFO Epoch: 200
09:17:37,572 NID_LOG INFO 	learning rate:3.689745e-07
09:17:51,260 NID_LOG INFO 	validation acc:0.865 test acc:0.797
09:18:08,86 NID_LOG INFO 	validation (1-auc):0.008848726749420166
09:18:21,117 NID_LOG INFO 	test (1-auc):0.02245461940765381
09:18:21,117 NID_LOG INFO Done fold running
09:18:23,884 NID_LOG INFO 4: ((1, 2, 5, 11), 2042.6251220703125)
09:19:17,447 NID_LOG INFO Initialized
09:19:37,617 NID_LOG INFO Epoch: 50
09:19:37,617 NID_LOG INFO 	learning rate:0.00080994656
09:19:51,935 NID_LOG INFO 	validation acc:0.838 test acc:0.778
09:19:56,533 NID_LOG INFO Epoch: 100
09:19:56,534 NID_LOG INFO 	learning rate:6.232128e-05
09:20:10,909 NID_LOG INFO 	validation acc:0.845 test acc:0.7745
09:20:15,325 NID_LOG INFO Epoch: 150
09:20:15,325 NID_LOG INFO 	learning rate:4.7953063e-06
09:20:30,27 NID_LOG INFO 	validation acc:0.847 test acc:0.7735
09:20:34,691 NID_LOG INFO Epoch: 200
09:20:34,691 NID_LOG INFO 	learning rate:3.689745e-07
09:20:50,68 NID_LOG INFO 	validation acc:0.847 test acc:0.7735
09:21:13,490 NID_LOG INFO 	validation (1-auc):0.010234415531158447
09:21:33,152 NID_LOG INFO 	test (1-auc):0.02081477642059326
09:21:33,153 NID_LOG INFO Done fold running
09:21:37,245 NID_LOG INFO 5: ((4, 15), 2038.0581665039235)
09:22:47,438 NID_LOG INFO Initialized
09:23:14,44 NID_LOG INFO Epoch: 50
09:23:14,44 NID_LOG INFO 	learning rate:0.00080994656
09:23:34,276 NID_LOG INFO 	validation acc:0.853 test acc:0.7925
09:23:39,665 NID_LOG INFO Epoch: 100
09:23:39,665 NID_LOG INFO 	learning rate:6.232128e-05
09:24:00,46 NID_LOG INFO 	validation acc:0.862 test acc:0.795
09:24:05,547 NID_LOG INFO Epoch: 150
09:24:05,547 NID_LOG INFO 	learning rate:4.7953063e-06
09:24:25,86 NID_LOG INFO 	validation acc:0.8625 test acc:0.7945
09:24:30,558 NID_LOG INFO Epoch: 200
09:24:30,558 NID_LOG INFO 	learning rate:3.689745e-07
09:24:51,7 NID_LOG INFO 	validation acc:0.8625 test acc:0.7945
09:25:16,11 NID_LOG INFO 	validation (1-auc):0.00895458459854126
09:25:36,421 NID_LOG INFO 	test (1-auc):0.020115196704864502
09:25:36,421 NID_LOG INFO Done fold running
09:25:40,103 NID_LOG INFO 6: ((5, 13), 2017.5149536132951)
09:26:54,953 NID_LOG INFO Initialized
09:27:25,66 NID_LOG INFO Epoch: 50
09:27:25,66 NID_LOG INFO 	learning rate:0.00080994656
09:27:47,829 NID_LOG INFO 	validation acc:0.8655 test acc:0.809
09:27:52,928 NID_LOG INFO Epoch: 100
09:27:52,929 NID_LOG INFO 	learning rate:6.232128e-05
09:28:15,406 NID_LOG INFO 	validation acc:0.8765 test acc:0.8115
09:28:21,142 NID_LOG INFO Epoch: 150
09:28:21,142 NID_LOG INFO 	learning rate:4.7953063e-06
09:28:42,930 NID_LOG INFO 	validation acc:0.877 test acc:0.8105
09:28:48,624 NID_LOG INFO Epoch: 200
09:28:48,624 NID_LOG INFO 	learning rate:3.689745e-07
09:29:07,835 NID_LOG INFO 	validation acc:0.877 test acc:0.8105
09:29:31,236 NID_LOG INFO 	validation (1-auc):0.007165253162384033
09:29:50,221 NID_LOG INFO 	test (1-auc):0.021081089973449707
09:29:50,222 NID_LOG INFO Done fold running
09:29:54,34 NID_LOG INFO 7: ((1, 8), 1963.5184020996094)
09:31:15,707 NID_LOG INFO Initialized
09:31:46,736 NID_LOG INFO Epoch: 50
09:31:46,736 NID_LOG INFO 	learning rate:0.00080994656
09:32:11,691 NID_LOG INFO 	validation acc:0.8735 test acc:0.8045
09:32:17,502 NID_LOG INFO Epoch: 100
09:32:17,502 NID_LOG INFO 	learning rate:6.232128e-05
09:32:42,257 NID_LOG INFO 	validation acc:0.879 test acc:0.8
09:32:48,23 NID_LOG INFO Epoch: 150
09:32:48,23 NID_LOG INFO 	learning rate:4.7953063e-06
09:33:12,549 NID_LOG INFO 	validation acc:0.879 test acc:0.8005
09:33:18,514 NID_LOG INFO Epoch: 200
09:33:18,514 NID_LOG INFO 	learning rate:3.689745e-07
09:33:43,334 NID_LOG INFO 	validation acc:0.879 test acc:0.801
09:34:13,744 NID_LOG INFO 	validation (1-auc):0.006480813026428223
09:34:38,384 NID_LOG INFO 	test (1-auc):0.022886693477630615
09:34:38,384 NID_LOG INFO Done fold running
09:34:42,915 NID_LOG INFO 8: ((8, 15), 1836.9923706054688)
09:36:10,976 NID_LOG INFO Initialized
09:36:45,954 NID_LOG INFO Epoch: 50
09:36:45,955 NID_LOG INFO 	learning rate:0.00080994656
09:37:13,578 NID_LOG INFO 	validation acc:0.8775 test acc:0.799
09:37:19,572 NID_LOG INFO Epoch: 100
09:37:19,572 NID_LOG INFO 	learning rate:6.232128e-05
09:37:47,15 NID_LOG INFO 	validation acc:0.8845 test acc:0.797
09:37:53,31 NID_LOG INFO Epoch: 150
09:37:53,31 NID_LOG INFO 	learning rate:4.7953063e-06
09:38:20,837 NID_LOG INFO 	validation acc:0.8835 test acc:0.7965
09:38:27,17 NID_LOG INFO Epoch: 200
09:38:27,17 NID_LOG INFO 	learning rate:3.689745e-07
09:38:55,49 NID_LOG INFO 	validation acc:0.8835 test acc:0.7965
09:39:28,885 NID_LOG INFO 	validation (1-auc):0.0073705315589904785
09:39:56,456 NID_LOG INFO 	test (1-auc):0.02251911163330078
09:39:56,456 NID_LOG INFO Done fold running
09:40:01,354 NID_LOG INFO 9: ((1, 2, 5, 9, 11), 1832.006591796875)
09:41:37,636 NID_LOG INFO Initialized
09:42:16,335 NID_LOG INFO Epoch: 50
09:42:16,335 NID_LOG INFO 	learning rate:0.00080994656
09:42:47,229 NID_LOG INFO 	validation acc:0.865 test acc:0.802
09:42:53,693 NID_LOG INFO Epoch: 100
09:42:53,694 NID_LOG INFO 	learning rate:6.232128e-05
09:43:24,126 NID_LOG INFO 	validation acc:0.8775 test acc:0.8055
09:43:30,304 NID_LOG INFO Epoch: 150
09:43:30,304 NID_LOG INFO 	learning rate:4.7953063e-06
09:44:01,197 NID_LOG INFO 	validation acc:0.879 test acc:0.806
09:44:07,777 NID_LOG INFO Epoch: 200
09:44:07,777 NID_LOG INFO 	learning rate:3.689745e-07
09:44:38,283 NID_LOG INFO 	validation acc:0.879 test acc:0.806
09:45:15,955 NID_LOG INFO 	validation (1-auc):0.005563974380493164
09:45:46,975 NID_LOG INFO 	test (1-auc):0.01857703924179077
09:45:46,976 NID_LOG INFO Done fold running
09:45:54,373 NID_LOG INFO 10: ((9, 15), 1770.2457275391162)
09:47:39,828 NID_LOG INFO Initialized
09:48:23,182 NID_LOG INFO Epoch: 50
09:48:23,182 NID_LOG INFO 	learning rate:0.00080994656
09:48:57,538 NID_LOG INFO 	validation acc:0.871 test acc:0.8025
09:49:04,104 NID_LOG INFO Epoch: 100
09:49:04,105 NID_LOG INFO 	learning rate:6.232128e-05
09:49:40,276 NID_LOG INFO 	validation acc:0.876 test acc:0.802
09:49:46,595 NID_LOG INFO Epoch: 150
09:49:46,596 NID_LOG INFO 	learning rate:4.7953063e-06
09:50:20,84 NID_LOG INFO 	validation acc:0.8765 test acc:0.802
09:50:26,566 NID_LOG INFO Epoch: 200
09:50:26,566 NID_LOG INFO 	learning rate:3.689745e-07
09:51:00,81 NID_LOG INFO 	validation acc:0.8765 test acc:0.802
09:51:39,717 NID_LOG INFO 	validation (1-auc):0.005418062210083008
09:52:13,615 NID_LOG INFO 	test (1-auc):0.019750237464904785
09:52:13,615 NID_LOG INFO Done fold running
09:52:20,352 NID_LOG INFO 11: ((9, 15, 16), 1729.827392578125)
09:54:09,576 NID_LOG INFO Initialized
09:54:49,45 NID_LOG INFO Epoch: 50
09:54:49,45 NID_LOG INFO 	learning rate:0.00080994656
09:55:22,131 NID_LOG INFO 	validation acc:0.89 test acc:0.801
09:55:28,232 NID_LOG INFO Epoch: 100
09:55:28,233 NID_LOG INFO 	learning rate:6.232128e-05
09:56:00,320 NID_LOG INFO 	validation acc:0.8975 test acc:0.8025
09:56:06,575 NID_LOG INFO Epoch: 150
09:56:06,576 NID_LOG INFO 	learning rate:4.7953063e-06
09:56:38,36 NID_LOG INFO 	validation acc:0.898 test acc:0.803
09:56:44,499 NID_LOG INFO Epoch: 200
09:56:44,499 NID_LOG INFO 	learning rate:3.689745e-07
09:57:15,405 NID_LOG INFO 	validation acc:0.898 test acc:0.803
09:58:02,205 NID_LOG INFO 	validation (1-auc):0.004270017147064209
09:58:45,582 NID_LOG INFO 	test (1-auc):0.018793106079101562
09:58:45,582 NID_LOG INFO Done fold running
