20:10:53,831 root INFO Running NID framework
20:10:53,840 NID_LOG INFO Fold num: 0
20:10:57,281 NID_LOG INFO Initialized
20:11:14,607 NID_LOG INFO Epoch: 50
20:11:14,608 NID_LOG INFO 	learning rate:0.00080994656
20:11:14,899 NID_LOG INFO 	train acc:1.0 validation acc:1.0
20:11:31,947 NID_LOG INFO Epoch: 100
20:11:31,947 NID_LOG INFO 	learning rate:6.232128e-05
20:11:32,229 NID_LOG INFO 	train acc:1.0 validation acc:1.0
20:11:48,519 NID_LOG INFO Epoch: 150
20:11:48,519 NID_LOG INFO 	learning rate:4.7953063e-06
20:11:48,794 NID_LOG INFO 	train acc:1.0 validation acc:1.0
20:12:05,1 NID_LOG INFO Epoch: 200
20:12:05,1 NID_LOG INFO 	learning rate:3.689745e-07
20:12:05,281 NID_LOG INFO 	train acc:1.0 validation acc:1.0
20:12:05,888 NID_LOG INFO 	train (1-auc):0.005008816719055176
20:12:06,1 NID_LOG INFO 	validation (1-auc):0.011906623840332031
20:12:06,1 NID_LOG INFO Done fold running
20:12:06,71 NID_LOG INFO Higher-Order Interaction Ranking
[((9, 13), 57.66337013245439), ((13, 15), 53.98525810241729), ((8, 15), 37.02487373352144), ((9, 15), 27.15977859497106), ((8, 9, 11), 24.880454063415527), ((6, 13), 24.022192001342773), ((4, 9, 13), 22.854904174804688), ((5, 9), 22.7288818359375), ((6, 12, 13), 22.58843231201172), ((9, 11, 15), 20.852338790893555), ((4, 7, 9, 13), 20.589014053344727), ((4, 7, 9, 12, 13), 19.362995147705078), ((3, 4, 7, 9, 12, 13), 18.710002899169922), ((11, 13, 15), 18.649513244629286), ((1, 9), 18.31077003479004), ((3, 4, 7, 9, 11, 12, 13), 18.075664520263672), ((1, 3, 9), 17.46762466430664), ((3, 4, 7, 9, 11, 12, 13, 15), 17.350065231323242), ((11, 15, 16), 17.150848388672145), ((6, 12, 13, 16), 15.667891502380371), ((8, 10), 15.513341903686523), ((6, 12, 13, 15, 16), 15.365749359131039), ((8, 9, 11, 13), 14.997360229492188), ((8, 9, 11, 13, 15), 14.922076225280762), ((6, 8, 10), 14.80507850646993), ((1, 9, 11, 15), 14.61894702911377), ((5, 16), 14.60368919372578), ((3, 5, 13), 14.037188529968262), ((5, 13, 16), 14.017075538635254), ((3, 4, 7, 8, 9, 11, 12, 13, 15), 13.77515983581543), ((5, 9, 15), 13.418722152709961), ((1, 8, 9, 11, 15), 13.4148530960083), ((6, 9, 12, 13, 15, 16), 13.072142601013184), ((5, 9, 13, 16), 12.877293586730957), ((1, 8, 9, 10, 11, 15), 12.647333145141602), ((10, 11, 15, 16), 12.394532203674316), ((5, 9, 12, 15), 12.19265365600586), ((1, 5, 9, 12, 15), 12.118865013122559), ((6, 9, 10, 12, 13, 15, 16), 11.940524101257324), ((5, 8, 9, 11, 13, 15), 11.756903648376465), ((5, 9, 11, 13, 14, 15), 11.546978950500488), ((1, 6, 8, 10), 11.434627532958984), ((6, 7, 9, 10, 12, 13, 15, 16), 10.942957878112793), ((1, 9, 13), 10.867764472961426), ((4, 12, 14), 10.784435272216797), ((4, 12, 14, 16), 10.632575988769531), ((7, 10, 11, 15, 16), 10.384078025817871), ((1, 6, 8, 10, 11), 10.241064071655273), ((6, 7, 9, 10, 11, 12, 13, 15, 16), 10.078344345092773), ((1, 5, 9, 12, 14, 15), 10.076895713806152), ((3, 4, 6, 7, 8, 9, 11, 12, 13, 15), 9.792861938476562), ((5, 7, 9, 13, 16), 9.787114143371582), ((8, 15, 16), 9.762977600097656), ((3, 4, 5, 13), 9.704121589660645), ((1, 3, 5, 9, 12, 14, 15), 9.6742525100708), ((4, 10, 12, 14, 16), 9.497591018676758), ((3, 4, 5, 10, 13), 9.452574729919434), ((3, 4, 5, 9, 10, 13), 9.427522659301758), ((1, 2, 3, 4, 5, 6, 7, 8, 9, 10, 11, 12, 13, 14, 15, 16), 9.390596579528475)]
20:12:06,74 NID_LOG INFO Pairwise Interaction Ranking
[((11, 15), 148.75432), ((9, 15), 146.5596), ((13, 15), 143.13057), ((8, 15), 140.08919), ((9, 13), 139.0684), ((9, 11), 121.54322), ((12, 15), 116.11065), ((5, 9), 113.53734), ((7, 15), 112.673935), ((8, 11), 105.60327), ((14, 15), 102.66159), ((5, 15), 101.011444), ((11, 13), 97.49159), ((9, 12), 96.32783), ((5, 13), 96.097374), ((12, 13), 95.98892), ((6, 15), 94.889206), ((3, 9), 94.606346), ((15, 16), 93.2956), ((8, 9), 93.21472), ((6, 13), 92.78066), ((8, 12), 92.288574), ((4, 12), 91.31697), ((10, 15), 91.105576), ((6, 12), 90.39202), ((7, 13), 89.26576), ((7, 11), 88.25181), ((11, 12), 88.03688), ((9, 14), 87.64586), ((7, 12), 87.541954), ((6, 11), 87.06122), ((12, 14), 86.867294), ((4, 15), 85.82831), ((7, 8), 85.75489), ((3, 15), 85.36467), ((11, 14), 84.959076), ((8, 14), 84.5488), ((10, 11), 84.24685), ((7, 9), 84.19591), ((5, 11), 83.8497), ((3, 12), 83.284454), ((8, 10), 82.88431), ((5, 14), 82.1164), ((6, 9), 81.962166), ((1, 15), 81.78314), ((5, 12), 81.67206), ((3, 4), 80.92935), ((6, 8), 80.77388), ((6, 10), 80.527145), ((4, 9), 80.51439), ((4, 8), 80.49099), ((8, 13), 80.12599), ((3, 13), 79.80603), ((7, 16), 78.26041), ((4, 11), 78.04575), ((4, 13), 77.69542), ((1, 9), 77.236824), ((3, 5), 77.21241), ((5, 8), 76.67297), ((5, 6), 76.66138), ((5, 7), 75.613754), ((10, 12), 75.50224), ((6, 7), 75.22487), ((4, 7), 74.41989), ((9, 10), 73.73482), ((13, 14), 72.99956), ((6, 14), 72.93613), ((4, 14), 72.14837), ((1, 8), 71.804), ((11, 16), 71.307434), ((7, 10), 71.28522), ((3, 11), 70.69743), ((7, 14), 70.3298), ((12, 16), 70.3205), ((3, 14), 69.14238), ((10, 14), 68.93101), ((4, 5), 68.750015), ((5, 16), 68.6412), ((3, 8), 67.73837), ((8, 16), 67.42661), ((1, 12), 67.06789), ((4, 6), 66.804), ((1, 14), 66.77223), ((10, 16), 66.695656), ((4, 10), 65.04406), ((10, 13), 64.853935), ((1, 11), 64.073906), ((13, 16), 63.771736), ((3, 6), 63.505257), ((3, 7), 62.993767), ((5, 10), 62.867046), ((1, 10), 62.311527), ((1, 5), 61.641804), ((9, 16), 61.013084), ((6, 16), 60.04032), ((1, 6), 56.185497), ((3, 10), 56.051346), ((1, 3), 55.86794), ((14, 16), 54.987125), ((4, 16), 54.837578), ((1, 4), 53.935196), ((1, 16), 53.085484), ((1, 7), 49.854767), ((2, 12), 47.136177), ((1, 13), 46.934193), ((2, 15), 46.634087), ((2, 4), 46.20501), ((2, 8), 44.669548), ((2, 5), 43.68052), ((2, 14), 43.610466), ((3, 16), 42.734043), ((2, 6), 41.660133), ((2, 10), 41.25364), ((2, 11), 41.14686), ((2, 7), 40.083992), ((2, 9), 39.98618), ((2, 13), 38.92166), ((2, 3), 37.86703), ((2, 16), 34.307167), ((1, 2), 31.172546)]
20:12:06,107 NID_LOG INFO Cuttof process started
20:12:09,966 NID_LOG INFO Initialized
20:12:12,716 NID_LOG INFO Epoch: 50
20:12:12,717 NID_LOG INFO 	learning rate:0.00080994656
20:12:13,21 NID_LOG INFO 	validation acc:1.0 test acc:1.0
20:12:14,711 NID_LOG INFO Epoch: 100
20:12:14,711 NID_LOG INFO 	learning rate:6.232128e-05
20:12:15,15 NID_LOG INFO 	validation acc:1.0 test acc:1.0
20:12:16,680 NID_LOG INFO Epoch: 150
20:12:16,680 NID_LOG INFO 	learning rate:4.7953063e-06
20:12:16,985 NID_LOG INFO 	validation acc:1.0 test acc:1.0
20:12:18,671 NID_LOG INFO Epoch: 200
20:12:18,672 NID_LOG INFO 	learning rate:3.689745e-07
20:12:18,974 NID_LOG INFO 	validation acc:1.0 test acc:1.0
20:12:19,583 NID_LOG INFO 	validation (1-auc):0.16394436359405518
20:12:19,784 NID_LOG INFO 	test (1-auc):0.16483408212661743
20:12:19,785 NID_LOG INFO Done fold running
20:12:19,936 NID_LOG INFO 0: ((9, 13), 57.66337013245439)
20:12:24,634 NID_LOG INFO Initialized
20:12:27,662 NID_LOG INFO Epoch: 50
20:12:27,663 NID_LOG INFO 	learning rate:0.00080994656
20:12:28,88 NID_LOG INFO 	validation acc:1.0 test acc:1.0
20:12:29,870 NID_LOG INFO Epoch: 100
20:12:29,870 NID_LOG INFO 	learning rate:6.232128e-05
20:12:30,291 NID_LOG INFO 	validation acc:1.0 test acc:1.0
20:12:32,80 NID_LOG INFO Epoch: 150
20:12:32,80 NID_LOG INFO 	learning rate:4.7953063e-06
20:12:32,494 NID_LOG INFO 	validation acc:1.0 test acc:1.0
20:12:34,286 NID_LOG INFO Epoch: 200
20:12:34,286 NID_LOG INFO 	learning rate:3.689745e-07
20:12:34,703 NID_LOG INFO 	validation acc:1.0 test acc:1.0
20:12:35,496 NID_LOG INFO 	validation (1-auc):0.1290772557258606
20:12:35,816 NID_LOG INFO 	test (1-auc):0.1370183229446411
20:12:35,816 NID_LOG INFO Done fold running
20:12:36,41 NID_LOG INFO 1: ((13, 15), 53.98525810241729)
20:12:41,764 NID_LOG INFO Initialized
20:12:45,83 NID_LOG INFO Epoch: 50
20:12:45,83 NID_LOG INFO 	learning rate:0.00080994656
20:12:45,633 NID_LOG INFO 	validation acc:1.0 test acc:1.0
20:12:47,506 NID_LOG INFO Epoch: 100
20:12:47,506 NID_LOG INFO 	learning rate:6.232128e-05
20:12:48,70 NID_LOG INFO 	validation acc:1.0 test acc:1.0
20:12:49,939 NID_LOG INFO Epoch: 150
20:12:49,939 NID_LOG INFO 	learning rate:4.7953063e-06
20:12:50,496 NID_LOG INFO 	validation acc:1.0 test acc:1.0
20:12:52,370 NID_LOG INFO Epoch: 200
20:12:52,370 NID_LOG INFO 	learning rate:3.689745e-07
20:12:52,919 NID_LOG INFO 	validation acc:1.0 test acc:1.0
20:12:53,922 NID_LOG INFO 	validation (1-auc):0.12679648399353027
20:12:54,374 NID_LOG INFO 	test (1-auc):0.13428109884262085
20:12:54,374 NID_LOG INFO Done fold running
20:12:54,659 NID_LOG INFO 2: ((8, 15), 37.02487373352144)
20:13:01,419 NID_LOG INFO Initialized
20:13:05,62 NID_LOG INFO Epoch: 50
20:13:05,63 NID_LOG INFO 	learning rate:0.00080994656
20:13:05,763 NID_LOG INFO 	validation acc:1.0 test acc:1.0
20:13:07,714 NID_LOG INFO Epoch: 100
20:13:07,714 NID_LOG INFO 	learning rate:6.232128e-05
20:13:08,416 NID_LOG INFO 	validation acc:1.0 test acc:1.0
20:13:10,379 NID_LOG INFO Epoch: 150
20:13:10,379 NID_LOG INFO 	learning rate:4.7953063e-06
20:13:11,83 NID_LOG INFO 	validation acc:1.0 test acc:1.0
20:13:13,59 NID_LOG INFO Epoch: 200
20:13:13,60 NID_LOG INFO 	learning rate:3.689745e-07
20:13:13,748 NID_LOG INFO 	validation acc:1.0 test acc:1.0
20:13:14,951 NID_LOG INFO 	validation (1-auc):0.14629840850830078
20:13:15,546 NID_LOG INFO 	test (1-auc):0.1690448522567749
20:13:15,546 NID_LOG INFO Done fold running
20:13:15,909 NID_LOG INFO 3: ((9, 15), 27.15977859497106)
20:13:23,862 NID_LOG INFO Initialized
20:13:27,786 NID_LOG INFO Epoch: 50
20:13:27,786 NID_LOG INFO 	learning rate:0.00080994656
20:13:28,663 NID_LOG INFO 	validation acc:1.0 test acc:1.0
20:13:30,733 NID_LOG INFO Epoch: 100
20:13:30,733 NID_LOG INFO 	learning rate:6.232128e-05
20:13:31,606 NID_LOG INFO 	validation acc:1.0 test acc:1.0
20:13:33,684 NID_LOG INFO Epoch: 150
20:13:33,684 NID_LOG INFO 	learning rate:4.7953063e-06
20:13:34,562 NID_LOG INFO 	validation acc:1.0 test acc:1.0
20:13:36,645 NID_LOG INFO Epoch: 200
20:13:36,645 NID_LOG INFO 	learning rate:3.689745e-07
20:13:37,518 NID_LOG INFO 	validation acc:1.0 test acc:1.0
20:13:38,995 NID_LOG INFO 	validation (1-auc):0.11047852039337158
20:13:39,764 NID_LOG INFO 	test (1-auc):0.1331964135169983
20:13:39,764 NID_LOG INFO Done fold running
20:13:40,221 NID_LOG INFO 4: ((8, 9, 11), 24.880454063415527)
20:13:49,634 NID_LOG INFO Initialized
20:13:53,981 NID_LOG INFO Epoch: 50
20:13:53,981 NID_LOG INFO 	learning rate:0.00080994656
20:13:55,95 NID_LOG INFO 	validation acc:1.0 test acc:1.0
20:13:57,310 NID_LOG INFO Epoch: 100
20:13:57,310 NID_LOG INFO 	learning rate:6.232128e-05
20:13:58,401 NID_LOG INFO 	validation acc:1.0 test acc:1.0
20:14:00,635 NID_LOG INFO Epoch: 150
20:14:00,635 NID_LOG INFO 	learning rate:4.7953063e-06
20:14:01,722 NID_LOG INFO 	validation acc:1.0 test acc:1.0
20:14:03,971 NID_LOG INFO Epoch: 200
20:14:03,971 NID_LOG INFO 	learning rate:3.689745e-07
20:14:05,91 NID_LOG INFO 	validation acc:1.0 test acc:1.0
20:14:06,852 NID_LOG INFO 	validation (1-auc):0.0880274772644043
20:14:07,814 NID_LOG INFO 	test (1-auc):0.10884881019592285
20:14:07,814 NID_LOG INFO Done fold running
20:14:08,353 NID_LOG INFO 5: ((6, 13), 24.022192001342773)
20:14:18,878 NID_LOG INFO Initialized
20:14:23,541 NID_LOG INFO Epoch: 50
20:14:23,541 NID_LOG INFO 	learning rate:0.00080994656
20:14:24,888 NID_LOG INFO 	validation acc:1.0 test acc:1.0
20:14:27,208 NID_LOG INFO Epoch: 100
20:14:27,208 NID_LOG INFO 	learning rate:6.232128e-05
20:14:28,541 NID_LOG INFO 	validation acc:1.0 test acc:1.0
20:14:30,850 NID_LOG INFO Epoch: 150
20:14:30,851 NID_LOG INFO 	learning rate:4.7953063e-06
20:14:32,198 NID_LOG INFO 	validation acc:1.0 test acc:1.0
20:14:34,516 NID_LOG INFO Epoch: 200
20:14:34,517 NID_LOG INFO 	learning rate:3.689745e-07
20:14:35,853 NID_LOG INFO 	validation acc:1.0 test acc:1.0
20:14:37,951 NID_LOG INFO 	validation (1-auc):0.08559614419937134
20:14:39,164 NID_LOG INFO 	test (1-auc):0.11068373918533325
20:14:39,165 NID_LOG INFO Done fold running
20:14:39,795 NID_LOG INFO 6: ((4, 9, 13), 22.854904174804688)
20:14:51,997 NID_LOG INFO Initialized
20:14:57,378 NID_LOG INFO Epoch: 50
20:14:57,378 NID_LOG INFO 	learning rate:0.00080994656
20:14:59,72 NID_LOG INFO 	validation acc:1.0 test acc:1.0
20:15:01,539 NID_LOG INFO Epoch: 100
20:15:01,539 NID_LOG INFO 	learning rate:6.232128e-05
20:15:03,167 NID_LOG INFO 	validation acc:1.0 test acc:1.0
20:15:05,635 NID_LOG INFO Epoch: 150
20:15:05,635 NID_LOG INFO 	learning rate:4.7953063e-06
20:15:07,263 NID_LOG INFO 	validation acc:1.0 test acc:1.0
20:15:09,762 NID_LOG INFO Epoch: 200
20:15:09,763 NID_LOG INFO 	learning rate:3.689745e-07
20:15:11,393 NID_LOG INFO 	validation acc:1.0 test acc:1.0
20:15:13,881 NID_LOG INFO 	validation (1-auc):0.08830225467681885
20:15:15,374 NID_LOG INFO 	test (1-auc):0.11040306091308594
20:15:15,374 NID_LOG INFO Done fold running
20:15:16,143 NID_LOG INFO 7: ((5, 9), 22.7288818359375)
20:15:30,11 NID_LOG INFO Initialized
20:15:35,658 NID_LOG INFO Epoch: 50
20:15:35,658 NID_LOG INFO 	learning rate:0.00080994656
20:15:37,613 NID_LOG INFO 	validation acc:1.0 test acc:1.0
20:15:40,229 NID_LOG INFO Epoch: 100
20:15:40,229 NID_LOG INFO 	learning rate:6.232128e-05
20:15:42,204 NID_LOG INFO 	validation acc:1.0 test acc:1.0
20:15:44,767 NID_LOG INFO Epoch: 150
20:15:44,767 NID_LOG INFO 	learning rate:4.7953063e-06
20:15:46,753 NID_LOG INFO 	validation acc:1.0 test acc:1.0
20:15:49,353 NID_LOG INFO Epoch: 200
20:15:49,353 NID_LOG INFO 	learning rate:3.689745e-07
20:15:51,320 NID_LOG INFO 	validation acc:1.0 test acc:1.0
20:15:54,256 NID_LOG INFO 	validation (1-auc):0.06803655624389648
20:15:56,82 NID_LOG INFO 	test (1-auc):0.09929567575454712
20:15:56,82 NID_LOG INFO Done fold running
20:15:57,229 NID_LOG INFO 8: ((6, 12, 13), 22.58843231201172)
20:16:13,158 NID_LOG INFO Initialized
20:16:20,328 NID_LOG INFO Epoch: 50
20:16:20,328 NID_LOG INFO 	learning rate:0.00080994656
20:16:23,125 NID_LOG INFO 	validation acc:1.0 test acc:1.0
20:16:26,44 NID_LOG INFO Epoch: 100
20:16:26,44 NID_LOG INFO 	learning rate:6.232128e-05
20:16:28,502 NID_LOG INFO 	validation acc:1.0 test acc:1.0
20:16:31,264 NID_LOG INFO Epoch: 150
20:16:31,264 NID_LOG INFO 	learning rate:4.7953063e-06
20:16:33,680 NID_LOG INFO 	validation acc:1.0 test acc:1.0
20:16:36,449 NID_LOG INFO Epoch: 200
20:16:36,449 NID_LOG INFO 	learning rate:3.689745e-07
20:16:38,859 NID_LOG INFO 	validation acc:1.0 test acc:1.0
20:16:42,387 NID_LOG INFO 	validation (1-auc):0.0632290244102478
20:16:44,644 NID_LOG INFO 	test (1-auc):0.08264559507369995
20:16:44,645 NID_LOG INFO Done fold running
20:16:45,680 NID_LOG INFO 9: ((9, 11, 15), 20.852338790893555)
20:17:03,709 NID_LOG INFO Initialized
20:17:10,588 NID_LOG INFO Epoch: 50
20:17:10,588 NID_LOG INFO 	learning rate:0.00080994656
20:17:13,474 NID_LOG INFO 	validation acc:1.0 test acc:1.0
20:17:16,446 NID_LOG INFO Epoch: 100
20:17:16,446 NID_LOG INFO 	learning rate:6.232128e-05
20:17:19,509 NID_LOG INFO 	validation acc:1.0 test acc:1.0
20:17:22,355 NID_LOG INFO Epoch: 150
20:17:22,355 NID_LOG INFO 	learning rate:4.7953063e-06
20:17:25,219 NID_LOG INFO 	validation acc:1.0 test acc:1.0
20:17:28,141 NID_LOG INFO Epoch: 200
20:17:28,141 NID_LOG INFO 	learning rate:3.689745e-07
20:17:31,5 NID_LOG INFO 	validation acc:1.0 test acc:1.0
20:17:35,153 NID_LOG INFO 	validation (1-auc):0.051833152770996094
20:17:37,849 NID_LOG INFO 	test (1-auc):0.07481628656387329
20:17:37,849 NID_LOG INFO Done fold running
20:17:39,356 NID_LOG INFO 10: ((4, 7, 9, 13), 20.589014053344727)
20:17:59,321 NID_LOG INFO Initialized
20:18:06,952 NID_LOG INFO Epoch: 50
20:18:06,952 NID_LOG INFO 	learning rate:0.00080994656
20:18:10,363 NID_LOG INFO 	validation acc:1.0 test acc:1.0
20:18:13,444 NID_LOG INFO Epoch: 100
20:18:13,444 NID_LOG INFO 	learning rate:6.232128e-05
20:18:16,836 NID_LOG INFO 	validation acc:1.0 test acc:1.0
20:18:19,817 NID_LOG INFO Epoch: 150
20:18:19,817 NID_LOG INFO 	learning rate:4.7953063e-06
20:18:23,229 NID_LOG INFO 	validation acc:1.0 test acc:1.0
20:18:26,251 NID_LOG INFO Epoch: 200
20:18:26,251 NID_LOG INFO 	learning rate:3.689745e-07
20:18:29,660 NID_LOG INFO 	validation acc:1.0 test acc:1.0
20:18:34,571 NID_LOG INFO 	validation (1-auc):0.05826073884963989
20:18:37,854 NID_LOG INFO 	test (1-auc):0.07426685094833374
20:18:37,854 NID_LOG INFO Done fold running
20:18:39,205 NID_LOG INFO 11: ((4, 7, 9, 12, 13), 19.362995147705078)
20:19:01,892 NID_LOG INFO Initialized
20:19:10,386 NID_LOG INFO Epoch: 50
20:19:10,386 NID_LOG INFO 	learning rate:0.00080994656
20:19:14,476 NID_LOG INFO 	validation acc:1.0 test acc:1.0
20:19:17,691 NID_LOG INFO Epoch: 100
20:19:17,691 NID_LOG INFO 	learning rate:6.232128e-05
20:19:21,783 NID_LOG INFO 	validation acc:1.0 test acc:1.0
20:19:24,871 NID_LOG INFO Epoch: 150
20:19:24,872 NID_LOG INFO 	learning rate:4.7953063e-06
20:19:28,984 NID_LOG INFO 	validation acc:1.0 test acc:1.0
20:19:32,150 NID_LOG INFO Epoch: 200
20:19:32,151 NID_LOG INFO 	learning rate:3.689745e-07
20:19:36,260 NID_LOG INFO 	validation acc:1.0 test acc:1.0
20:19:42,9 NID_LOG INFO 	validation (1-auc):0.05083101987838745
20:19:45,981 NID_LOG INFO 	test (1-auc):0.07331305742263794
20:19:45,981 NID_LOG INFO Done fold running
20:19:47,559 NID_LOG INFO 12: ((3, 4, 7, 9, 12, 13), 18.710002899169922)
20:20:13,566 NID_LOG INFO Initialized
20:20:23,8 NID_LOG INFO Epoch: 50
20:20:23,8 NID_LOG INFO 	learning rate:0.00080994656
20:20:27,844 NID_LOG INFO 	validation acc:1.0 test acc:1.0
20:20:31,242 NID_LOG INFO Epoch: 100
20:20:31,242 NID_LOG INFO 	learning rate:6.232128e-05
20:20:36,42 NID_LOG INFO 	validation acc:1.0 test acc:1.0
20:20:39,530 NID_LOG INFO Epoch: 150
20:20:39,530 NID_LOG INFO 	learning rate:4.7953063e-06
20:20:44,357 NID_LOG INFO 	validation acc:1.0 test acc:1.0
20:20:47,864 NID_LOG INFO Epoch: 200
20:20:47,864 NID_LOG INFO 	learning rate:3.689745e-07
20:20:52,683 NID_LOG INFO 	validation acc:1.0 test acc:1.0
20:20:59,437 NID_LOG INFO 	validation (1-auc):0.054171085357666016
20:21:04,108 NID_LOG INFO 	test (1-auc):0.07939523458480835
20:21:04,108 NID_LOG INFO Done fold running
20:21:05,916 NID_LOG INFO 13: ((11, 13, 15), 18.649513244629286)
20:21:34,655 NID_LOG INFO Initialized
20:21:45,244 NID_LOG INFO Epoch: 50
20:21:45,244 NID_LOG INFO 	learning rate:0.00080994656
20:21:50,936 NID_LOG INFO 	validation acc:1.0 test acc:1.0
20:21:54,476 NID_LOG INFO Epoch: 100
20:21:54,476 NID_LOG INFO 	learning rate:6.232128e-05
20:22:00,160 NID_LOG INFO 	validation acc:1.0 test acc:1.0
20:22:03,569 NID_LOG INFO Epoch: 150
20:22:03,569 NID_LOG INFO 	learning rate:4.7953063e-06
20:22:09,307 NID_LOG INFO 	validation acc:1.0 test acc:1.0
20:22:12,763 NID_LOG INFO Epoch: 200
20:22:12,763 NID_LOG INFO 	learning rate:3.689745e-07
20:22:18,457 NID_LOG INFO 	validation acc:1.0 test acc:1.0
20:22:26,229 NID_LOG INFO 	validation (1-auc):0.05093806982040405
20:22:31,718 NID_LOG INFO 	test (1-auc):0.07282418012619019
20:22:31,718 NID_LOG INFO Done fold running
20:22:33,728 NID_LOG INFO 14: ((1, 9), 18.31077003479004)
20:23:06,38 NID_LOG INFO Initialized
20:23:17,757 NID_LOG INFO Epoch: 50
20:23:17,757 NID_LOG INFO 	learning rate:0.00080994656
20:23:24,409 NID_LOG INFO 	validation acc:1.0 test acc:1.0
20:23:28,121 NID_LOG INFO Epoch: 100
20:23:28,121 NID_LOG INFO 	learning rate:6.232128e-05
20:23:34,715 NID_LOG INFO 	validation acc:1.0 test acc:1.0
20:23:38,290 NID_LOG INFO Epoch: 150
20:23:38,290 NID_LOG INFO 	learning rate:4.7953063e-06
20:23:45,93 NID_LOG INFO 	validation acc:1.0 test acc:1.0
20:23:49,145 NID_LOG INFO Epoch: 200
20:23:49,145 NID_LOG INFO 	learning rate:3.689745e-07
20:23:56,205 NID_LOG INFO 	validation acc:1.0 test acc:1.0
20:24:05,126 NID_LOG INFO 	validation (1-auc):0.04777991771697998
20:24:11,566 NID_LOG INFO 	test (1-auc):0.07433253526687622
20:24:11,566 NID_LOG INFO Done fold running
20:24:13,819 NID_LOG INFO 15: ((3, 4, 7, 9, 11, 12, 13), 18.075664520263672)
20:24:49,525 NID_LOG INFO Initialized
20:25:03,214 NID_LOG INFO Epoch: 50
20:25:03,214 NID_LOG INFO 	learning rate:0.00080994656
20:25:11,858 NID_LOG INFO 	validation acc:1.0 test acc:1.0
20:25:15,577 NID_LOG INFO Epoch: 100
20:25:15,577 NID_LOG INFO 	learning rate:6.232128e-05
20:25:23,862 NID_LOG INFO 	validation acc:1.0 test acc:1.0
20:25:27,595 NID_LOG INFO Epoch: 150
20:25:27,595 NID_LOG INFO 	learning rate:4.7953063e-06
20:25:35,388 NID_LOG INFO 	validation acc:1.0 test acc:1.0
20:25:39,135 NID_LOG INFO Epoch: 200
20:25:39,135 NID_LOG INFO 	learning rate:3.689745e-07
20:25:46,966 NID_LOG INFO 	validation acc:1.0 test acc:1.0
20:25:57,518 NID_LOG INFO 	validation (1-auc):0.04671293497085571
20:26:05,309 NID_LOG INFO 	test (1-auc):0.06876188516616821
20:26:05,309 NID_LOG INFO Done fold running
20:26:08,47 NID_LOG INFO 16: ((1, 3, 9), 17.46762466430664)
20:26:53,110 NID_LOG INFO Initialized
20:27:07,787 NID_LOG INFO Epoch: 50
20:27:07,788 NID_LOG INFO 	learning rate:0.00080994656
20:27:16,762 NID_LOG INFO 	validation acc:1.0 test acc:1.0
20:27:20,796 NID_LOG INFO Epoch: 100
20:27:20,796 NID_LOG INFO 	learning rate:6.232128e-05
20:27:29,729 NID_LOG INFO 	validation acc:1.0 test acc:1.0
20:27:33,585 NID_LOG INFO Epoch: 150
20:27:33,585 NID_LOG INFO 	learning rate:4.7953063e-06
20:27:42,565 NID_LOG INFO 	validation acc:1.0 test acc:1.0
20:27:46,483 NID_LOG INFO Epoch: 200
20:27:46,483 NID_LOG INFO 	learning rate:3.689745e-07
20:27:57,548 NID_LOG INFO 	validation acc:1.0 test acc:1.0
20:28:10,515 NID_LOG INFO 	validation (1-auc):0.049908578395843506
20:28:21,993 NID_LOG INFO 	test (1-auc):0.07377004623413086
20:28:21,993 NID_LOG INFO Done fold running
20:28:26,409 NID_LOG INFO 17: ((3, 4, 7, 9, 11, 12, 13, 15), 17.350065231323242)
20:29:16,742 NID_LOG INFO Initialized
20:29:33,676 NID_LOG INFO Epoch: 50
20:29:33,676 NID_LOG INFO 	learning rate:0.00080994656
20:29:44,509 NID_LOG INFO 	validation acc:1.0 test acc:1.0
20:29:48,863 NID_LOG INFO Epoch: 100
20:29:48,863 NID_LOG INFO 	learning rate:6.232128e-05
20:29:59,381 NID_LOG INFO 	validation acc:1.0 test acc:1.0
20:30:03,373 NID_LOG INFO Epoch: 150
20:30:03,373 NID_LOG INFO 	learning rate:4.7953063e-06
20:30:13,895 NID_LOG INFO 	validation acc:1.0 test acc:1.0
20:30:18,196 NID_LOG INFO Epoch: 200
20:30:18,196 NID_LOG INFO 	learning rate:3.689745e-07
20:30:28,653 NID_LOG INFO 	validation acc:1.0 test acc:1.0
20:30:42,110 NID_LOG INFO 	validation (1-auc):0.035034894943237305
20:30:52,381 NID_LOG INFO 	test (1-auc):0.06318932771682739
20:30:52,381 NID_LOG INFO Done fold running
20:30:55,549 NID_LOG INFO 18: ((11, 15, 16), 17.150848388672145)
20:31:47,704 NID_LOG INFO Initialized
20:32:06,459 NID_LOG INFO Epoch: 50
20:32:06,459 NID_LOG INFO 	learning rate:0.00080994656
20:32:19,354 NID_LOG INFO 	validation acc:1.0 test acc:1.0
20:32:24,30 NID_LOG INFO Epoch: 100
20:32:24,30 NID_LOG INFO 	learning rate:6.232128e-05
20:32:37,742 NID_LOG INFO 	validation acc:1.0 test acc:1.0
20:32:42,225 NID_LOG INFO Epoch: 150
20:32:42,225 NID_LOG INFO 	learning rate:4.7953063e-06
20:32:54,912 NID_LOG INFO 	validation acc:1.0 test acc:1.0
20:32:59,520 NID_LOG INFO Epoch: 200
20:32:59,520 NID_LOG INFO 	learning rate:3.689745e-07
20:33:12,279 NID_LOG INFO 	validation acc:1.0 test acc:1.0
20:33:28,281 NID_LOG INFO 	validation (1-auc):0.043411314487457275
20:33:40,588 NID_LOG INFO 	test (1-auc):0.07010668516159058
20:33:40,588 NID_LOG INFO Done fold running
20:33:44,594 NID_LOG INFO 19: ((6, 12, 13, 16), 15.667891502380371)
20:34:42,662 NID_LOG INFO Initialized
20:35:04,994 NID_LOG INFO Epoch: 50
20:35:04,995 NID_LOG INFO 	learning rate:0.00080994656
20:35:19,548 NID_LOG INFO 	validation acc:1.0 test acc:1.0
20:35:24,644 NID_LOG INFO Epoch: 100
20:35:24,645 NID_LOG INFO 	learning rate:6.232128e-05
20:35:39,781 NID_LOG INFO 	validation acc:1.0 test acc:1.0
20:35:44,404 NID_LOG INFO Epoch: 150
20:35:44,404 NID_LOG INFO 	learning rate:4.7953063e-06
20:35:59,144 NID_LOG INFO 	validation acc:1.0 test acc:1.0
20:36:04,682 NID_LOG INFO Epoch: 200
20:36:04,683 NID_LOG INFO 	learning rate:3.689745e-07
20:36:20,112 NID_LOG INFO 	validation acc:1.0 test acc:1.0
20:36:38,465 NID_LOG INFO 	validation (1-auc):0.030803322792053223
20:36:53,737 NID_LOG INFO 	test (1-auc):0.061209917068481445
20:36:53,737 NID_LOG INFO Done fold running
20:36:58,172 NID_LOG INFO 20: ((8, 10), 15.513341903686523)
20:38:06,667 NID_LOG INFO Initialized
20:38:30,336 NID_LOG INFO Epoch: 50
20:38:30,337 NID_LOG INFO 	learning rate:0.00080994656
20:38:47,263 NID_LOG INFO 	validation acc:1.0 test acc:1.0
20:38:51,955 NID_LOG INFO Epoch: 100
20:38:51,955 NID_LOG INFO 	learning rate:6.232128e-05
20:39:08,11 NID_LOG INFO 	validation acc:1.0 test acc:1.0
20:39:12,540 NID_LOG INFO Epoch: 150
20:39:12,540 NID_LOG INFO 	learning rate:4.7953063e-06
20:39:29,963 NID_LOG INFO 	validation acc:1.0 test acc:1.0
20:39:34,836 NID_LOG INFO Epoch: 200
20:39:34,836 NID_LOG INFO 	learning rate:3.689745e-07
20:39:52,494 NID_LOG INFO 	validation acc:1.0 test acc:1.0
20:40:15,146 NID_LOG INFO 	validation (1-auc):0.0268591046333313
20:40:33,154 NID_LOG INFO 	test (1-auc):0.05512428283691406
20:40:33,154 NID_LOG INFO Done fold running
20:40:38,177 NID_LOG INFO 21: ((6, 12, 13, 15, 16), 15.365749359131039)
20:41:48,757 NID_LOG INFO Initialized
20:42:16,51 NID_LOG INFO Epoch: 50
20:42:16,51 NID_LOG INFO 	learning rate:0.00080994656
20:42:35,424 NID_LOG INFO 	validation acc:1.0 test acc:1.0
20:42:40,317 NID_LOG INFO Epoch: 100
20:42:40,317 NID_LOG INFO 	learning rate:6.232128e-05
20:42:59,372 NID_LOG INFO 	validation acc:1.0 test acc:1.0
20:43:04,611 NID_LOG INFO Epoch: 150
20:43:04,611 NID_LOG INFO 	learning rate:4.7953063e-06
20:43:25,515 NID_LOG INFO 	validation acc:1.0 test acc:1.0
20:43:30,484 NID_LOG INFO Epoch: 200
20:43:30,485 NID_LOG INFO 	learning rate:3.689745e-07
20:43:51,752 NID_LOG INFO 	validation acc:1.0 test acc:1.0
20:44:15,562 NID_LOG INFO 	validation (1-auc):0.031280577182769775
20:44:34,929 NID_LOG INFO 	test (1-auc):0.05293428897857666
20:44:34,929 NID_LOG INFO Done fold running
20:44:40,151 NID_LOG INFO 22: ((8, 9, 11, 13), 14.997360229492188)
20:46:03,8 NID_LOG INFO Initialized
20:46:32,342 NID_LOG INFO Epoch: 50
20:46:32,342 NID_LOG INFO 	learning rate:0.00080994656
20:46:54,377 NID_LOG INFO 	validation acc:1.0 test acc:1.0
20:46:59,432 NID_LOG INFO Epoch: 100
20:46:59,432 NID_LOG INFO 	learning rate:6.232128e-05
20:47:20,725 NID_LOG INFO 	validation acc:1.0 test acc:1.0
20:47:25,970 NID_LOG INFO Epoch: 150
20:47:25,970 NID_LOG INFO 	learning rate:4.7953063e-06
20:47:48,507 NID_LOG INFO 	validation acc:1.0 test acc:1.0
20:47:53,534 NID_LOG INFO Epoch: 200
20:47:53,534 NID_LOG INFO 	learning rate:3.689745e-07
20:48:16,653 NID_LOG INFO 	validation acc:1.0 test acc:1.0
20:48:44,311 NID_LOG INFO 	validation (1-auc):0.023184478282928467
20:49:06,738 NID_LOG INFO 	test (1-auc):0.04831904172897339
20:49:06,738 NID_LOG INFO Done fold running
20:49:12,686 NID_LOG INFO 23: ((8, 9, 11, 13, 15), 14.922076225280762)
20:50:40,551 NID_LOG INFO Initialized
20:51:11,933 NID_LOG INFO Epoch: 50
20:51:11,933 NID_LOG INFO 	learning rate:0.00080994656
20:51:37,749 NID_LOG INFO 	validation acc:1.0 test acc:1.0
20:51:42,970 NID_LOG INFO Epoch: 100
20:51:42,970 NID_LOG INFO 	learning rate:6.232128e-05
20:52:06,742 NID_LOG INFO 	validation acc:1.0 test acc:1.0
20:52:11,913 NID_LOG INFO Epoch: 150
20:52:11,913 NID_LOG INFO 	learning rate:4.7953063e-06
20:52:36,432 NID_LOG INFO 	validation acc:1.0 test acc:1.0
20:52:42,88 NID_LOG INFO Epoch: 200
20:52:42,88 NID_LOG INFO 	learning rate:3.689745e-07
20:53:07,687 NID_LOG INFO 	validation acc:1.0 test acc:1.0
20:53:39,139 NID_LOG INFO 	validation (1-auc):0.02606886625289917
20:54:03,75 NID_LOG INFO 	test (1-auc):0.04668456315994263
20:54:03,76 NID_LOG INFO Done fold running
20:54:09,137 NID_LOG INFO 24: ((6, 8, 10), 14.80507850646993)
20:55:42,918 NID_LOG INFO Initialized
20:56:19,978 NID_LOG INFO Epoch: 50
20:56:19,978 NID_LOG INFO 	learning rate:0.00080994656
20:56:50,577 NID_LOG INFO 	validation acc:1.0 test acc:1.0
20:56:56,344 NID_LOG INFO Epoch: 100
20:56:56,345 NID_LOG INFO 	learning rate:6.232128e-05
20:57:25,742 NID_LOG INFO 	validation acc:1.0 test acc:1.0
20:57:31,576 NID_LOG INFO Epoch: 150
20:57:31,576 NID_LOG INFO 	learning rate:4.7953063e-06
20:58:02,132 NID_LOG INFO 	validation acc:1.0 test acc:1.0
20:58:07,701 NID_LOG INFO Epoch: 200
20:58:07,702 NID_LOG INFO 	learning rate:3.689745e-07
20:58:35,696 NID_LOG INFO 	validation acc:1.0 test acc:1.0
20:59:11,692 NID_LOG INFO 	validation (1-auc):0.026600241661071777
20:59:39,105 NID_LOG INFO 	test (1-auc):0.053783118724823
20:59:39,105 NID_LOG INFO Done fold running
20:59:45,808 NID_LOG INFO 25: ((1, 9, 11, 15), 14.61894702911377)
21:01:32,656 NID_LOG INFO Initialized
21:02:12,675 NID_LOG INFO Epoch: 50
21:02:12,676 NID_LOG INFO 	learning rate:0.00080994656
21:02:44,996 NID_LOG INFO 	validation acc:1.0 test acc:1.0
21:02:50,918 NID_LOG INFO Epoch: 100
21:02:50,918 NID_LOG INFO 	learning rate:6.232128e-05
21:03:21,984 NID_LOG INFO 	validation acc:1.0 test acc:1.0
21:03:27,414 NID_LOG INFO Epoch: 150
21:03:27,414 NID_LOG INFO 	learning rate:4.7953063e-06
21:03:58,59 NID_LOG INFO 	validation acc:1.0 test acc:1.0
21:04:03,624 NID_LOG INFO Epoch: 200
21:04:03,624 NID_LOG INFO 	learning rate:3.689745e-07
21:04:34,128 NID_LOG INFO 	validation acc:1.0 test acc:1.0
21:05:17,356 NID_LOG INFO 	validation (1-auc):0.024952411651611328
21:05:47,873 NID_LOG INFO 	test (1-auc):0.05016523599624634
21:05:47,873 NID_LOG INFO Done fold running
21:05:55,93 NID_LOG INFO 26: ((5, 16), 14.60368919372578)
21:07:45,597 NID_LOG INFO Initialized
21:08:31,138 NID_LOG INFO Epoch: 50
21:08:31,138 NID_LOG INFO 	learning rate:0.00080994656
21:09:11,883 NID_LOG INFO 	validation acc:1.0 test acc:1.0
21:09:18,52 NID_LOG INFO Epoch: 100
21:09:18,52 NID_LOG INFO 	learning rate:6.232128e-05
21:09:55,720 NID_LOG INFO 	validation acc:1.0 test acc:1.0
21:10:01,922 NID_LOG INFO Epoch: 150
21:10:01,922 NID_LOG INFO 	learning rate:4.7953063e-06
21:10:43,263 NID_LOG INFO 	validation acc:1.0 test acc:1.0
21:10:49,155 NID_LOG INFO Epoch: 200
21:10:49,155 NID_LOG INFO 	learning rate:3.689745e-07
21:11:24,323 NID_LOG INFO 	validation acc:1.0 test acc:1.0
21:12:08,449 NID_LOG INFO 	validation (1-auc):0.022865235805511475
21:12:43,284 NID_LOG INFO 	test (1-auc):0.051063597202301025
21:12:43,284 NID_LOG INFO Done fold running
21:12:52,314 NID_LOG INFO 27: ((3, 5, 13), 14.037188529968262)
21:14:54,142 NID_LOG INFO Initialized
21:15:42,623 NID_LOG INFO Epoch: 50
21:15:42,623 NID_LOG INFO 	learning rate:0.00080994656
21:16:24,998 NID_LOG INFO 	validation acc:1.0 test acc:1.0
21:16:31,915 NID_LOG INFO Epoch: 100
21:16:31,915 NID_LOG INFO 	learning rate:6.232128e-05
21:17:14,935 NID_LOG INFO 	validation acc:1.0 test acc:1.0
21:17:20,832 NID_LOG INFO Epoch: 150
21:17:20,832 NID_LOG INFO 	learning rate:4.7953063e-06
21:18:00,307 NID_LOG INFO 	validation acc:1.0 test acc:1.0
21:18:06,315 NID_LOG INFO Epoch: 200
21:18:06,315 NID_LOG INFO 	learning rate:3.689745e-07
21:18:47,533 NID_LOG INFO 	validation acc:1.0 test acc:1.0
21:19:35,998 NID_LOG INFO 	validation (1-auc):0.03309667110443115
21:20:17,156 NID_LOG INFO 	test (1-auc):0.055864036083221436
21:20:17,156 NID_LOG INFO Done fold running
21:20:27,496 NID_LOG INFO 28: ((5, 13, 16), 14.017075538635254)
21:22:59,151 NID_LOG INFO Initialized
21:24:02,319 NID_LOG INFO Epoch: 50
21:24:02,324 NID_LOG INFO 	learning rate:0.00080994656
21:24:52,373 NID_LOG INFO 	validation acc:1.0 test acc:1.0
21:24:59,531 NID_LOG INFO Epoch: 100
21:24:59,531 NID_LOG INFO 	learning rate:6.232128e-05
21:25:48,955 NID_LOG INFO 	validation acc:1.0 test acc:1.0
21:25:55,790 NID_LOG INFO Epoch: 150
21:25:55,790 NID_LOG INFO 	learning rate:4.7953063e-06
21:26:45,911 NID_LOG INFO 	validation acc:1.0 test acc:1.0
21:26:53,297 NID_LOG INFO Epoch: 200
21:26:53,297 NID_LOG INFO 	learning rate:3.689745e-07
21:27:41,615 NID_LOG INFO 	validation acc:1.0 test acc:1.0
21:28:40,114 NID_LOG INFO 	validation (1-auc):0.01905524730682373
21:29:25,144 NID_LOG INFO 	test (1-auc):0.045024335384368896
21:29:25,145 NID_LOG INFO Done fold running
21:29:35,270 NID_LOG INFO 29: ((3, 4, 7, 8, 9, 11, 12, 13, 15), 13.77515983581543)
21:32:15,420 NID_LOG INFO Initialized
21:33:16,873 NID_LOG INFO Epoch: 50
21:33:16,873 NID_LOG INFO 	learning rate:0.00080994656
21:34:08,829 NID_LOG INFO 	validation acc:1.0 test acc:1.0
21:34:15,146 NID_LOG INFO Epoch: 100
21:34:15,146 NID_LOG INFO 	learning rate:6.232128e-05
21:35:06,292 NID_LOG INFO 	validation acc:1.0 test acc:1.0
21:35:13,823 NID_LOG INFO Epoch: 150
21:35:13,823 NID_LOG INFO 	learning rate:4.7953063e-06
21:36:07,957 NID_LOG INFO 	validation acc:1.0 test acc:1.0
21:36:15,316 NID_LOG INFO Epoch: 200
21:36:15,316 NID_LOG INFO 	learning rate:3.689745e-07
21:37:08,821 NID_LOG INFO 	validation acc:1.0 test acc:1.0
21:38:12,147 NID_LOG INFO 	validation (1-auc):0.024059951305389404
21:39:09,649 NID_LOG INFO 	test (1-auc):0.04997068643569946
21:39:09,649 NID_LOG INFO Done fold running
21:39:21,244 NID_LOG INFO 30: ((5, 9, 15), 13.418722152709961)
21:42:38,306 NID_LOG INFO Initialized
21:43:58,839 NID_LOG INFO Epoch: 50
21:43:58,841 NID_LOG INFO 	learning rate:0.00080994656
21:45:04,373 NID_LOG INFO 	validation acc:1.0 test acc:1.0
21:45:12,87 NID_LOG INFO Epoch: 100
21:45:12,87 NID_LOG INFO 	learning rate:6.232128e-05
21:46:20,827 NID_LOG INFO 	validation acc:1.0 test acc:1.0
21:46:29,145 NID_LOG INFO Epoch: 150
21:46:29,145 NID_LOG INFO 	learning rate:4.7953063e-06
21:47:33,259 NID_LOG INFO 	validation acc:1.0 test acc:1.0
21:47:40,593 NID_LOG INFO Epoch: 200
21:47:40,593 NID_LOG INFO 	learning rate:3.689745e-07
21:48:45,788 NID_LOG INFO 	validation acc:1.0 test acc:1.0
21:50:04,350 NID_LOG INFO 	validation (1-auc):0.027417659759521484
21:51:12,903 NID_LOG INFO 	test (1-auc):0.0540199875831604
21:51:12,904 NID_LOG INFO Done fold running
21:51:29,53 NID_LOG INFO 31: ((1, 8, 9, 11, 15), 13.4148530960083)
21:54:43,259 NID_LOG INFO Initialized
21:55:59,368 NID_LOG INFO Epoch: 50
21:55:59,371 NID_LOG INFO 	learning rate:0.00080994656
21:57:08,377 NID_LOG INFO 	validation acc:1.0 test acc:1.0
21:57:18,447 NID_LOG INFO Epoch: 100
21:57:18,447 NID_LOG INFO 	learning rate:6.232128e-05
21:58:30,664 NID_LOG INFO 	validation acc:1.0 test acc:1.0
21:58:39,151 NID_LOG INFO Epoch: 150
21:58:39,151 NID_LOG INFO 	learning rate:4.7953063e-06
21:59:47,351 NID_LOG INFO 	validation acc:1.0 test acc:1.0
21:59:54,889 NID_LOG INFO Epoch: 200
21:59:54,889 NID_LOG INFO 	learning rate:3.689745e-07
22:01:03,57 NID_LOG INFO 	validation acc:1.0 test acc:1.0
22:02:35,253 NID_LOG INFO 	validation (1-auc):0.016974568367004395
22:03:46,177 NID_LOG INFO 	test (1-auc):0.04199564456939697
22:03:46,177 NID_LOG INFO Done fold running
22:04:01,587 NID_LOG INFO 32: ((6, 9, 12, 13, 15, 16), 13.072142601013184)
22:07:53,228 NID_LOG INFO Initialized
22:09:40,958 NID_LOG INFO Epoch: 50
22:09:40,962 NID_LOG INFO 	learning rate:0.00080994656
22:10:58,767 NID_LOG INFO 	validation acc:1.0 test acc:1.0
22:11:07,203 NID_LOG INFO Epoch: 100
22:11:07,203 NID_LOG INFO 	learning rate:6.232128e-05
22:12:37,795 NID_LOG INFO 	validation acc:1.0 test acc:1.0
22:12:46,835 NID_LOG INFO Epoch: 150
22:12:46,835 NID_LOG INFO 	learning rate:4.7953063e-06
22:14:12,933 NID_LOG INFO 	validation acc:1.0 test acc:1.0
22:14:21,921 NID_LOG INFO Epoch: 200
22:14:21,921 NID_LOG INFO 	learning rate:3.689745e-07
22:15:37,105 NID_LOG INFO 	validation acc:1.0 test acc:1.0
22:17:08,440 NID_LOG INFO 	validation (1-auc):0.022054970264434814
22:18:24,100 NID_LOG INFO 	test (1-auc):0.051047325134277344
22:18:24,101 NID_LOG INFO Done fold running
22:18:40,547 NID_LOG INFO 33: ((5, 9, 13, 16), 12.877293586730957)
22:22:50,208 NID_LOG INFO Initialized
22:24:27,576 NID_LOG INFO Epoch: 50
22:24:27,577 NID_LOG INFO 	learning rate:0.00080994656
22:25:58,271 NID_LOG INFO 	validation acc:1.0 test acc:1.0
22:26:06,535 NID_LOG INFO Epoch: 100
22:26:06,535 NID_LOG INFO 	learning rate:6.232128e-05
22:27:44,319 NID_LOG INFO 	validation acc:1.0 test acc:1.0
22:27:53,153 NID_LOG INFO Epoch: 150
22:27:53,153 NID_LOG INFO 	learning rate:4.7953063e-06
22:29:17,925 NID_LOG INFO 	validation acc:1.0 test acc:1.0
22:29:27,446 NID_LOG INFO Epoch: 200
22:29:27,446 NID_LOG INFO 	learning rate:3.689745e-07
22:30:58,273 NID_LOG INFO 	validation acc:1.0 test acc:1.0
22:32:48,88 NID_LOG INFO 	validation (1-auc):0.01704496145248413
22:34:20,194 NID_LOG INFO 	test (1-auc):0.04644322395324707
22:34:20,194 NID_LOG INFO Done fold running
22:34:36,986 NID_LOG INFO 34: ((1, 8, 9, 10, 11, 15), 12.647333145141602)
22:39:07,964 NID_LOG INFO Initialized
22:41:01,20 NID_LOG INFO Epoch: 50
22:41:01,23 NID_LOG INFO 	learning rate:0.00080994656
22:42:44,105 NID_LOG INFO 	validation acc:1.0 test acc:1.0
22:42:53,570 NID_LOG INFO Epoch: 100
22:42:53,570 NID_LOG INFO 	learning rate:6.232128e-05
22:44:39,937 NID_LOG INFO 	validation acc:1.0 test acc:1.0
22:44:48,862 NID_LOG INFO Epoch: 150
22:44:48,862 NID_LOG INFO 	learning rate:4.7953063e-06
22:46:34,73 NID_LOG INFO 	validation acc:1.0 test acc:1.0
22:46:42,602 NID_LOG INFO Epoch: 200
22:46:42,602 NID_LOG INFO 	learning rate:3.689745e-07
22:48:22,449 NID_LOG INFO 	validation acc:1.0 test acc:1.0
22:50:19,225 NID_LOG INFO 	validation (1-auc):0.016215860843658447
22:52:01,699 NID_LOG INFO 	test (1-auc):0.04018431901931763
22:52:01,699 NID_LOG INFO Done fold running
22:52:21,823 NID_LOG INFO 35: ((10, 11, 15, 16), 12.394532203674316)
22:57:17,382 NID_LOG INFO Initialized
22:59:27,989 NID_LOG INFO Epoch: 50
22:59:27,990 NID_LOG INFO 	learning rate:0.00080994656
23:01:25,822 NID_LOG INFO 	validation acc:1.0 test acc:1.0
23:01:35,944 NID_LOG INFO Epoch: 100
23:01:35,945 NID_LOG INFO 	learning rate:6.232128e-05
23:03:36,943 NID_LOG INFO 	validation acc:1.0 test acc:1.0
23:03:45,807 NID_LOG INFO Epoch: 150
23:03:45,807 NID_LOG INFO 	learning rate:4.7953063e-06
23:05:46,898 NID_LOG INFO 	validation acc:1.0 test acc:1.0
23:05:56,453 NID_LOG INFO Epoch: 200
23:05:56,453 NID_LOG INFO 	learning rate:3.689745e-07
23:08:01,584 NID_LOG INFO 	validation acc:1.0 test acc:1.0
23:10:24,193 NID_LOG INFO 	validation (1-auc):0.017552554607391357
23:12:15,947 NID_LOG INFO 	test (1-auc):0.0424080491065979
23:12:15,948 NID_LOG INFO Done fold running
23:12:38,382 NID_LOG INFO 36: ((5, 9, 12, 15), 12.19265365600586)
23:17:28,420 NID_LOG INFO Initialized
23:19:38,468 NID_LOG INFO Epoch: 50
23:19:38,470 NID_LOG INFO 	learning rate:0.00080994656
23:21:36,352 NID_LOG INFO 	validation acc:1.0 test acc:1.0
23:21:46,228 NID_LOG INFO Epoch: 100
23:21:46,229 NID_LOG INFO 	learning rate:6.232128e-05
23:23:42,349 NID_LOG INFO 	validation acc:1.0 test acc:1.0
23:23:51,579 NID_LOG INFO Epoch: 150
23:23:51,579 NID_LOG INFO 	learning rate:4.7953063e-06
23:25:47,998 NID_LOG INFO 	validation acc:1.0 test acc:1.0
23:25:57,259 NID_LOG INFO Epoch: 200
23:25:57,259 NID_LOG INFO 	learning rate:3.689745e-07
23:27:54,565 NID_LOG INFO 	validation acc:1.0 test acc:1.0
23:30:07,520 NID_LOG INFO 	validation (1-auc):0.019255995750427246
23:32:00,928 NID_LOG INFO 	test (1-auc):0.04497641324996948
23:32:00,928 NID_LOG INFO Done fold running
23:32:21,36 NID_LOG INFO 37: ((1, 5, 9, 12, 15), 12.118865013122559)
23:38:02,834 NID_LOG INFO Initialized
23:40:48,731 NID_LOG INFO Epoch: 50
23:40:48,733 NID_LOG INFO 	learning rate:0.00080994656
23:42:59,695 NID_LOG INFO 	validation acc:1.0 test acc:1.0
23:43:10,371 NID_LOG INFO Epoch: 100
23:43:10,371 NID_LOG INFO 	learning rate:6.232128e-05
23:45:19,185 NID_LOG INFO 	validation acc:1.0 test acc:1.0
23:45:29,654 NID_LOG INFO Epoch: 150
23:45:29,654 NID_LOG INFO 	learning rate:4.7953063e-06
23:47:39,647 NID_LOG INFO 	validation acc:1.0 test acc:1.0
23:47:49,443 NID_LOG INFO Epoch: 200
23:47:49,443 NID_LOG INFO 	learning rate:3.689745e-07
23:49:58,976 NID_LOG INFO 	validation acc:1.0 test acc:1.0
23:52:31,921 NID_LOG INFO 	validation (1-auc):0.014958977699279785
23:54:36,325 NID_LOG INFO 	test (1-auc):0.04662644863128662
23:54:36,325 NID_LOG INFO Done fold running
23:54:58,434 NID_LOG INFO 38: ((6, 9, 10, 12, 13, 15, 16), 11.940524101257324)
00:00:44,64 NID_LOG INFO Initialized
00:03:22,309 NID_LOG INFO Epoch: 50
00:03:22,311 NID_LOG INFO 	learning rate:0.00080994656
