12:26:37,489 root INFO Running NID framework
12:26:37,497 NID_LOG INFO Fold num: 0
12:26:41,795 NID_LOG INFO Initialized
12:26:59,496 NID_LOG INFO Epoch: 50
12:26:59,496 NID_LOG INFO 	learning rate:0.00080994656
12:26:59,801 NID_LOG INFO 	train acc:1.0 test acc:1.0
12:27:16,388 NID_LOG INFO Epoch: 100
12:27:16,388 NID_LOG INFO 	learning rate:6.232128e-05
12:27:16,674 NID_LOG INFO 	train acc:1.0 test acc:1.0
12:27:33,26 NID_LOG INFO Epoch: 150
12:27:33,27 NID_LOG INFO 	learning rate:4.7953063e-06
12:27:33,328 NID_LOG INFO 	train acc:1.0 test acc:1.0
12:27:50,495 NID_LOG INFO Epoch: 200
12:27:50,495 NID_LOG INFO 	learning rate:3.689745e-07
12:27:50,787 NID_LOG INFO 	train acc:1.0 test acc:1.0
12:27:51,459 NID_LOG INFO 	train (1-auc):0.005008816719055176
12:27:51,574 NID_LOG INFO 	test (1-auc):0.011066436767578125
12:27:51,574 NID_LOG INFO Done fold running
12:27:51,633 NID_LOG INFO Higher-Order Interaction Ranking
[((9, 13), 57.66337013245439), ((13, 15), 53.98525810241729), ((8, 15), 37.02487373352144), ((9, 15), 27.15977859497106), ((8, 9, 11), 24.880454063415527), ((6, 13), 24.022192001342773), ((4, 9, 13), 22.854904174804688), ((5, 9), 22.7288818359375), ((6, 12, 13), 22.58843231201172), ((9, 11, 15), 20.852338790893555), ((4, 7, 9, 13), 20.589014053344727), ((4, 7, 9, 12, 13), 19.362995147705078), ((3, 4, 7, 9, 12, 13), 18.710002899169922), ((11, 13, 15), 18.649513244629286), ((1, 9), 18.31077003479004), ((3, 4, 7, 9, 11, 12, 13), 18.075664520263672), ((1, 3, 9), 17.46762466430664), ((3, 4, 7, 9, 11, 12, 13, 15), 17.350065231323242), ((11, 15, 16), 17.150848388672145), ((6, 12, 13, 16), 15.667891502380371), ((8, 10), 15.513341903686523), ((6, 12, 13, 15, 16), 15.365749359131039), ((8, 9, 11, 13), 14.997360229492188), ((8, 9, 11, 13, 15), 14.922076225280762), ((6, 8, 10), 14.80507850646993), ((1, 9, 11, 15), 14.61894702911377), ((5, 16), 14.60368919372578), ((3, 5, 13), 14.037188529968262), ((5, 13, 16), 14.017075538635254), ((3, 4, 7, 8, 9, 11, 12, 13, 15), 13.77515983581543), ((5, 9, 15), 13.418722152709961), ((1, 8, 9, 11, 15), 13.4148530960083), ((6, 9, 12, 13, 15, 16), 13.072142601013184), ((5, 9, 13, 16), 12.877293586730957), ((1, 8, 9, 10, 11, 15), 12.647333145141602), ((10, 11, 15, 16), 12.394532203674316), ((5, 9, 12, 15), 12.19265365600586), ((1, 5, 9, 12, 15), 12.118865013122559), ((6, 9, 10, 12, 13, 15, 16), 11.940524101257324), ((5, 8, 9, 11, 13, 15), 11.756903648376465), ((5, 9, 11, 13, 14, 15), 11.546978950500488), ((1, 6, 8, 10), 11.434627532958984), ((6, 7, 9, 10, 12, 13, 15, 16), 10.942957878112793), ((1, 9, 13), 10.867764472961426), ((4, 12, 14), 10.784435272216797), ((4, 12, 14, 16), 10.632575988769531), ((7, 10, 11, 15, 16), 10.384078025817871), ((1, 6, 8, 10, 11), 10.241064071655273), ((6, 7, 9, 10, 11, 12, 13, 15, 16), 10.078344345092773), ((1, 5, 9, 12, 14, 15), 10.076895713806152), ((3, 4, 6, 7, 8, 9, 11, 12, 13, 15), 9.792861938476562), ((5, 7, 9, 13, 16), 9.787114143371582), ((8, 15, 16), 9.762977600097656), ((3, 4, 5, 13), 9.704121589660645), ((1, 3, 5, 9, 12, 14, 15), 9.6742525100708), ((4, 10, 12, 14, 16), 9.497591018676758), ((3, 4, 5, 10, 13), 9.452574729919434), ((3, 4, 5, 9, 10, 13), 9.427522659301758), ((1, 2, 3, 4, 5, 6, 7, 8, 9, 10, 11, 12, 13, 14, 15, 16), 9.390596579528475)]
12:27:51,639 NID_LOG INFO Pairwise Interaction Ranking
[((11, 15), 148.75432), ((9, 15), 146.5596), ((13, 15), 143.13057), ((8, 15), 140.08919), ((9, 13), 139.0684), ((9, 11), 121.54322), ((12, 15), 116.11065), ((5, 9), 113.53734), ((7, 15), 112.673935), ((8, 11), 105.60327), ((14, 15), 102.66159), ((5, 15), 101.011444), ((11, 13), 97.49159), ((9, 12), 96.32783), ((5, 13), 96.097374), ((12, 13), 95.98892), ((6, 15), 94.889206), ((3, 9), 94.606346), ((15, 16), 93.2956), ((8, 9), 93.21472), ((6, 13), 92.78066), ((8, 12), 92.288574), ((4, 12), 91.31697), ((10, 15), 91.105576), ((6, 12), 90.39202), ((7, 13), 89.26576), ((7, 11), 88.25181), ((11, 12), 88.03688), ((9, 14), 87.64586), ((7, 12), 87.541954), ((6, 11), 87.06122), ((12, 14), 86.867294), ((4, 15), 85.82831), ((7, 8), 85.75489), ((3, 15), 85.36467), ((11, 14), 84.959076), ((8, 14), 84.5488), ((10, 11), 84.24685), ((7, 9), 84.19591), ((5, 11), 83.8497), ((3, 12), 83.284454), ((8, 10), 82.88431), ((5, 14), 82.1164), ((6, 9), 81.962166), ((1, 15), 81.78314), ((5, 12), 81.67206), ((3, 4), 80.92935), ((6, 8), 80.77388), ((6, 10), 80.527145), ((4, 9), 80.51439), ((4, 8), 80.49099), ((8, 13), 80.12599), ((3, 13), 79.80603), ((7, 16), 78.26041), ((4, 11), 78.04575), ((4, 13), 77.69542), ((1, 9), 77.236824), ((3, 5), 77.21241), ((5, 8), 76.67297), ((5, 6), 76.66138), ((5, 7), 75.613754), ((10, 12), 75.50224), ((6, 7), 75.22487), ((4, 7), 74.41989), ((9, 10), 73.73482), ((13, 14), 72.99956), ((6, 14), 72.93613), ((4, 14), 72.14837), ((1, 8), 71.804), ((11, 16), 71.307434), ((7, 10), 71.28522), ((3, 11), 70.69743), ((7, 14), 70.3298), ((12, 16), 70.3205), ((3, 14), 69.14238), ((10, 14), 68.93101), ((4, 5), 68.750015), ((5, 16), 68.6412), ((3, 8), 67.73837), ((8, 16), 67.42661), ((1, 12), 67.06789), ((4, 6), 66.804), ((1, 14), 66.77223), ((10, 16), 66.695656), ((4, 10), 65.04406), ((10, 13), 64.853935), ((1, 11), 64.073906), ((13, 16), 63.771736), ((3, 6), 63.505257), ((3, 7), 62.993767), ((5, 10), 62.867046), ((1, 10), 62.311527), ((1, 5), 61.641804), ((9, 16), 61.013084), ((6, 16), 60.04032), ((1, 6), 56.185497), ((3, 10), 56.051346), ((1, 3), 55.86794), ((14, 16), 54.987125), ((4, 16), 54.837578), ((1, 4), 53.935196), ((1, 16), 53.085484), ((1, 7), 49.854767), ((2, 12), 47.136177), ((1, 13), 46.934193), ((2, 15), 46.634087), ((2, 4), 46.20501), ((2, 8), 44.669548), ((2, 5), 43.68052), ((2, 14), 43.610466), ((3, 16), 42.734043), ((2, 6), 41.660133), ((2, 10), 41.25364), ((2, 11), 41.14686), ((2, 7), 40.083992), ((2, 9), 39.98618), ((2, 13), 38.92166), ((2, 3), 37.86703), ((2, 16), 34.307167), ((1, 2), 31.172546)]
12:27:51,675 NID_LOG INFO Fold num: 1
12:27:56,374 NID_LOG INFO Initialized
12:28:14,806 NID_LOG INFO Epoch: 50
12:28:14,806 NID_LOG INFO 	learning rate:0.00080994656
12:28:15,201 NID_LOG INFO 	train acc:1.0 test acc:1.0
12:28:42,515 NID_LOG INFO Epoch: 100
12:28:42,516 NID_LOG INFO 	learning rate:6.232128e-05
12:28:43,400 NID_LOG INFO 	train acc:1.0 test acc:1.0
12:29:07,61 NID_LOG INFO Epoch: 150
12:29:07,61 NID_LOG INFO 	learning rate:4.7953063e-06
12:29:07,664 NID_LOG INFO 	train acc:1.0 test acc:1.0
12:29:26,312 NID_LOG INFO Epoch: 200
12:29:26,312 NID_LOG INFO 	learning rate:3.689745e-07
12:29:26,686 NID_LOG INFO 	train acc:1.0 test acc:1.0
12:29:27,504 NID_LOG INFO 	train (1-auc):0.007580220699310303
12:29:27,720 NID_LOG INFO 	test (1-auc):0.015413224697113037
12:29:27,721 NID_LOG INFO Done fold running
12:29:27,816 NID_LOG INFO Higher-Order Interaction Ranking
[((9, 15), 57.11825561523454), ((13, 15), 50.82529544830333), ((8, 15), 44.61954498291034), ((8, 9, 15), 40.11111259460449), ((9, 11, 15), 33.59883403778096), ((12, 13), 25.9398422241219), ((8, 13, 15), 23.634052276611328), ((1, 8, 9, 10, 11, 15), 22.915183067321777), ((3, 8, 13, 15), 22.291513442993164), ((6, 12, 13), 19.250343322753906), ((9, 11, 14, 15), 16.342918395996094), ((8, 9, 13, 15), 16.11275863647461), ((3, 8, 12, 13, 15), 15.945467948913574), ((8, 9, 11, 14, 15), 15.592894554138184), ((8, 9, 13, 15, 16), 15.515589714050293), ((6, 12, 13, 15), 14.710929870605469), ((7, 13, 15), 14.592180728912354), ((8, 9, 10, 11, 14, 15), 14.432010650634766), ((5, 8, 9, 13, 15, 16), 14.185810089111328), ((8, 9, 10, 11, 13, 14, 15), 13.9876708984375), ((3, 8, 9, 10, 11, 13, 14, 15), 12.832392692565918), ((3, 4, 8, 9, 10, 11, 13, 14, 15), 12.780497550964355), ((1, 5, 15), 11.957929611206055), ((3, 8, 11, 12, 13, 15), 11.449081420898438), ((6, 7, 12, 13, 15), 10.7322416305542), ((1, 3, 8, 11, 12, 13, 15), 10.431463241577148), ((3, 4, 5, 8, 9, 10, 11, 13, 14, 15), 10.063953399658203), ((1, 5, 8, 9, 10, 11, 15), 9.999601364135742), ((1, 3, 8, 9, 11, 12, 13, 15), 9.996818542480469), ((6, 7, 12, 13, 15, 16), 9.929924964904785), ((5, 8, 9, 12, 15, 16), 8.785088539123535), ((1, 5, 12, 15), 8.676939964294606), ((1, 6, 10), 8.63087272644043), ((1, 6, 10, 11), 8.561079978942871), ((1, 6, 10, 11, 14), 8.382095336914062), ((8, 9, 10, 16), 8.084328651428223), ((1, 8, 9, 10, 11, 14, 15), 7.842761993408203), ((1, 2, 3, 4, 5, 6, 7, 8, 9, 10, 11, 12, 13, 14, 15, 16), 7.809285629075712)]
12:29:27,820 NID_LOG INFO Pairwise Interaction Ranking
[((8, 15), 140.37822), ((13, 15), 125.7528), ((9, 15), 120.858116), ((8, 9), 119.823746), ((8, 13), 97.89101), ((5, 15), 88.26901), ((5, 8), 84.703285), ((11, 15), 84.17814), ((5, 9), 82.989105), ((12, 13), 82.81596), ((9, 13), 80.21002), ((12, 15), 80.09459), ((1, 15), 79.736946), ((8, 16), 78.56581), ((9, 11), 77.04407), ((3, 13), 75.782974), ((8, 11), 75.73775), ((15, 16), 74.706604), ((5, 13), 74.29153), ((9, 16), 71.86212), ((1, 8), 70.65011), ((1, 9), 69.75008), ((8, 10), 69.173805), ((13, 16), 68.71535), ((1, 11), 68.583664), ((8, 12), 67.93953), ((3, 15), 67.929), ((7, 15), 66.530045), ((3, 8), 65.87635), ((10, 15), 65.58736), ((5, 16), 64.0035), ((9, 10), 63.910366), ((1, 5), 63.57785), ((7, 13), 61.399876), ((12, 16), 61.21975), ((10, 11), 60.623), ((9, 12), 60.099834), ((5, 12), 59.15069), ((1, 13), 57.783157), ((1, 12), 57.01166), ((4, 13), 56.806812), ((11, 13), 56.78349), ((11, 14), 56.358734), ((1, 10), 55.93496), ((3, 12), 55.775352), ((8, 14), 55.155254), ((14, 15), 55.090538), ((3, 9), 54.352043), ((7, 12), 53.38786), ((4, 8), 53.305832), ((6, 13), 53.02871), ((7, 16), 52.795734), ((7, 8), 52.382973), ((9, 14), 52.37437), ((13, 14), 52.359627), ((4, 5), 52.071938), ((6, 12), 51.546318), ((1, 16), 51.410767), ((4, 14), 50.649452), ((4, 9), 50.50559), ((6, 15), 50.05452), ((4, 15), 49.84101), ((1, 14), 49.578175), ((3, 5), 49.383133), ((10, 14), 48.909782), ((5, 11), 48.383846), ((11, 12), 47.52755), ((5, 7), 47.505753), ((10, 13), 47.080505), ((4, 10), 46.70469), ((10, 16), 46.525734), ((4, 11), 46.478935), ((11, 16), 45.86868), ((3, 11), 45.663837), ((5, 10), 45.444847), ((7, 9), 44.538208), ((3, 4), 44.28603), ((6, 16), 44.229202), ((1, 4), 44.08863), ((6, 7), 43.60631), ((10, 12), 43.209892), ((1, 3), 43.103035), ((3, 16), 42.921272), ((4, 12), 42.887897), ((5, 14), 42.144432), ((14, 16), 42.109238), ((4, 16), 42.03217), ((1, 7), 41.313267), ((2, 12), 41.168957), ((2, 15), 40.401478), ((1, 2), 40.38726), ((7, 11), 39.1339), ((1, 6), 39.042397), ((3, 7), 38.937023), ((2, 16), 38.52993), ((6, 8), 38.529808), ((2, 13), 37.817917), ((3, 14), 37.630547), ((2, 8), 36.97987), ((3, 10), 36.94787), ((12, 14), 36.68168), ((4, 7), 36.631546), ((2, 11), 36.62943), ((2, 5), 36.25933), ((6, 11), 36.24428), ((2, 9), 36.19173), ((2, 7), 34.839745), ((6, 9), 34.75169), ((6, 14), 34.46772), ((2, 3), 34.273937), ((2, 6), 34.22067), ((7, 10), 33.62405), ((6, 10), 33.201492), ((4, 6), 33.12596), ((5, 6), 32.920086), ((7, 14), 32.790005), ((2, 4), 32.63936), ((2, 14), 32.57875), ((2, 10), 30.943895), ((3, 6), 30.513868)]
12:29:27,872 NID_LOG INFO Fold num: 2
12:29:32,768 NID_LOG INFO Initialized
12:29:52,73 NID_LOG INFO Epoch: 50
12:29:52,73 NID_LOG INFO 	learning rate:0.00080994656
12:29:52,644 NID_LOG INFO 	train acc:1.0 test acc:1.0
12:30:13,444 NID_LOG INFO Epoch: 100
12:30:13,444 NID_LOG INFO 	learning rate:6.232128e-05
12:30:14,77 NID_LOG INFO 	train acc:1.0 test acc:1.0
12:30:34,776 NID_LOG INFO Epoch: 150
12:30:34,776 NID_LOG INFO 	learning rate:4.7953063e-06
12:30:35,318 NID_LOG INFO 	train acc:1.0 test acc:1.0
12:30:54,851 NID_LOG INFO Epoch: 200
12:30:54,851 NID_LOG INFO 	learning rate:3.689745e-07
12:30:55,451 NID_LOG INFO 	train acc:1.0 test acc:1.0
12:30:56,378 NID_LOG INFO 	train (1-auc):0.004773557186126709
12:30:56,743 NID_LOG INFO 	test (1-auc):0.01128697395324707
12:30:56,744 NID_LOG INFO Done fold running
12:30:56,861 NID_LOG INFO Higher-Order Interaction Ranking
[((13, 15), 73.21110153198278), ((5, 13), 54.36475849151659), ((8, 9), 38.11346483230591), ((3, 5, 13), 35.47388458251953), ((9, 13, 15), 29.863615036010742), ((8, 9, 11, 15), 28.5897159576416), ((1, 3, 5, 13), 25.805814743041992), ((6, 13), 25.733825683594294), ((3, 9, 13, 15), 24.573362350463867), ((3, 8, 9, 13, 15), 22.92862892150879), ((1, 13, 15), 22.562448501586914), ((7, 11), 21.97092056274414), ((1, 9, 13, 15), 21.212196350097656), ((1, 8, 9, 13, 15), 20.91645622253418), ((7, 16), 18.34101676941011), ((1, 5, 8, 9, 13, 15), 18.08595085144043), ((6, 13, 16), 17.605579376220703), ((1, 3, 4, 5, 13), 16.024417877197266), ((4, 9), 15.821787834167644), ((1, 10), 15.556689262390137), ((1, 5, 8, 9, 11, 13, 15), 15.334700584411621), ((10, 11), 14.625504493713569), ((1, 5, 8, 9, 11, 13, 15, 16), 14.438368797302246), ((1, 5, 8, 9, 11, 13, 14, 15, 16), 14.418885231018066), ((1, 10, 14), 14.30564022064209), ((4, 9, 15), 13.958756446838379), ((4, 9, 11, 15), 13.926487922668457), ((6, 12), 13.788942337036133), ((4, 9, 11, 14, 15), 13.674066543579102), ((3, 8, 9, 12, 13, 15), 13.371313095092773), ((1, 6, 10, 14), 13.185019493103027), ((4, 12), 13.089659690857287), ((1, 2, 3, 4, 5, 13), 12.95780086517334), ((1, 2, 3, 4, 5, 6, 7, 8, 9, 10, 11, 12, 13, 14, 15, 16), 12.132900886578073)]
12:30:56,864 NID_LOG INFO Pairwise Interaction Ranking
[((8, 15), 163.46559), ((13, 15), 163.07822), ((8, 9), 158.86902), ((9, 15), 153.55457), ((5, 13), 133.34253), ((9, 13), 132.95164), ((8, 13), 127.509186), ((9, 11), 112.50244), ((8, 12), 111.84973), ((8, 11), 111.21538), ((3, 13), 110.87671), ((5, 8), 110.32324), ((11, 15), 110.2048), ((12, 15), 109.67888), ((5, 15), 109.11128), ((13, 16), 108.62119), ((9, 12), 107.610435), ((11, 12), 106.19408), ((9, 16), 104.01546), ((5, 12), 103.28027), ((5, 16), 101.85191), ((12, 16), 98.76849), ((8, 16), 98.744286), ((11, 14), 97.65874), ((15, 16), 97.339554), ((12, 13), 97.19078), ((5, 9), 97.129715), ((1, 5), 96.17995), ((11, 16), 96.17843), ((3, 5), 96.094215), ((1, 8), 95.17427), ((4, 13), 94.65354), ((4, 8), 94.57582), ((4, 12), 93.49629), ((4, 5), 92.50198), ((1, 13), 91.3826), ((4, 15), 91.264404), ((10, 11), 89.92369), ((3, 15), 89.76082), ((5, 11), 88.35555), ((1, 11), 87.39869), ((3, 12), 87.338005), ((3, 9), 86.97104), ((4, 9), 86.585304), ((3, 8), 86.30768), ((11, 13), 85.95541), ((1, 15), 85.92113), ((10, 12), 85.88385), ((10, 15), 84.987915), ((9, 14), 84.35028), ((4, 11), 83.57516), ((12, 14), 83.17482), ((8, 14), 83.16444), ((1, 12), 81.847404), ((4, 16), 81.7296), ((14, 15), 81.719376), ((10, 13), 81.46561), ((8, 10), 81.31411), ((14, 16), 79.96803), ((1, 9), 79.90724), ((6, 13), 79.30045), ((5, 10), 77.81262), ((7, 16), 77.036385), ((9, 10), 76.62674), ((1, 4), 76.6241), ((1, 14), 76.30011), ((6, 12), 76.2982), ((7, 11), 75.14524), ((1, 10), 73.96815), ((3, 4), 73.542015), ((6, 16), 71.908966), ((4, 14), 70.716354), ((10, 16), 70.60998), ((1, 16), 70.55515), ((6, 9), 70.19362), ((13, 14), 69.90251), ((7, 12), 69.00918), ((1, 3), 68.122055), ((4, 10), 67.80201), ((3, 10), 67.796555), ((6, 8), 67.709015), ((5, 14), 67.40619), ((2, 13), 66.55271), ((10, 14), 66.29579), ((3, 16), 65.78891), ((2, 12), 65.774956), ((7, 9), 65.17355), ((6, 10), 64.0152), ((7, 8), 63.757885), ((2, 5), 63.71862), ((3, 11), 63.46114), ((6, 11), 61.341774), ((6, 15), 61.295002), ((5, 7), 60.656704), ((2, 4), 60.510883), ((7, 15), 59.65619), ((2, 9), 59.63636), ((3, 14), 59.038815), ((7, 14), 57.666874), ((4, 7), 57.65295), ((2, 10), 57.44568), ((2, 15), 57.31485), ((5, 6), 57.306114), ((6, 14), 57.232567), ((2, 16), 56.593056), ((7, 13), 55.941353), ((3, 7), 54.85878), ((2, 8), 54.05755), ((1, 6), 53.27583), ((2, 3), 52.315796), ((2, 11), 52.192566), ((3, 6), 51.211166), ((7, 10), 48.85105), ((1, 2), 47.914375), ((1, 7), 47.507195), ((4, 6), 47.37571), ((2, 6), 43.529457), ((2, 14), 42.45778), ((2, 7), 40.823696), ((6, 7), 36.740173)]
12:30:56,947 NID_LOG INFO Fold num: 3
12:31:03,570 NID_LOG INFO Initialized
12:31:23,460 NID_LOG INFO Epoch: 50
12:31:23,461 NID_LOG INFO 	learning rate:0.00080994656
12:31:24,69 NID_LOG INFO 	train acc:1.0 test acc:1.0
12:31:41,747 NID_LOG INFO Epoch: 100
12:31:41,748 NID_LOG INFO 	learning rate:6.232128e-05
12:31:42,338 NID_LOG INFO 	train acc:1.0 test acc:1.0
12:32:03,869 NID_LOG INFO Epoch: 150
12:32:03,869 NID_LOG INFO 	learning rate:4.7953063e-06
12:32:04,843 NID_LOG INFO 	train acc:1.0 test acc:1.0
12:32:23,511 NID_LOG INFO Epoch: 200
12:32:23,511 NID_LOG INFO 	learning rate:3.689745e-07
12:32:24,102 NID_LOG INFO 	train acc:1.0 test acc:1.0
12:32:25,223 NID_LOG INFO 	train (1-auc):0.0007966756820678711
12:32:25,738 NID_LOG INFO 	test (1-auc):0.006812393665313721
12:32:25,738 NID_LOG INFO Done fold running
12:32:25,883 NID_LOG INFO Higher-Order Interaction Ranking
[((8, 9), 100.87949180603076), ((8, 10), 72.12302398681707), ((9, 15), 57.26939773559661), ((13, 15), 56.85673332214418), ((8, 15), 51.547922134400494), ((8, 9, 15), 47.30387306213379), ((5, 8, 9), 46.35479736328125), ((15, 16), 41.43672180175781), ((10, 15, 16), 40.95376968383789), ((8, 9, 11, 15), 40.58468437194824), ((3, 13), 40.288700103759766), ((8, 9, 11, 13, 15), 36.2929744720459), ((1, 5, 9), 33.493133544921875), ((1, 8), 33.28856658935547), ((3, 5, 13), 32.813655853271484), ((1, 2, 3, 4, 5, 6, 7, 8, 9, 10, 11, 12, 13, 14, 15, 16), 32.155298578847386)]
12:32:25,886 NID_LOG INFO Pairwise Interaction Ranking
[((13, 15), 298.59058), ((11, 15), 285.32812), ((9, 15), 282.14435), ((8, 15), 275.5885), ((5, 9), 272.50388), ((9, 13), 267.44458), ((11, 12), 262.2222), ((11, 13), 260.08224), ((8, 9), 259.19595), ((12, 15), 255.42947), ((8, 10), 253.54193), ((5, 13), 252.93172), ((5, 15), 252.70807), ((10, 15), 247.46451), ((8, 11), 246.87122), ((9, 11), 244.3727), ((12, 13), 242.23978), ((10, 12), 241.71237), ((8, 13), 237.99374), ((10, 13), 228.78342), ((5, 11), 225.94997), ((5, 8), 225.15332), ((6, 13), 223.39111), ((7, 15), 221.38205), ((15, 16), 221.10233), ((1, 8), 219.37338), ((9, 12), 218.29672), ((6, 15), 217.14815), ((1, 13), 212.98064), ((3, 15), 210.51572), ((1, 9), 210.1948), ((8, 12), 210.09775), ((5, 6), 209.50671), ((5, 12), 207.90813), ((6, 8), 207.22412), ((1, 10), 205.82591), ((4, 15), 204.69423), ((10, 11), 204.48192), ((1, 11), 204.07301), ((7, 13), 202.67365), ((8, 14), 202.00038), ((5, 10), 201.8265), ((3, 13), 201.53027), ((1, 5), 200.20808), ((1, 15), 199.02292), ((9, 10), 195.66785), ((3, 9), 193.82904), ((6, 11), 190.9767), ((6, 10), 189.83667), ((10, 14), 189.82729), ((7, 11), 189.61325), ((14, 15), 188.90036), ((11, 14), 188.37274), ((4, 11), 187.35785), ((13, 14), 187.03201), ((5, 7), 186.95798), ((10, 16), 186.53433), ((6, 9), 185.83667), ((4, 12), 184.92822), ((13, 16), 184.80801), ((1, 12), 184.44116), ((11, 16), 184.1679), ((4, 13), 182.24246), ((1, 6), 180.8919), ((1, 14), 180.76129), ((4, 9), 180.54535), ((4, 5), 180.24481), ((6, 12), 179.96283), ((7, 12), 179.06372), ((4, 8), 178.2332), ((12, 14), 176.6113), ((5, 16), 174.81218), ((3, 5), 174.58453), ((4, 10), 174.07225), ((3, 10), 173.24771), ((3, 11), 172.36974), ((7, 9), 170.79471), ((1, 3), 169.86667), ((6, 7), 168.49701), ((5, 14), 168.39406), ((3, 8), 168.28528), ((12, 16), 167.81381), ((9, 16), 167.6749), ((3, 12), 167.53096), ((7, 8), 165.56161), ((4, 6), 163.85895), ((4, 7), 160.42426), ((7, 10), 157.40024), ((1, 16), 157.14948), ((6, 14), 153.40213), ((6, 16), 153.28062), ((9, 14), 152.77356), ((8, 16), 152.53705), ((3, 7), 151.2619), ((3, 6), 150.91849), ((1, 4), 150.76202), ((1, 7), 141.01596), ((2, 15), 140.98819), ((14, 16), 136.33826), ((3, 16), 135.70268), ((7, 16), 132.80574), ((4, 14), 132.73549), ((2, 11), 131.76309), ((3, 4), 131.67184), ((3, 14), 130.76208), ((4, 16), 128.80156), ((2, 10), 127.58062), ((2, 8), 127.49062), ((2, 12), 125.99652), ((7, 14), 123.650955), ((2, 9), 123.01315), ((2, 5), 122.812706), ((2, 13), 119.031845), ((1, 2), 118.14281), ((2, 4), 117.44408), ((2, 14), 114.59198), ((2, 6), 112.7672), ((2, 7), 112.703865), ((2, 3), 108.750244), ((2, 16), 105.42368)]
12:32:25,984 NID_LOG INFO Fold num: 4
12:32:33,950 NID_LOG INFO Initialized
12:32:55,374 NID_LOG INFO Epoch: 50
12:32:55,374 NID_LOG INFO 	learning rate:0.00080994656
12:32:56,140 NID_LOG INFO 	train acc:1.0 test acc:1.0
12:33:13,826 NID_LOG INFO Epoch: 100
12:33:13,826 NID_LOG INFO 	learning rate:6.232128e-05
12:33:14,551 NID_LOG INFO 	train acc:1.0 test acc:1.0
12:33:31,645 NID_LOG INFO Epoch: 150
12:33:31,645 NID_LOG INFO 	learning rate:4.7953063e-06
12:33:32,370 NID_LOG INFO 	train acc:1.0 test acc:1.0
12:33:50,117 NID_LOG INFO Epoch: 200
12:33:50,117 NID_LOG INFO 	learning rate:3.689745e-07
12:33:50,849 NID_LOG INFO 	train acc:1.0 test acc:1.0
12:33:52,147 NID_LOG INFO 	train (1-auc):0.0038343071937561035
12:33:52,708 NID_LOG INFO 	test (1-auc):0.013617157936096191
12:33:52,708 NID_LOG INFO Done fold running
12:33:52,883 NID_LOG INFO Higher-Order Interaction Ranking
[((5, 13), 43.79837226867711), ((8, 9), 36.614425182342664), ((11, 15), 32.45977497100864), ((8, 9, 15), 28.33345317840576), ((10, 15), 24.660076141357422), ((6, 13), 23.94397354126016), ((12, 15), 23.810247898101807), ((5, 9), 22.570850372314453), ((4, 12, 15), 19.593936920166016), ((6, 12, 13), 18.34119415283203), ((5, 8, 13), 18.308591842651367), ((11, 13, 15), 18.01302146911621), ((5, 9, 16), 17.09642791748047), ((6, 12, 13, 16), 17.095260620117188), ((6, 9, 12, 13, 16), 16.377233505249023), ((8, 10, 15), 15.727498054504608), ((5, 10, 13), 15.584334373474121), ((4, 10, 12, 15), 15.401750564575195), ((8, 10, 15, 16), 15.363846778869629), ((8, 11), 14.951153755188272), ((3, 5, 10, 13), 14.713716506958008), ((5, 9, 13, 16), 14.467564582824707), ((1, 5, 8, 13), 14.451844215393066), ((1, 5, 8, 10, 13), 14.418160438537598), ((4, 10, 12, 13, 15), 13.507636070251465), ((1, 6, 10, 13), 12.880227088928336), ((7, 8, 9, 15), 12.648585319519043), ((8, 11, 13, 15), 11.89706802368164), ((4, 8, 10, 12, 13, 15), 11.691036224365234), ((3, 8, 10, 15, 16), 11.530416488647461), ((8, 9, 11, 13, 15), 11.509520530700684), ((11, 12), 11.431543350219727), ((1, 5, 9, 13, 16), 11.321439743042083), ((3, 9, 12), 11.271478652954102), ((8, 10, 11), 11.230343818664677), ((3, 5, 8, 10, 13), 11.220710754394531), ((6, 9, 12, 13, 15, 16), 11.1368989944458), ((2, 4, 8, 10, 12, 13, 15), 11.063427925109863), ((8, 10, 11, 12), 11.06295108795166), ((3, 9, 12, 13), 10.445293426513672), ((7, 8, 9, 11, 15), 10.417888641357422), ((7, 8, 9, 11, 12, 15), 10.286856651306152), ((3, 4, 5, 8, 10, 13), 10.256591796875), ((4, 8, 9), 10.232846260071156), ((6, 7, 9, 12, 13, 15, 16), 10.06017017364502), ((7, 8, 9, 11, 12, 15, 16), 9.38950252532959), ((1, 3, 4, 5, 8, 10, 13), 9.285870552062988), ((1, 2, 4, 8, 10, 12, 13, 15), 9.27220630645752), ((5, 15), 9.139756202697923), ((1, 5, 6, 10, 13), 9.100729942321777), ((1, 4, 5, 6, 10, 13), 8.973855018615723), ((1, 5, 8, 10, 12, 13), 8.963876724243164), ((3, 11), 8.852790832520453), ((3, 8, 9, 12, 13), 8.814381599426408), ((1, 2, 3, 4, 5, 6, 7, 8, 9, 10, 11, 12, 13, 14, 15, 16), 8.787855234812625)]
12:33:52,886 NID_LOG INFO Pairwise Interaction Ranking
[((8, 10), 121.33403), ((8, 15), 120.02697), ((8, 9), 117.331085), ((8, 12), 114.62727), ((5, 13), 111.74596), ((8, 13), 110.15181), ((10, 15), 108.55217), ((8, 11), 107.5433), ((5, 8), 106.60704), ((12, 15), 103.665405), ((9, 15), 99.416916), ((10, 13), 98.29336), ((12, 13), 98.216774), ((10, 12), 98.06028), ((11, 15), 94.071045), ((13, 15), 93.39866), ((11, 12), 91.99504), ((8, 16), 91.782776), ((9, 12), 90.972435), ((5, 10), 90.685486), ((4, 8), 88.75928), ((9, 13), 88.541565), ((12, 16), 88.30735), ((6, 13), 87.66196), ((1, 13), 87.401596), ((9, 11), 87.38711), ((1, 8), 87.20812), ((9, 16), 87.185486), ((1, 10), 86.4126), ((15, 16), 85.808365), ((4, 12), 85.67322), ((6, 9), 85.100746), ((5, 12), 84.82915), ((10, 16), 84.3459), ((13, 16), 82.63787), ((5, 9), 82.61071), ((6, 12), 81.85162), ((6, 8), 80.55319), ((1, 5), 80.3244), ((3, 8), 77.4521), ((11, 13), 76.83261), ((6, 10), 75.502365), ((5, 15), 75.42679), ((4, 13), 75.13414), ((4, 10), 74.77228), ((4, 5), 74.54863), ((10, 11), 73.87854), ((5, 11), 73.019066), ((6, 11), 72.56462), ((5, 16), 71.33777), ((9, 10), 69.55185), ((6, 16), 69.09272), ((4, 15), 68.321144), ((7, 8), 67.866425), ((3, 12), 67.118835), ((8, 14), 66.70996), ((6, 15), 66.67137), ((7, 15), 66.32565), ((3, 5), 66.32359), ((1, 6), 66.10511), ((1, 15), 65.86606), ((1, 16), 65.84154), ((7, 9), 65.824745), ((1, 12), 65.59126), ((3, 10), 64.629005), ((11, 16), 64.057915), ((5, 6), 64.009384), ((7, 12), 63.402985), ((3, 13), 62.077507), ((1, 9), 61.275005), ((10, 14), 61.199776), ((7, 16), 60.82984), ((1, 11), 59.93183), ((1, 4), 59.1382), ((4, 11), 59.065777), ((3, 6), 59.03849), ((2, 8), 58.6821), ((14, 15), 58.64448), ((3, 9), 58.244316), ((3, 15), 57.244667), ((3, 11), 57.203655), ((9, 14), 57.021027), ((7, 11), 56.919327), ((7, 13), 56.587585), ((5, 7), 56.157066), ((2, 12), 55.87883), ((4, 9), 55.746437), ((5, 14), 55.29122), ((12, 14), 55.283237), ((4, 6), 55.081123), ((14, 16), 54.82746), ((3, 4), 54.54924), ((7, 10), 53.76185), ((2, 13), 53.510612), ((13, 14), 53.498493), ((11, 14), 53.357628), ((6, 7), 53.27072), ((3, 16), 53.269756), ((6, 14), 50.738396), ((2, 10), 50.200394), ((4, 16), 50.15554), ((1, 2), 49.882538), ((2, 5), 48.36286), ((2, 6), 48.245224), ((2, 11), 47.89244), ((2, 4), 47.49665), ((1, 3), 47.454113), ((7, 14), 47.12426), ((2, 15), 46.09135), ((4, 14), 46.080063), ((2, 16), 44.069393), ((1, 14), 43.979187), ((2, 3), 43.43992), ((1, 7), 42.001022), ((2, 9), 41.47497), ((3, 7), 40.804497), ((4, 7), 39.93328), ((3, 14), 39.649197), ((2, 14), 37.622257), ((2, 7), 35.44276)]
12:33:53,5 NID_LOG INFO Final validation error:0.011639237403869629
12:33:53,7 NID_LOG INFO Final results:
##############
Higher-Order Interaction Ranking
[((13, 15), 46.97567768096951), ((8, 9), 35.121476364135866), ((9, 15), 28.30948638916044), ((8, 15), 26.638468170166455), ((8, 9, 15), 23.14968776702881), ((5, 13), 19.63262615203874), ((8, 10), 17.52727317810072), ((3, 5, 13), 16.464945793151855), ((6, 13), 14.739998245239445), ((1, 2, 3, 4, 5, 6, 7, 8, 9, 10, 11, 12, 13, 14, 15, 16), 14.055187381768453), ((8, 9, 11, 15), 13.834880065917968), ((8, 9, 11, 13, 15), 12.544914245605469), ((6, 12, 13), 12.035993957519532), ((9, 13), 11.532674026490877), ((9, 11, 15), 10.890234565734904), ((5, 8, 9), 9.27095947265625), ((5, 9), 9.059946441650391), ((15, 16), 8.287344360351563), ((10, 15, 16), 8.190753936767578), ((3, 13), 8.057740020751954), ((11, 13, 15), 7.3325069427491005), ((1, 8, 9, 10, 11, 15), 7.112503242492676), ((1, 5, 9), 6.698626708984375), ((1, 8), 6.657713317871094), ((6, 12, 13, 16), 6.552630424499512), ((11, 15), 6.491954994201729), ((9, 13, 15), 5.972723007202148), ((5, 9, 13, 16), 5.468971633911133), ((12, 13), 5.18796844482438), ((1, 3, 5, 13), 5.161162948608398), ((8, 9, 11), 4.976090812683106), ((10, 15), 4.932015228271484), ((3, 9, 13, 15), 4.914672470092773), ((6, 9, 12, 13, 15, 16), 4.841808319091797), ((12, 15), 4.762049579620362), ((8, 13, 15), 4.726810455322266), ((3, 8, 9, 13, 15), 4.585725784301758), ((4, 9, 13), 4.570980834960937), ((1, 13, 15), 4.512489700317383), ((3, 8, 13, 15), 4.458302688598633), ((7, 11), 4.394184112548828), ((1, 9, 13, 15), 4.242439270019531), ((1, 8, 9, 13, 15), 4.183291244506836), ((4, 7, 9, 13), 4.1178028106689455), ((4, 12, 15), 3.918787384033203), ((4, 7, 9, 12, 13), 3.8725990295410155), ((3, 4, 7, 9, 12, 13), 3.7420005798339844), ((7, 16), 3.668203353882022), ((1, 9), 3.6621540069580076), ((5, 8, 13), 3.6617183685302734), ((1, 5, 8, 9, 13, 15), 3.6171901702880858), ((3, 4, 7, 9, 11, 12, 13), 3.6151329040527345), ((6, 13, 16), 3.5211158752441407), ((1, 3, 9), 3.493524932861328), ((3, 4, 7, 9, 11, 12, 13, 15), 3.4700130462646483), ((11, 15, 16), 3.430169677734429), ((5, 9, 16), 3.4192855834960936), ((6, 9, 12, 13, 16), 3.2754467010498045), ((9, 11, 14, 15), 3.2685836791992187), ((8, 9, 13, 15), 3.222551727294922), ((1, 3, 4, 5, 13), 3.204883575439453), ((3, 8, 12, 13, 15), 3.189093589782715), ((4, 9), 3.164357566833529), ((8, 10, 15), 3.1454996109009214), ((8, 9, 11, 14, 15), 3.1185789108276367), ((5, 10, 13), 3.116866874694824), ((1, 10), 3.1113378524780275), ((8, 9, 13, 15, 16), 3.1031179428100586), ((4, 10, 12, 15), 3.0803501129150392), ((6, 12, 13, 15, 16), 3.0731498718262076), ((8, 10, 15, 16), 3.072769355773926), ((1, 5, 8, 9, 11, 13, 15), 3.066940116882324), ((8, 9, 11, 13), 2.9994720458984374), ((8, 11), 2.9902307510376547), ((6, 8, 10), 2.961015701293986), ((3, 5, 10, 13), 2.9427433013916016), ((6, 12, 13, 15), 2.942185974121094), ((10, 11), 2.9251008987427136), ((1, 9, 11, 15), 2.923789405822754), ((5, 16), 2.920737838745156), ((7, 13, 15), 2.918436145782471), ((1, 5, 8, 13), 2.890368843078613), ((1, 5, 8, 9, 11, 13, 15, 16), 2.887673759460449), ((8, 9, 10, 11, 14, 15), 2.886402130126953), ((1, 5, 8, 9, 11, 13, 14, 15, 16), 2.883777046203613), ((1, 5, 8, 10, 13), 2.8836320877075194), ((1, 10, 14), 2.861128044128418), ((5, 8, 9, 13, 15, 16), 2.8371620178222656), ((5, 13, 16), 2.8034151077270506), ((8, 9, 10, 11, 13, 14, 15), 2.7975341796875), ((4, 9, 15), 2.7917512893676757), ((4, 9, 11, 15), 2.7852975845336916), ((6, 12), 2.7577884674072264), ((3, 4, 7, 8, 9, 11, 12, 13, 15), 2.755031967163086), ((4, 9, 11, 14, 15), 2.7348133087158204), ((4, 10, 12, 13, 15), 2.701527214050293), ((5, 9, 15), 2.683744430541992), ((1, 8, 9, 11, 15), 2.6829706192016602), ((3, 8, 9, 12, 13, 15), 2.6742626190185548), ((1, 6, 10, 14), 2.6370038986206055), ((4, 12), 2.6179319381714574), ((1, 2, 3, 4, 5, 13), 2.591560173034668), ((1, 6, 10, 13), 2.576045417785667), ((3, 8, 9, 10, 11, 13, 14, 15), 2.5664785385131834), ((3, 4, 8, 9, 10, 11, 13, 14, 15), 2.556099510192871), ((7, 8, 9, 15), 2.5297170639038087), ((10, 11, 15, 16), 2.478906440734863), ((5, 9, 12, 15), 2.4385307312011717), ((1, 5, 9, 12, 15), 2.423773002624512), ((1, 5, 15), 2.391585922241211), ((6, 9, 10, 12, 13, 15, 16), 2.3881048202514648), ((8, 11, 13, 15), 2.379413604736328), ((5, 8, 9, 11, 13, 15), 2.351380729675293), ((4, 8, 10, 12, 13, 15), 2.338207244873047), ((5, 9, 11, 13, 14, 15), 2.3093957901000977), ((3, 8, 10, 15, 16), 2.3060832977294923), ((3, 8, 11, 12, 13, 15), 2.2898162841796874), ((1, 6, 8, 10), 2.286925506591797), ((11, 12), 2.2863086700439452), ((1, 5, 9, 13, 16), 2.2642879486084166), ((3, 9, 12), 2.2542957305908202), ((8, 10, 11), 2.2460687637329353), ((3, 5, 8, 10, 13), 2.2441421508789063), ((2, 4, 8, 10, 12, 13, 15), 2.2126855850219727), ((8, 10, 11, 12), 2.212590217590332), ((6, 7, 9, 10, 12, 13, 15, 16), 2.1885915756225587), ((1, 9, 13), 2.173552894592285), ((4, 12, 14), 2.1568870544433594), ((6, 7, 12, 13, 15), 2.14644832611084), ((4, 12, 14, 16), 2.126515197753906), ((3, 9, 12, 13), 2.089058685302734), ((1, 3, 8, 11, 12, 13, 15), 2.0862926483154296), ((7, 8, 9, 11, 15), 2.0835777282714845), ((7, 10, 11, 15, 16), 2.076815605163574), ((7, 8, 9, 11, 12, 15), 2.0573713302612306), ((3, 4, 5, 8, 10, 13), 2.051318359375), ((1, 6, 8, 10, 11), 2.0482128143310545), ((4, 8, 9), 2.046569252014231), ((6, 7, 9, 10, 11, 12, 13, 15, 16), 2.0156688690185547), ((1, 5, 9, 12, 14, 15), 2.0153791427612306), ((3, 4, 5, 8, 9, 10, 11, 13, 14, 15), 2.0127906799316406), ((6, 7, 9, 12, 13, 15, 16), 2.012034034729004), ((1, 5, 8, 9, 10, 11, 15), 1.9999202728271483), ((1, 3, 8, 9, 11, 12, 13, 15), 1.9993637084960938), ((6, 7, 12, 13, 15, 16), 1.985984992980957), ((3, 4, 6, 7, 8, 9, 11, 12, 13, 15), 1.9585723876953125), ((5, 7, 9, 13, 16), 1.9574228286743165), ((8, 15, 16), 1.9525955200195313), ((3, 4, 5, 13), 1.940824317932129), ((1, 3, 5, 9, 12, 14, 15), 1.9348505020141602), ((4, 10, 12, 14, 16), 1.8995182037353515), ((3, 4, 5, 10, 13), 1.8905149459838868), ((3, 4, 5, 9, 10, 13), 1.8855045318603516), ((7, 8, 9, 11, 12, 15, 16), 1.8779005050659179), ((1, 3, 4, 5, 8, 10, 13), 1.8571741104125976), ((1, 2, 4, 8, 10, 12, 13, 15), 1.854441261291504), ((5, 15), 1.8279512405395846), ((1, 5, 6, 10, 13), 1.8201459884643554), ((1, 4, 5, 6, 10, 13), 1.7947710037231446), ((1, 5, 8, 10, 12, 13), 1.7927753448486328), ((3, 11), 1.7705581665040906), ((3, 8, 9, 12, 13), 1.7628763198852817), ((5, 8, 9, 12, 15, 16), 1.7570177078247071), ((1, 5, 12, 15), 1.735387992858921), ((1, 6, 10), 1.726174545288086), ((1, 6, 10, 11), 1.7122159957885743), ((1, 6, 10, 11, 14), 1.6764190673828125), ((8, 9, 10, 16), 1.6168657302856446), ((1, 8, 9, 10, 11, 14, 15), 1.5685523986816405)]
12:33:53,8 NID_LOG INFO Pairwise Interaction Ranking
[((8, 15), 167.9096923828125), ((13, 15), 164.7901611328125), ((9, 15), 160.5067138671875), ((8, 9), 149.6868896484375), ((11, 15), 144.50728759765624), ((9, 13), 141.64324951171875), ((5, 13), 133.68182373046875), ((12, 15), 132.99580078125), ((8, 13), 130.73433837890624), ((5, 9), 129.754150390625), ((8, 11), 129.39417724609376), ((9, 11), 128.5698974609375), ((5, 15), 125.305322265625), ((12, 13), 123.2904541015625), ((8, 10), 121.6496337890625), ((5, 8), 120.6919677734375), ((10, 15), 119.539501953125), ((8, 12), 119.3605712890625), ((11, 12), 119.19515380859374), ((11, 13), 115.4290771484375), ((9, 12), 114.6614501953125), ((15, 16), 114.45048828125), ((10, 12), 108.87373046875), ((1, 8), 108.84197998046875), ((5, 12), 107.36806640625), ((6, 13), 107.23258056640626), ((3, 13), 106.014697265625), ((7, 15), 105.31357421875), ((10, 13), 104.095361328125), ((5, 11), 103.91162109375), ((10, 11), 102.63079833984375), ((1, 15), 102.4660400390625), ((3, 15), 102.16296997070313), ((13, 16), 101.71083374023438), ((1, 5), 100.38641357421875), ((4, 15), 99.98981323242188), ((1, 9), 99.67278442382812), ((4, 12), 99.6605224609375), ((1, 13), 99.296435546875), ((4, 8), 99.0730224609375), ((9, 16), 98.35020751953125), ((8, 14), 98.315771484375), ((6, 15), 98.0116455078125), ((8, 16), 97.81130981445312), ((3, 9), 97.6005615234375), ((14, 15), 97.403271484375), ((4, 13), 97.3064697265625), ((12, 16), 97.28598022460938), ((1, 10), 96.890625), ((1, 11), 96.81221923828124), ((11, 14), 96.14138793945312), ((5, 16), 96.12930908203126), ((6, 12), 96.01019897460938), ((9, 10), 95.89832153320313), ((5, 10), 95.72730102539063), ((6, 8), 94.95800170898437), ((4, 5), 93.62347412109375), ((7, 13), 93.17364501953125), ((3, 8), 93.1319580078125), ((3, 5), 92.719580078125), ((11, 16), 92.31607666015626), ((3, 12), 92.209521484375), ((6, 9), 91.56897583007813), ((1, 12), 91.1918701171875), ((10, 16), 90.94232177734375), ((4, 11), 90.90469360351562), ((4, 9), 90.77941284179687), ((7, 12), 90.48114013671875), ((7, 11), 89.81270751953124), ((6, 11), 89.6377197265625), ((6, 10), 88.6165771484375), ((5, 6), 88.0807373046875), ((12, 14), 87.72366333007812), ((13, 14), 87.15844116210937), ((7, 8), 87.06475830078125), ((10, 14), 87.03272705078125), ((9, 14), 86.83302001953125), ((7, 9), 86.10542602539063), ((4, 10), 85.679052734375), ((5, 7), 85.37825317382813), ((1, 14), 83.4781982421875), ((5, 14), 83.07046508789062), ((3, 11), 81.87915649414063), ((7, 16), 80.34561767578126), ((3, 10), 79.7344970703125), ((6, 16), 79.71036376953126), ((1, 16), 79.60848388671874), ((1, 6), 79.100146484375), ((3, 4), 76.99569091796874), ((1, 4), 76.90963134765624), ((1, 3), 76.882763671875), ((6, 7), 75.46781616210937), ((4, 14), 74.4659423828125), ((4, 7), 73.81239013671875), ((6, 14), 73.75538940429688), ((14, 16), 73.6460205078125), ((4, 6), 73.2491455078125), ((7, 10), 72.98447875976562), ((4, 16), 71.51129150390625), ((3, 6), 71.037451171875), ((3, 7), 69.77119140625), ((3, 16), 68.08333129882813), ((3, 14), 67.2446044921875), ((2, 12), 67.1910888671875), ((7, 14), 66.3123779296875), ((2, 15), 66.28599243164062), ((2, 8), 64.37593994140624), ((1, 7), 64.33843994140625), ((2, 13), 63.16695556640625), ((2, 5), 62.96680908203125), ((2, 11), 61.9248779296875), ((2, 10), 61.48485107421875), ((2, 4), 60.85919189453125), ((2, 9), 60.060479736328126), ((1, 2), 57.49990234375), ((2, 6), 56.08453369140625), ((2, 16), 55.7846435546875), ((2, 3), 55.32938232421875), ((2, 14), 54.172247314453124), ((2, 7), 52.77880859375)]
12:33:53,167 matplotlib.colorbar DEBUG locator: <matplotlib.ticker.MaxNLocator object at 0x000001D44CCF1CC0>
12:33:53,168 matplotlib.colorbar DEBUG Using auto colorbar locator on colorbar
12:33:53,168 matplotlib.colorbar DEBUG locator: <matplotlib.ticker.MaxNLocator object at 0x000001D44CCF1CC0>
12:33:53,168 matplotlib.colorbar DEBUG Setting pcolormesh
12:33:53,201 matplotlib.axes._base DEBUG update_title_pos
12:33:53,207 matplotlib.font_manager DEBUG findfont: Matching :family=sans-serif:style=normal:variant=normal:weight=normal:stretch=normal:size=11.0 to Arial ('C:\\WINDOWS\\Fonts\\arial.ttf') with score of 0.050000.
12:33:53,240 matplotlib.axes._base DEBUG update_title_pos
12:33:53,256 matplotlib.font_manager DEBUG findfont: Matching :family=sans-serif:style=normal:variant=normal:weight=normal:stretch=normal:size=12.0 to Arial ('C:\\WINDOWS\\Fonts\\arial.ttf') with score of 0.050000.
12:33:53,265 matplotlib.axes._base DEBUG update_title_pos
12:33:53,285 matplotlib.font_manager DEBUG findfont: Matching :family=sans-serif:style=normal:variant=normal:weight=normal:stretch=normal:size=20.0 to Arial ('C:\\WINDOWS\\Fonts\\arial.ttf') with score of 0.050000.
12:33:53,288 matplotlib.axes._base DEBUG update_title_pos
