17:48:00,335 root INFO Running NID framework
17:48:00,345 NID_LOG INFO Fold num: 0
17:48:02,149 NID_LOG INFO Initialized
17:48:03,99 NID_LOG INFO Epoch: 50
17:48:03,99 NID_LOG INFO 	learning rate:0.0010467389
17:48:03,216 NID_LOG INFO 	train acc:1.0 test acc:1.0
17:48:03,598 NID_LOG INFO Epoch: 100
17:48:03,598 NID_LOG INFO 	learning rate:0.000104087936
17:48:03,713 NID_LOG INFO 	train acc:1.0 test acc:1.0
17:48:04,123 NID_LOG INFO Epoch: 150
17:48:04,124 NID_LOG INFO 	learning rate:1.089529e-05
17:48:04,238 NID_LOG INFO 	train acc:1.0 test acc:1.0
17:48:04,626 NID_LOG INFO Epoch: 200
17:48:04,626 NID_LOG INFO 	learning rate:1.0834298e-06
17:48:04,758 NID_LOG INFO 	train acc:1.0 test acc:1.0
17:48:05,79 NID_LOG INFO 	train (1-auc):0.00020575523376464844
17:48:05,136 NID_LOG INFO 	test (1-auc):0.052416086196899414
17:48:05,137 NID_LOG INFO Done fold running
17:48:05,167 NID_LOG INFO Higher-Order Interaction Ranking
[((4, 5), 5.825184136629105), ((4, 6), 4.755876526236534), ((4, 7), 3.925880232819317), ((2, 6), 3.883981943130813), ((1, 4), 3.6160139888532656), ((2, 4), 3.384371027350821), ((1, 2, 3, 4, 5, 6, 7, 8), 3.2543485604429234)]
17:48:05,168 NID_LOG INFO Pairwise Interaction Ranking
[((1, 4), 20.717945), ((1, 6), 20.385765), ((1, 3), 18.951744), ((4, 6), 18.798), ((1, 5), 18.522432), ((4, 5), 18.402576), ((3, 6), 16.538975), ((3, 5), 16.439434), ((1, 8), 15.372621), ((1, 7), 15.009826), ((3, 4), 14.956681), ((5, 6), 14.802916), ((2, 6), 14.252191), ((6, 7), 14.032343), ((4, 7), 13.839077), ((4, 8), 13.690237), ((6, 8), 13.052107), ((1, 2), 12.375559), ((5, 8), 12.320506), ((3, 7), 12.010464), ((2, 4), 11.996149), ((3, 8), 11.717825), ((5, 7), 11.552713), ((7, 8), 10.429697), ((2, 3), 10.232091), ((2, 7), 9.896258), ((2, 8), 9.838142), ((2, 5), 9.469694)]
17:48:05,185 NID_LOG INFO Fold num: 1
17:48:07,321 NID_LOG INFO Initialized
17:48:08,403 NID_LOG INFO Epoch: 50
17:48:08,403 NID_LOG INFO 	learning rate:0.0010467389
17:48:08,605 NID_LOG INFO 	train acc:1.0 test acc:1.0
17:48:09,34 NID_LOG INFO Epoch: 100
17:48:09,34 NID_LOG INFO 	learning rate:0.000104087936
17:48:09,211 NID_LOG INFO 	train acc:1.0 test acc:1.0
17:48:09,624 NID_LOG INFO Epoch: 150
17:48:09,625 NID_LOG INFO 	learning rate:1.089529e-05
17:48:09,811 NID_LOG INFO 	train acc:1.0 test acc:1.0
17:48:10,478 NID_LOG INFO Epoch: 200
17:48:10,478 NID_LOG INFO 	learning rate:1.0834298e-06
17:48:10,656 NID_LOG INFO 	train acc:1.0 test acc:1.0
17:48:11,143 NID_LOG INFO 	train (1-auc):0.002869248390197754
17:48:11,282 NID_LOG INFO 	test (1-auc):0.0352170467376709
17:48:11,282 NID_LOG INFO Done fold running
17:48:11,342 NID_LOG INFO Higher-Order Interaction Ranking
[((1, 8), 9.662319257855415), ((1, 5), 8.423519816249609), ((1, 3, 5), 6.763083960860968), ((1, 2, 3, 4, 5, 6, 7, 8), 5.522825616723156)]
17:48:11,342 NID_LOG INFO Pairwise Interaction Ranking
[((1, 5), 28.30853), ((1, 3), 26.441135), ((4, 5), 26.31771), ((3, 5), 25.112072), ((1, 4), 22.715462), ((2, 3), 22.002394), ((1, 8), 21.31243), ((3, 4), 20.917355), ((1, 6), 20.698345), ((3, 6), 20.46686), ((1, 2), 20.165403), ((5, 6), 20.14633), ((4, 6), 19.824837), ((5, 8), 19.341991), ((4, 8), 19.132895), ((2, 6), 18.718176), ((2, 5), 18.367313), ((2, 4), 16.913298), ((1, 7), 14.554203), ((6, 8), 14.492974), ((5, 7), 14.465731), ((3, 8), 14.42506), ((2, 7), 13.692987), ((3, 7), 13.307437), ((4, 7), 13.183523), ((2, 8), 12.970188), ((6, 7), 12.506006), ((7, 8), 10.039547)]
17:48:11,409 NID_LOG INFO Fold num: 2
17:48:14,274 NID_LOG INFO Initialized
17:48:15,398 NID_LOG INFO Epoch: 50
17:48:15,398 NID_LOG INFO 	learning rate:0.0010467389
17:48:15,631 NID_LOG INFO 	train acc:1.0 test acc:1.0
17:48:16,99 NID_LOG INFO Epoch: 100
17:48:16,99 NID_LOG INFO 	learning rate:0.000104087936
17:48:16,342 NID_LOG INFO 	train acc:1.0 test acc:1.0
17:48:16,759 NID_LOG INFO Epoch: 150
17:48:16,759 NID_LOG INFO 	learning rate:1.089529e-05
17:48:17,21 NID_LOG INFO 	train acc:1.0 test acc:1.0
17:48:17,498 NID_LOG INFO Epoch: 200
17:48:17,498 NID_LOG INFO 	learning rate:1.0834298e-06
17:48:17,732 NID_LOG INFO 	train acc:1.0 test acc:1.0
17:48:18,292 NID_LOG INFO 	train (1-auc):0.002206742763519287
17:48:18,527 NID_LOG INFO 	test (1-auc):0.03511112928390503
17:48:18,528 NID_LOG INFO Done fold running
17:48:18,594 NID_LOG INFO Higher-Order Interaction Ranking
[((1, 4), 11.771215891467381), ((1, 5), 7.813642158743477), ((1, 4, 5), 5.084328640252352), ((1, 4, 5, 8), 4.406950421631336), ((1, 2, 3, 4, 5, 6, 7, 8), 3.315942202156107)]
17:48:18,595 NID_LOG INFO Pairwise Interaction Ranking
[((1, 4), 23.365496), ((1, 5), 22.337322), ((5, 8), 17.088945), ((1, 8), 16.916382), ((4, 5), 15.989943), ((1, 6), 15.347946), ((1, 3), 15.044933), ((5, 6), 14.822151), ((1, 7), 14.742547), ((4, 8), 14.069124), ((3, 4), 13.765015), ((5, 7), 13.758648), ((7, 8), 13.375221), ((6, 8), 13.335137), ((4, 6), 13.292078), ((3, 5), 12.950419), ((1, 2), 12.934191), ((6, 7), 12.757353), ((4, 7), 12.364088), ((3, 6), 12.219967), ((3, 8), 12.023449), ((3, 7), 11.99793), ((2, 4), 11.5205345), ((2, 7), 10.636822), ((2, 6), 10.147347), ((2, 5), 9.997021), ((2, 3), 9.126514), ((2, 8), 8.266682)]
17:48:18,635 NID_LOG INFO Fold num: 3
17:48:21,765 NID_LOG INFO Initialized
17:48:22,956 NID_LOG INFO Epoch: 50
17:48:22,956 NID_LOG INFO 	learning rate:0.0010467389
17:48:23,268 NID_LOG INFO 	train acc:1.0 test acc:1.0
17:48:23,679 NID_LOG INFO Epoch: 100
17:48:23,679 NID_LOG INFO 	learning rate:0.000104087936
17:48:23,999 NID_LOG INFO 	train acc:1.0 test acc:1.0
17:48:24,414 NID_LOG INFO Epoch: 150
17:48:24,414 NID_LOG INFO 	learning rate:1.089529e-05
17:48:24,735 NID_LOG INFO 	train acc:1.0 test acc:1.0
17:48:25,166 NID_LOG INFO Epoch: 200
17:48:25,167 NID_LOG INFO 	learning rate:1.0834298e-06
17:48:25,466 NID_LOG INFO 	train acc:1.0 test acc:1.0
17:48:26,72 NID_LOG INFO 	train (1-auc):0.0015759468078613281
17:48:26,313 NID_LOG INFO 	test (1-auc):0.010204136371612549
17:48:26,313 NID_LOG INFO Done fold running
17:48:26,393 NID_LOG INFO Higher-Order Interaction Ranking
[((1, 5), 15.122509866952896), ((4, 7), 12.200261606369168), ((3, 4), 9.471502024482186), ((1, 2, 3, 4, 5, 6, 7, 8), 8.381851657606749)]
17:48:26,394 NID_LOG INFO Pairwise Interaction Ranking
[((1, 5), 43.296997), ((5, 8), 40.626427), ((1, 8), 38.96598), ((4, 5), 38.458817), ((3, 5), 37.73156), ((3, 4), 37.699883), ((4, 7), 36.322983), ((1, 4), 36.104027), ((1, 7), 35.54623), ((1, 3), 34.932346), ((4, 8), 34.580032), ((3, 7), 34.36254), ((5, 6), 33.59379), ((3, 6), 33.12882), ((1, 6), 32.638744), ((3, 8), 32.547005), ((5, 7), 31.794493), ((7, 8), 30.357872), ((4, 6), 29.805107), ((6, 8), 29.796448), ((6, 7), 29.347797), ((2, 4), 29.319721), ((1, 2), 29.258976), ((2, 5), 28.72332), ((2, 7), 27.353203), ((2, 3), 27.16669), ((2, 8), 26.59077), ((2, 6), 24.391708)]
17:48:26,448 NID_LOG INFO Fold num: 4
17:48:29,900 NID_LOG INFO Initialized
17:48:31,125 NID_LOG INFO Epoch: 50
17:48:31,125 NID_LOG INFO 	learning rate:0.0010467389
17:48:31,475 NID_LOG INFO 	train acc:1.0 test acc:1.0
17:48:31,914 NID_LOG INFO Epoch: 100
17:48:31,914 NID_LOG INFO 	learning rate:0.000104087936
17:48:32,274 NID_LOG INFO 	train acc:1.0 test acc:1.0
17:48:32,722 NID_LOG INFO Epoch: 150
17:48:32,722 NID_LOG INFO 	learning rate:1.089529e-05
17:48:33,77 NID_LOG INFO 	train acc:1.0 test acc:1.0
17:48:33,508 NID_LOG INFO Epoch: 200
17:48:33,508 NID_LOG INFO 	learning rate:1.0834298e-06
17:48:33,869 NID_LOG INFO 	train acc:1.0 test acc:1.0
17:48:34,575 NID_LOG INFO 	train (1-auc):0.00014400482177734375
17:48:34,891 NID_LOG INFO 	test (1-auc):0.011224508285522461
17:48:34,892 NID_LOG INFO Done fold running
17:48:34,989 NID_LOG INFO Higher-Order Interaction Ranking
[((1, 5), 16.610612951219082), ((4, 6), 9.514587194425985), ((1, 2, 3, 4, 5, 6, 7, 8), 8.79135494943595)]
17:48:34,990 NID_LOG INFO Pairwise Interaction Ranking
[((1, 5), 43.427475), ((1, 4), 38.543552), ((4, 5), 38.25491), ((5, 8), 35.591778), ((1, 6), 33.867275), ((1, 8), 32.456863), ((5, 6), 31.399605), ((4, 6), 30.627031), ((1, 3), 30.313858), ((3, 6), 29.142826), ((4, 8), 28.869862), ((3, 5), 28.550058), ((5, 7), 28.00718), ((1, 7), 26.260174), ((3, 4), 26.255562), ((4, 7), 26.233465), ((3, 7), 25.212013), ((6, 7), 24.52127), ((2, 4), 24.480133), ((3, 8), 24.336906), ((7, 8), 24.156517), ((2, 8), 22.144459), ((6, 8), 21.957325), ((1, 2), 21.876606), ((2, 7), 21.536423), ((2, 5), 21.27697), ((2, 3), 20.907913), ((2, 6), 19.872929)]
17:48:35,56 NID_LOG INFO Final validation error:0.02883458137512207
17:48:35,56 NID_LOG INFO Final results:
##############
Higher-Order Interaction Ranking
[((1, 5), 9.594056958633013), ((1, 2, 3, 4, 5, 6, 7, 8), 5.853264597272977), ((4, 7), 3.2252283678376967), ((1, 4), 3.077445976064129), ((4, 6), 2.8540927441325037), ((1, 8), 1.932463851571083), ((3, 4), 1.8943004048964371), ((1, 3, 5), 1.3526167921721934), ((4, 5), 1.165036827325821), ((1, 4, 5), 1.0168657280504703), ((1, 4, 5, 8), 0.8813900843262672), ((2, 6), 0.7767963886261626), ((2, 4), 0.6768742054701642)]
17:48:35,56 NID_LOG INFO Pairwise Interaction Ranking
[((1, 5), 31.17855224609375), ((1, 4), 28.28929748535156), ((4, 5), 27.4847900390625), ((1, 3), 25.13680419921875), ((1, 8), 25.004855346679687), ((5, 8), 24.993930053710937), ((1, 6), 24.587615966796875), ((3, 5), 24.156709289550783), ((5, 6), 22.95295867919922), ((3, 4), 22.718898010253906), ((4, 6), 22.469410705566407), ((3, 6), 22.29949035644531), ((4, 8), 22.06842956542969), ((1, 7), 21.22259521484375), ((4, 7), 20.38862762451172), ((5, 7), 19.915753173828126), ((3, 7), 19.378077697753906), ((1, 2), 19.322146606445312), ((3, 8), 19.010049438476564), ((2, 4), 18.845967102050782), ((6, 7), 18.632952880859374), ((6, 8), 18.526797485351562), ((2, 3), 17.88712158203125), ((7, 8), 17.671771240234374), ((2, 5), 17.566864013671875), ((2, 6), 17.476470947265625), ((2, 7), 16.623138427734375), ((2, 8), 15.96204833984375)]
17:48:35,223 matplotlib.colorbar DEBUG locator: <matplotlib.ticker.MaxNLocator object at 0x000001647CFAE9E8>
17:48:35,224 matplotlib.colorbar DEBUG Using auto colorbar locator on colorbar
17:48:35,224 matplotlib.colorbar DEBUG locator: <matplotlib.ticker.MaxNLocator object at 0x000001647CFAE9E8>
17:48:35,224 matplotlib.colorbar DEBUG Setting pcolormesh
17:48:35,240 matplotlib.axes._base DEBUG update_title_pos
17:48:35,246 matplotlib.font_manager DEBUG findfont: Matching :family=sans-serif:style=normal:variant=normal:weight=normal:stretch=normal:size=11.0 to Arial ('C:\\WINDOWS\\Fonts\\arial.ttf') with score of 0.050000.
17:48:35,262 matplotlib.axes._base DEBUG update_title_pos
17:48:35,277 matplotlib.font_manager DEBUG findfont: Matching :family=sans-serif:style=normal:variant=normal:weight=normal:stretch=normal:size=12.0 to Arial ('C:\\WINDOWS\\Fonts\\arial.ttf') with score of 0.050000.
17:48:35,284 matplotlib.axes._base DEBUG update_title_pos
17:48:35,297 matplotlib.font_manager DEBUG findfont: Matching :family=sans-serif:style=normal:variant=normal:weight=normal:stretch=normal:size=20.0 to Arial ('C:\\WINDOWS\\Fonts\\arial.ttf') with score of 0.050000.
17:48:35,300 matplotlib.axes._base DEBUG update_title_pos
