17:26:33,748 root INFO Running NID framework
17:26:33,760 NID_LOG INFO Fold num: 0
17:26:36,953 NID_LOG INFO Initialized
17:26:49,738 NID_LOG INFO Epoch: 50
17:26:49,738 NID_LOG INFO 	learning rate:0.00080994656
17:26:49,918 NID_LOG INFO 	train rmse:0.2116415231346993 test rmse:0.3139344670861003
17:27:02,351 NID_LOG INFO Epoch: 100
17:27:02,351 NID_LOG INFO 	learning rate:6.232128e-05
17:27:02,401 NID_LOG INFO 	train rmse:0.20336434128537537 test rmse:0.2936741157683718
17:27:13,911 NID_LOG INFO Epoch: 150
17:27:13,912 NID_LOG INFO 	learning rate:4.7953063e-06
17:27:13,958 NID_LOG INFO 	train rmse:0.20287780208556366 test rmse:0.2913058708900009
17:27:25,437 NID_LOG INFO Epoch: 200
17:27:25,438 NID_LOG INFO 	learning rate:3.689745e-07
17:27:25,486 NID_LOG INFO 	train rmse:0.20285186376756803 test rmse:0.291371224269681
17:27:25,486 NID_LOG INFO Done fold running
17:27:25,536 NID_LOG INFO Higher-Order Interaction Ranking
[((4, 7), 31.52990375459204), ((4, 5, 7), 6.815809100866318), ((4, 6, 7), 4.726090371608734), ((2, 4), 3.339468955993723), ((3, 4), 3.3201307654381256), ((3, 4, 7), 2.5299806110560894), ((2, 4, 7), 1.8937817215919495), ((3, 4, 9), 1.8316115736961787), ((7, 9), 1.746152013540268), ((4, 9, 10), 1.6383499056100845), ((7, 8), 1.5258426666260936), ((2, 3, 4), 1.4993098676204681), ((4, 5, 6), 1.4842858016492002), ((8, 11), 1.4830411672592934), ((7, 11), 1.4657184481622019), ((6, 7, 8), 1.4160673022270203), ((4, 6, 7, 8), 1.3310350477695776), ((2, 4, 7, 11), 1.3179178535938263), ((6, 11), 1.2530176043510872), ((4, 5, 6, 7), 1.1106432974338531), ((1, 3), 1.0629074275494526), ((3, 4, 6, 7, 8), 1.0617097914218903), ((3, 4, 5, 6, 7), 1.0598943531513214), ((7, 9, 10), 1.0252149105072021), ((2, 10), 0.9727291464805603), ((2, 3, 4, 11), 0.9331781268119812), ((1, 2, 3, 4, 5, 6, 7, 8, 9, 10, 11, 12), 0.917650907978511)]
17:27:25,537 NID_LOG INFO Pairwise Interaction Ranking
[((4, 7), 40.40271), ((4, 6), 18.36031), ((4, 5), 16.08477), ((6, 7), 15.347948), ((5, 7), 14.500456), ((2, 4), 13.901413), ((3, 4), 13.786129), ((4, 11), 13.053446), ((4, 9), 12.977119), ((7, 11), 10.981539), ((4, 10), 10.750274), ((3, 7), 10.677164), ((9, 10), 10.652158), ((7, 9), 10.517317), ((9, 11), 10.426669), ((3, 11), 10.329464), ((2, 7), 10.268942), ((2, 11), 9.908421), ((4, 8), 9.398809), ((6, 11), 9.237955), ((8, 11), 9.129917), ((3, 9), 9.095228), ((7, 10), 8.994824), ((7, 8), 8.940783), ((8, 9), 8.854786), ((3, 8), 8.7428055), ((5, 6), 8.6917095), ((3, 5), 8.676357), ((1, 4), 8.64349), ((6, 9), 8.592718), ((3, 6), 8.591227), ((2, 9), 8.542433), ((4, 12), 8.198129), ((5, 11), 8.143378), ((2, 6), 8.128), ((1, 7), 8.104811), ((2, 3), 8.015254), ((6, 8), 7.942585), ((1, 6), 7.8373713), ((2, 10), 7.8048778), ((6, 12), 7.775115), ((11, 12), 7.765156), ((10, 11), 7.7639775), ((1, 3), 7.4367733), ((5, 9), 7.3984623), ((7, 12), 7.3588066), ((2, 8), 7.260354), ((1, 9), 6.9523153), ((5, 10), 6.918929), ((9, 12), 6.9114), ((2, 5), 6.813341), ((1, 8), 6.714013), ((5, 8), 6.6886644), ((5, 12), 6.6659107), ((1, 11), 6.591645), ((8, 10), 6.583991), ((6, 10), 6.571448), ((1, 10), 6.533123), ((3, 10), 6.497406), ((3, 12), 6.4445963), ((8, 12), 6.4381685), ((2, 12), 6.3940563), ((1, 5), 6.379718), ((1, 2), 6.3444667), ((10, 12), 5.29779), ((1, 12), 5.2172265)]
17:27:25,555 NID_LOG INFO Fold num: 1
17:27:28,607 NID_LOG INFO Initialized
17:27:41,520 NID_LOG INFO Epoch: 50
17:27:41,520 NID_LOG INFO 	learning rate:0.00080994656
17:27:41,719 NID_LOG INFO 	train rmse:0.20770695917528834 test rmse:0.2655551061114915
17:27:53,965 NID_LOG INFO Epoch: 100
17:27:53,965 NID_LOG INFO 	learning rate:6.232128e-05
17:27:54,14 NID_LOG INFO 	train rmse:0.20112166657776423 test rmse:0.26940786605950273
17:28:06,320 NID_LOG INFO Epoch: 150
17:28:06,321 NID_LOG INFO 	learning rate:4.7953063e-06
17:28:06,369 NID_LOG INFO 	train rmse:0.2005966350819209 test rmse:0.2705494129129067
17:28:18,749 NID_LOG INFO Epoch: 200
17:28:18,750 NID_LOG INFO 	learning rate:3.689745e-07
17:28:18,799 NID_LOG INFO 	train rmse:0.20057095896094754 test rmse:0.27059449001853825
17:28:18,799 NID_LOG INFO Done fold running
17:28:18,864 NID_LOG INFO Higher-Order Interaction Ranking
[((4, 7), 27.731116769835353), ((2, 4, 7), 12.137046301504597), ((4, 6), 3.9661551527680556), ((2, 4, 5, 7), 3.4713325798511505), ((2, 3, 4), 2.8561577796936035), ((4, 9, 10), 2.730946660041809), ((2, 4, 6, 7), 2.451803892850876), ((4, 7, 8), 1.8218469785060734), ((1, 3), 1.8143697977066524), ((1, 3, 7), 1.495746374130249), ((8, 11), 1.4859659671784369), ((2, 3, 4, 11), 1.3934705257415771), ((3, 9), 1.3088394403457642), ((4, 7, 9, 10), 1.2824042737483978), ((3, 4, 6), 1.2701547145843808), ((7, 11), 1.2307388782502688), ((4, 7, 11), 1.199113517999649), ((2, 3, 4, 7, 11), 1.1643246412277222), ((1, 3, 7, 8), 1.1459845304489136), ((4, 5, 6, 7), 1.1337361484766006), ((2, 3, 4, 9, 10, 11), 1.120990663766861), ((1, 2, 3, 4), 1.0764222145081008), ((2, 4, 5, 6), 1.043931245803833), ((1, 2, 3, 4, 7, 11), 0.9924388229846954), ((1, 2, 3, 4, 9, 10, 11), 0.9475464224815369), ((1, 3, 7, 8, 10), 0.8656302094459534), ((7, 8, 11), 0.8620141148567856), ((2, 5, 6, 7), 0.8557156920433044), ((2, 5, 6, 7, 11), 0.854789674282074), ((1, 4, 7, 9, 10), 0.8402960300445557), ((2, 5, 6, 7, 9, 11), 0.83599454164505), ((2, 8), 0.8312243521214208), ((4, 6, 7, 11), 0.8049036264419556), ((2, 4, 5, 6, 7, 9, 11), 0.7980513572692871), ((1, 7, 8, 11), 0.7709765434265362), ((4, 6, 10), 0.7650618106126785), ((2, 3, 5, 7), 0.7305068373680115), ((2, 3, 5, 7, 11), 0.70710688829422), ((1, 2, 3, 4, 7, 9, 10, 11), 0.7060235440731049), ((2, 3, 5, 7, 8, 11), 0.6738221049308777), ((3, 4, 6, 7, 8), 0.6490861922502518), ((2, 3, 4, 5, 7, 8, 11), 0.6393297910690308), ((8, 11, 12), 0.6197735667228699), ((1, 2, 8), 0.6074555516242981), ((1, 2, 8, 10), 0.6049211621284485), ((1, 2, 3, 4, 5, 6, 7, 8, 9, 10, 11, 12), 0.5956060313920077)]
17:28:18,866 NID_LOG INFO Pairwise Interaction Ranking
[((4, 7), 41.7535), ((2, 4), 26.665758), ((2, 7), 25.64174), ((4, 6), 15.296814), ((5, 7), 14.127718), ((4, 5), 13.839363), ((3, 4), 13.308126), ((4, 11), 13.307606), ((7, 11), 12.4592), ((6, 7), 12.110881), ((7, 8), 11.666647), ((4, 9), 11.663092), ((3, 7), 11.541896), ((2, 11), 11.436329), ((1, 7), 11.17086), ((4, 10), 11.166382), ((2, 5), 10.756573), ((2, 3), 10.394939), ((3, 11), 9.974176), ((2, 6), 9.944347), ((9, 10), 9.897657), ((7, 9), 9.676466), ((1, 4), 9.431063), ((4, 8), 9.378159), ((2, 9), 9.355136), ((7, 10), 9.299911), ((8, 11), 8.945112), ((9, 11), 8.777349), ((1, 11), 8.712807), ((1, 3), 8.643253), ((1, 2), 8.27073), ((2, 10), 8.115425), ((6, 11), 8.092269), ((1, 8), 8.075319), ((3, 9), 8.064934), ((3, 8), 7.927047), ((10, 11), 7.7436185), ((2, 8), 7.6877127), ((3, 10), 7.563663), ((5, 6), 7.444298), ((1, 9), 7.4326), ((1, 10), 7.274659), ((3, 6), 6.9873834), ((5, 11), 6.83299), ((6, 10), 6.730139), ((1, 5), 6.614515), ((6, 9), 6.5976276), ((6, 8), 6.470113), ((5, 10), 6.4144993), ((3, 5), 6.2711377), ((8, 10), 6.148529), ((5, 8), 6.0941696), ((1, 6), 6.020177), ((8, 9), 5.9859223), ((5, 9), 5.845382), ((11, 12), 4.9783635), ((6, 12), 4.7468147), ((4, 12), 4.5644865), ((3, 12), 4.234583), ((8, 12), 4.207344), ((7, 12), 3.8798466), ((1, 12), 3.84447), ((9, 12), 3.8310933), ((10, 12), 3.8137746), ((2, 12), 3.7000034), ((5, 12), 3.2996297)]
17:28:18,897 NID_LOG INFO Fold num: 2
17:28:22,527 NID_LOG INFO Initialized
17:28:36,472 NID_LOG INFO Epoch: 50
17:28:36,472 NID_LOG INFO 	learning rate:0.00080994656
17:28:36,696 NID_LOG INFO 	train rmse:0.19865512591288953 test rmse:0.2818774932235107
17:28:50,11 NID_LOG INFO Epoch: 100
17:28:50,11 NID_LOG INFO 	learning rate:6.232128e-05
17:28:50,60 NID_LOG INFO 	train rmse:0.18773433823412514 test rmse:0.2911550584649769
17:29:03,344 NID_LOG INFO Epoch: 150
17:29:03,344 NID_LOG INFO 	learning rate:4.7953063e-06
17:29:03,393 NID_LOG INFO 	train rmse:0.1870804702635999 test rmse:0.2940162497055294
17:29:16,693 NID_LOG INFO Epoch: 200
17:29:16,693 NID_LOG INFO 	learning rate:3.689745e-07
17:29:16,743 NID_LOG INFO 	train rmse:0.18704602795811331 test rmse:0.29400830528553096
17:29:16,743 NID_LOG INFO Done fold running
17:29:16,833 NID_LOG INFO Higher-Order Interaction Ranking
[((4, 7), 43.82860630750656), ((4, 5, 7), 18.05909013748169), ((2, 4, 7), 11.716663956642254), ((4, 6), 5.111311923712639), ((4, 7, 11), 4.38207283616066), ((9, 10), 4.177804946899414), ((4, 9), 3.8220351189376647), ((3, 4), 3.7066928148271616), ((4, 5, 6, 7), 3.6098989844322205), ((4, 9, 10), 3.3265727758407593), ((1, 2), 2.4139685630799077), ((9, 10, 11), 2.271298885345459), ((2, 4, 7, 11), 2.2261757850647954), ((2, 4, 6, 7), 2.1318838000297546), ((8, 11), 1.9236878156664523), ((3, 4, 7, 11), 1.9082573354244232), ((6, 8), 1.8778748512273127), ((1, 2, 9), 1.8081270456314087), ((1, 6, 8), 1.7585586309432983), ((1, 7, 9, 10), 1.6889979243278503), ((7, 10, 11), 1.6762484312057495), ((2, 4, 5, 7), 1.6741504073143005), ((2, 8), 1.5734477639199018), ((2, 4, 7, 9), 1.5191073417663574), ((1, 9, 10, 11), 1.4991521835327148), ((3, 4, 7, 8), 1.4965067654848099), ((1, 2, 5, 9), 1.469109296798706), ((1, 8, 10), 1.4315468072891917), ((4, 12), 1.4024340510369124), ((2, 4, 5, 7, 9), 1.3813046216964722), ((1, 2, 4, 5, 7, 9), 1.3517931699752808), ((3, 7, 10, 11), 1.2802213430404663), ((4, 9, 12), 1.1981121897697449), ((1, 7, 11), 1.1871496438981848), ((1, 5, 7, 9, 10), 1.1777253448963165), ((1, 6, 8, 11), 1.1647859811782837), ((3, 4, 5, 9, 10), 1.148870199918747), ((2, 3, 4, 7, 8), 1.109917551279068), ((4, 7, 8, 11), 1.0949434041976929), ((4, 7, 8, 11, 12), 1.094731330871582), ((1, 4, 6, 8, 11), 1.0354890823364258), ((4, 5, 7, 11), 1.035199761390686), ((1, 8, 10, 11), 1.0278676748276319), ((1, 8, 10, 11, 12), 1.0155296325683594), ((1, 3, 9, 10, 11), 1.005233645439148), ((1, 2, 5, 6, 9), 0.9986122846603394), ((2, 3, 7, 10, 11), 0.998490035533905), ((1, 3, 7, 11), 0.9955796003342644), ((1, 3, 7, 9, 11), 0.9500943422317505), ((1, 2, 3, 9, 10, 11), 0.9282628893852234), ((3, 4, 7, 8, 11, 12), 0.9282066822052449), ((1, 4, 8, 10, 11, 12), 0.8954181671142578), ((1, 2, 4, 7, 11), 0.8921356797218323), ((1, 2, 3, 6, 9, 10, 11), 0.890527606010437), ((1, 2, 3, 4, 5, 6, 7, 8, 9, 10, 11, 12), 0.8809937250654054)]
17:29:16,835 NID_LOG INFO Pairwise Interaction Ranking
[((4, 7), 62.738144), ((4, 5), 32.07763), ((5, 7), 29.963547), ((2, 7), 26.311172), ((2, 4), 23.784319), ((4, 6), 20.499792), ((4, 11), 18.932444), ((6, 7), 17.964674), ((7, 11), 17.703423), ((3, 4), 16.843819), ((3, 7), 16.775093), ((2, 6), 16.30317), ((9, 10), 14.875075), ((4, 8), 14.4900875), ((4, 10), 14.117729), ((2, 3), 13.902611), ((8, 11), 13.833692), ((4, 9), 13.67438), ((5, 6), 13.453353), ((3, 11), 13.446125), ((1, 2), 13.310877), ((1, 7), 13.227293), ((10, 11), 13.111429), ((6, 8), 12.693839), ((7, 9), 12.537711), ((1, 9), 12.514536), ((2, 5), 12.478512), ((2, 11), 12.437204), ((3, 8), 12.351775), ((3, 6), 12.307327), ((7, 8), 12.243307), ((7, 10), 12.173105), ((6, 11), 11.8690405), ((1, 6), 11.818659), ((2, 8), 11.814029), ((5, 9), 11.675315), ((3, 10), 11.580667), ((1, 4), 11.545381), ((3, 5), 11.5194025), ((1, 11), 11.422866), ((1, 10), 11.380672), ((3, 9), 11.319237), ((1, 3), 11.3006), ((1, 8), 11.276564), ((5, 10), 11.154542), ((1, 5), 11.122135), ((8, 10), 11.050537), ((4, 12), 11.000703), ((6, 10), 10.293373), ((8, 12), 10.258006), ((2, 9), 10.098066), ((9, 11), 10.063028), ((2, 10), 9.90045), ((5, 11), 9.718319), ((11, 12), 9.586952), ((6, 12), 9.490807), ((7, 12), 9.434081), ((5, 8), 9.380516), ((3, 12), 9.018454), ((10, 12), 9.003833), ((2, 12), 8.807382), ((6, 9), 8.685121), ((8, 9), 8.540816), ((1, 12), 8.247089), ((9, 12), 8.048369), ((5, 12), 7.366902)]
17:29:16,881 NID_LOG INFO Fold num: 3
17:29:21,83 NID_LOG INFO Initialized
17:29:35,37 NID_LOG INFO Epoch: 50
17:29:35,37 NID_LOG INFO 	learning rate:0.00080994656
17:29:35,277 NID_LOG INFO 	train rmse:0.23038283864313863 test rmse:0.37146114433167765
17:29:48,493 NID_LOG INFO Epoch: 100
17:29:48,493 NID_LOG INFO 	learning rate:6.232128e-05
17:29:48,538 NID_LOG INFO 	train rmse:0.21464959822003332 test rmse:0.3590031856552255
17:30:01,732 NID_LOG INFO Epoch: 150
17:30:01,732 NID_LOG INFO 	learning rate:4.7953063e-06
17:30:01,780 NID_LOG INFO 	train rmse:0.21406319750372862 test rmse:0.3592888272672536
17:30:15,450 NID_LOG INFO Epoch: 200
17:30:15,450 NID_LOG INFO 	learning rate:3.689745e-07
17:30:15,498 NID_LOG INFO 	train rmse:0.21402429009950227 test rmse:0.35925747152057014
17:30:15,498 NID_LOG INFO Done fold running
17:30:15,606 NID_LOG INFO Higher-Order Interaction Ranking
[((4, 7), 34.62434555590157), ((2, 4), 6.614994492847499), ((4, 6), 3.322555907070683), ((3, 4), 3.2115042507648766), ((4, 7, 11), 2.7373509407043457), ((4, 5), 2.686282813549102), ((2, 4, 7), 2.298513256013405), ((4, 6, 7), 2.201602004468441), ((2, 4, 11), 1.8887761533260345), ((4, 5, 7), 1.7961179614067369), ((2, 4, 7, 11), 1.5661314725875854), ((1, 4, 7), 1.4938174784183824), ((4, 9), 1.398552730679512), ((1, 3, 4, 7), 1.2982519567012787), ((3, 10), 1.1761376559734589), ((1, 2, 3, 4, 7), 1.1070117950439453), ((4, 5, 6, 7), 1.0881812125444823), ((4, 8), 1.086140751838684), ((4, 7, 10), 1.073748603463173), ((2, 4, 5, 7), 1.0704455375671387), ((4, 7, 8, 11), 1.0560257732868488), ((3, 9), 1.0340756177903), ((3, 4, 9), 0.9899726510047913), ((1, 2, 3, 4, 5, 6, 7, 8, 9, 10, 11, 12), 0.9543093322660909)]
17:30:15,607 NID_LOG INFO Pairwise Interaction Ranking
[((4, 7), 45.34171), ((2, 4), 15.746538), ((3, 4), 12.907457), ((4, 11), 12.381632), ((1, 4), 11.964644), ((4, 6), 11.6818075), ((2, 7), 11.522899), ((4, 5), 10.793806), ((7, 11), 10.744718), ((3, 7), 10.151142), ((4, 9), 9.817955), ((6, 7), 9.611578), ((4, 10), 9.494797), ((1, 7), 9.443062), ((1, 3), 9.274197), ((7, 10), 9.113978), ((3, 11), 8.965214), ((2, 11), 8.9335575), ((2, 3), 8.913875), ((4, 8), 8.603665), ((5, 7), 8.486534), ((3, 9), 8.315483), ((7, 9), 8.210285), ((3, 6), 7.9818993), ((9, 11), 7.8735046), ((10, 11), 7.5722604), ((1, 2), 7.5078483), ((7, 8), 7.4678135), ((9, 10), 7.35752), ((2, 9), 7.347183), ((1, 6), 7.1177897), ((3, 10), 7.0808134), ((1, 11), 7.059495), ((8, 11), 7.034196), ((2, 10), 6.91171), ((4, 12), 6.845001), ((6, 11), 6.806481), ((6, 9), 6.67581), ((1, 5), 6.584018), ((5, 6), 6.5239563), ((1, 10), 6.422577), ((3, 5), 6.3291698), ((2, 6), 6.2415266), ((2, 5), 6.2344847), ((6, 10), 6.225814), ((7, 12), 6.2147527), ((1, 9), 6.013484), ((3, 8), 5.889883), ((11, 12), 5.859541), ((2, 8), 5.8083277), ((5, 11), 5.798099), ((5, 9), 5.7856874), ((6, 8), 5.784338), ((1, 8), 5.6842937), ((2, 12), 5.631628), ((8, 9), 5.5358257), ((6, 12), 5.4509706), ((3, 12), 5.4356995), ((5, 8), 5.393321), ((8, 10), 5.363941), ((1, 12), 5.225169), ((5, 10), 4.8516445), ((9, 12), 4.743778), ((8, 12), 4.6895704), ((5, 12), 4.67342), ((10, 12), 4.3433533)]
17:30:15,673 NID_LOG INFO Fold num: 4
17:30:20,523 NID_LOG INFO Initialized
17:30:33,289 NID_LOG INFO Epoch: 50
17:30:33,289 NID_LOG INFO 	learning rate:0.00080994656
17:30:33,552 NID_LOG INFO 	train rmse:0.204681812818885 test rmse:0.43414924024045126
17:30:45,649 NID_LOG INFO Epoch: 100
17:30:45,649 NID_LOG INFO 	learning rate:6.232128e-05
17:30:45,693 NID_LOG INFO 	train rmse:0.1955828416966746 test rmse:0.43087726946665506
17:30:58,159 NID_LOG INFO Epoch: 150
17:30:58,159 NID_LOG INFO 	learning rate:4.7953063e-06
17:30:58,204 NID_LOG INFO 	train rmse:0.1948080127830782 test rmse:0.43569545178892627
17:31:10,377 NID_LOG INFO Epoch: 200
17:31:10,377 NID_LOG INFO 	learning rate:3.689745e-07
17:31:10,423 NID_LOG INFO 	train rmse:0.19477362680963428 test rmse:0.43567966780396655
17:31:10,423 NID_LOG INFO Done fold running
17:31:10,555 NID_LOG INFO Higher-Order Interaction Ranking
[((4, 7), 28.218400672078253), ((4, 6), 4.665366768837117), ((4, 5, 7), 4.184083819389401), ((4, 6, 7), 2.836638957262114), ((4, 7, 8), 2.6647367775440216), ((4, 10), 2.6145480871202103), ((4, 5, 6, 7), 1.9856490939855975), ((1, 4), 1.9851042181254097), ((4, 7, 11), 1.8762031346559525), ((6, 9), 1.7653375864029446), ((2, 11), 1.688849061727591), ((1, 4, 7), 1.5660740062594414), ((1, 3, 4, 7, 8), 1.5141270160675049), ((1, 9), 1.3582910299301147), ((2, 7), 1.3221768438816506), ((1, 2, 9), 1.280321717262268), ((2, 3), 1.261634945869578), ((2, 8, 11), 1.2325800955296105), ((1, 2, 3, 9), 1.198747992515564), ((4, 9, 10), 1.1381717920303767), ((11, 12), 1.1379901692272676), ((2, 4, 5, 6, 7), 1.0909199118614197), ((3, 4, 10, 11), 1.0476240515709243), ((1, 2, 3, 9, 11), 0.9753687381744385), ((1, 2, 3, 5, 9, 11), 0.9569826126098633), ((1, 2, 3, 4, 7, 8), 0.9265263602137566), ((6, 8, 9), 0.9253345727920532), ((3, 4, 9, 10, 11), 0.8933655321598053), ((4, 12), 0.8919665515423103), ((1, 2, 3, 5, 9, 10, 11), 0.8633348345756531), ((2, 7, 9), 0.8485776782035828), ((4, 7, 10), 0.8408092260360718), ((4, 7, 9, 10), 0.8366813063621521), ((4, 7, 9, 10, 11), 0.8234341144561768), ((4, 5, 7, 9, 10, 11), 0.8175116181373596), ((2, 6, 7, 8, 9), 0.8098962903022766), ((1, 2, 3, 4, 5, 6, 7, 8, 9, 10, 11, 12), 0.7930267146473683)]
17:31:10,557 NID_LOG INFO Pairwise Interaction Ranking
[((4, 7), 37.66571), ((4, 6), 12.551179), ((5, 7), 12.0848675), ((6, 7), 11.551428), ((4, 5), 11.454361), ((7, 11), 11.10378), ((4, 11), 10.634836), ((7, 8), 10.543299), ((2, 7), 10.527521), ((3, 4), 10.3135605), ((4, 9), 10.223955), ((2, 11), 9.760925), ((4, 8), 9.64983), ((4, 10), 9.590878), ((9, 10), 9.5578), ((1, 7), 9.26668), ((9, 11), 9.208964), ((1, 4), 9.182412), ((3, 7), 9.028391), ((7, 9), 8.880709), ((2, 3), 8.766634), ((2, 4), 8.645096), ((3, 11), 8.639683), ((3, 9), 8.537569), ((1, 2), 8.4171295), ((6, 8), 8.178891), ((1, 11), 8.173021), ((2, 8), 8.167049), ((10, 11), 8.032835), ((1, 3), 7.9949284), ((3, 8), 7.968771), ((1, 9), 7.8000784), ((5, 6), 7.7539754), ((1, 8), 7.729853), ((3, 10), 7.5413218), ((6, 11), 7.4417706), ((2, 9), 7.4255342), ((5, 11), 7.3551764), ((8, 11), 7.2719803), ((6, 9), 7.1966), ((3, 6), 7.129948), ((7, 10), 7.081052), ((11, 12), 7.0072417), ((8, 9), 7.0044327), ((2, 6), 6.9626656), ((1, 6), 6.9334307), ((4, 12), 6.852623), ((5, 9), 6.8362656), ((2, 5), 6.6778846), ((7, 12), 6.656871), ((2, 10), 6.602538), ((1, 10), 6.4297147), ((8, 10), 6.330682), ((1, 5), 6.146509), ((6, 12), 6.1148553), ((5, 8), 6.0538106), ((5, 10), 6.009924), ((3, 5), 5.995821), ((1, 12), 5.598163), ((8, 12), 5.3517423), ((5, 12), 5.1026335), ((6, 10), 5.098096), ((2, 12), 5.0673723), ((9, 12), 5.062128), ((10, 12), 4.474719), ((3, 12), 4.4204226)]
17:31:10,646 NID_LOG INFO Final validation error:0.33018223177965733
17:31:10,648 NID_LOG INFO Final results:
##############
Higher-Order Interaction Ranking
[((4, 7), 33.18647461198275), ((4, 5, 7), 6.171020203828829), ((2, 4, 7), 5.6092010471504405), ((4, 6), 3.4130779504776987), ((3, 4), 2.0476655662060326), ((4, 7, 11), 2.0389480859041216), ((2, 4), 1.9908926897682444), ((4, 6, 7), 1.9528662666678578), ((4, 5, 6, 7), 1.785621747374551), ((4, 9, 10), 1.766808226704606), ((2, 4, 5, 7), 1.243185704946518), ((4, 9), 1.0441175699234353), ((2, 4, 7, 11), 1.0220450222492414), ((8, 11), 0.9785389900208366), ((2, 4, 6, 7), 0.916737538576126), ((4, 7, 8), 0.897316751210019), ((2, 3, 4), 0.8710935294628144), ((9, 10), 0.8355609893798828), ((1, 2, 3, 4, 5, 6, 7, 8, 9, 10, 11, 12), 0.8283173422698769), ((1, 2, 9), 0.6176897525787354), ((1, 4, 7), 0.6119782969355647), ((1, 3), 0.5754554450512209), ((3, 4, 9), 0.564316844940194), ((7, 11), 0.5392914652824942), ((4, 5), 0.5372565627098205), ((4, 10), 0.5229096174240421), ((3, 4, 7), 0.5059961222112179), ((1, 2), 0.48279371261598153), ((2, 8), 0.4809344232082645), ((3, 9), 0.4685830116272129), ((2, 3, 4, 11), 0.4653297305107117), ((4, 12), 0.4588801205158445), ((9, 10, 11), 0.4542597770690918), ((4, 7, 8, 11), 0.4301938354969083), ((4, 7, 9, 10), 0.42381711602211), ((1, 4), 0.39702084362508194), ((4, 7, 10), 0.3829115658998489), ((3, 4, 7, 11), 0.3816514670848846), ((2, 4, 11), 0.3777552306652069), ((6, 8), 0.37557497024546255), ((6, 9), 0.35306751728058894), ((1, 6, 8), 0.35171172618865965), ((7, 9), 0.3492304027080536), ((3, 4, 6, 7, 8), 0.3421591967344284), ((1, 7, 9, 10), 0.33779958486557005), ((2, 11), 0.3377698123455182), ((7, 10, 11), 0.3352496862411499), ((7, 8), 0.3051685333252187), ((2, 4, 7, 9), 0.3038214683532715), ((1, 3, 4, 7, 8), 0.302825403213501), ((1, 9, 10, 11), 0.29983043670654297), ((3, 4, 7, 8), 0.299301353096962), ((1, 3, 7), 0.2991492748260498), ((4, 5, 6), 0.29685716032984005), ((1, 2, 5, 9), 0.2938218593597412), ((1, 8, 10), 0.28630936145783836), ((6, 7, 8), 0.2832134604454041), ((2, 4, 5, 7, 9), 0.27626092433929444), ((1, 9), 0.27165820598602297), ((1, 2, 4, 5, 7, 9), 0.27035863399505616), ((4, 6, 7, 8), 0.2662070095539155), ((2, 7), 0.2644353687763301), ((1, 3, 4, 7), 0.25965039134025575), ((3, 7, 10, 11), 0.25604426860809326), ((3, 4, 6), 0.25403094291687617), ((2, 3), 0.2523269891739156), ((6, 11), 0.2506035208702174), ((2, 8, 11), 0.24651601910592208), ((1, 2, 3, 9), 0.23974959850311278), ((4, 9, 12), 0.23962243795394897), ((1, 7, 11), 0.23742992877963695), ((1, 5, 7, 9, 10), 0.2355450689792633), ((3, 10), 0.23522753119469178), ((1, 6, 8, 11), 0.23295719623565675), ((2, 3, 4, 7, 11), 0.23286492824554444), ((3, 4, 5, 9, 10), 0.2297740399837494), ((1, 3, 7, 8), 0.22919690608978271), ((11, 12), 0.22759803384545352), ((2, 3, 4, 9, 10, 11), 0.2241981327533722), ((2, 3, 4, 7, 8), 0.2219835102558136), ((1, 2, 3, 4, 7), 0.22140235900878907), ((4, 7, 8, 11, 12), 0.2189462661743164), ((2, 4, 5, 6, 7), 0.21818398237228392), ((4, 8), 0.21722815036773682), ((1, 2, 3, 4), 0.21528444290162016), ((3, 4, 5, 6, 7), 0.21197887063026427), ((3, 4, 10, 11), 0.20952481031418485), ((2, 4, 5, 6), 0.2087862491607666), ((1, 4, 6, 8, 11), 0.20709781646728515), ((4, 5, 7, 11), 0.2070399522781372), ((1, 8, 10, 11), 0.20557353496552638), ((7, 9, 10), 0.20504298210144042), ((1, 8, 10, 11, 12), 0.20310592651367188), ((1, 3, 9, 10, 11), 0.20104672908782958), ((1, 2, 5, 6, 9), 0.19972245693206786), ((2, 3, 7, 10, 11), 0.199698007106781), ((1, 3, 7, 11), 0.1991159200668529), ((1, 2, 3, 4, 7, 11), 0.1984877645969391), ((1, 2, 3, 9, 11), 0.1950737476348877), ((2, 10), 0.19454582929611205), ((1, 2, 3, 5, 9, 11), 0.19139652252197265), ((1, 3, 7, 9, 11), 0.1900188684463501), ((1, 2, 3, 4, 9, 10, 11), 0.18950928449630738), ((1, 2, 3, 9, 10, 11), 0.18565257787704467), ((3, 4, 7, 8, 11, 12), 0.185641336441049), ((1, 2, 3, 4, 7, 8), 0.18530527204275132), ((6, 8, 9), 0.18506691455841065), ((1, 4, 8, 10, 11, 12), 0.17908363342285155), ((3, 4, 9, 10, 11), 0.17867310643196105), ((1, 2, 4, 7, 11), 0.17842713594436646), ((1, 2, 3, 6, 9, 10, 11), 0.1781055212020874), ((1, 3, 7, 8, 10), 0.17312604188919067), ((1, 2, 3, 5, 9, 10, 11), 0.17266696691513062), ((7, 8, 11), 0.17240282297135712), ((2, 5, 6, 7), 0.17114313840866088), ((2, 5, 6, 7, 11), 0.1709579348564148), ((2, 7, 9), 0.16971553564071656), ((1, 4, 7, 9, 10), 0.16805920600891114), ((2, 5, 6, 7, 9, 11), 0.16719890832901002), ((4, 7, 9, 10, 11), 0.16468682289123535), ((4, 5, 7, 9, 10, 11), 0.1635023236274719), ((2, 6, 7, 8, 9), 0.16197925806045532), ((4, 6, 7, 11), 0.1609807252883911), ((2, 4, 5, 6, 7, 9, 11), 0.15961027145385742), ((1, 7, 8, 11), 0.15419530868530723), ((4, 6, 10), 0.15301236212253572), ((2, 3, 5, 7), 0.1461013674736023), ((2, 3, 5, 7, 11), 0.141421377658844), ((1, 2, 3, 4, 7, 9, 10, 11), 0.14120470881462097), ((2, 3, 5, 7, 8, 11), 0.13476442098617553), ((2, 3, 4, 5, 7, 8, 11), 0.12786595821380614), ((8, 11, 12), 0.12395471334457397), ((1, 2, 8), 0.12149111032485962), ((1, 2, 8, 10), 0.1209842324256897)]
17:31:10,649 NID_LOG INFO Pairwise Interaction Ranking
[((4, 7), 45.580352783203125), ((2, 4), 17.748623657226563), ((2, 7), 16.854454040527344), ((4, 5), 16.849986267089843), ((5, 7), 15.832624816894532), ((4, 6), 15.677980041503906), ((4, 11), 13.66199188232422), ((3, 4), 13.431817626953125), ((6, 7), 13.317301940917968), ((7, 11), 12.598531341552734), ((4, 9), 11.671299743652344), ((3, 7), 11.634736633300781), ((4, 10), 11.024011993408203), ((2, 11), 10.495286560058593), ((9, 10), 10.468042755126953), ((4, 8), 10.304109954833985), ((3, 11), 10.270932006835938), ((1, 7), 10.24254150390625), ((7, 8), 10.172369384765625), ((1, 4), 10.153398132324218), ((2, 3), 9.998663330078125), ((7, 9), 9.964497375488282), ((2, 6), 9.5159423828125), ((7, 10), 9.332573699951173), ((9, 11), 9.269902801513672), ((8, 11), 9.242979431152344), ((3, 9), 9.066490173339844), ((1, 3), 8.929949951171874), ((10, 11), 8.84482421875), ((5, 6), 8.773458099365234), ((1, 2), 8.770210266113281), ((6, 11), 8.689503479003907), ((3, 6), 8.599556732177735), ((2, 5), 8.59215850830078), ((3, 8), 8.576057434082031), ((2, 9), 8.553670501708984), ((1, 11), 8.391966247558594), ((6, 8), 8.213953399658203), ((2, 8), 8.147494506835937), ((1, 9), 8.142603302001953), ((3, 10), 8.052774047851562), ((1, 6), 7.945484924316406), ((1, 8), 7.89600830078125), ((2, 10), 7.867000579833984), ((3, 5), 7.7583770751953125), ((1, 10), 7.6081489562988285), ((5, 11), 7.56959228515625), ((6, 9), 7.5495750427246096), ((5, 9), 7.508222198486328), ((4, 12), 7.492188262939453), ((1, 5), 7.369378662109375), ((8, 9), 7.184356689453125), ((8, 10), 7.0955360412597654), ((5, 10), 7.069908142089844), ((11, 12), 7.039450836181641), ((6, 10), 6.983773803710937), ((5, 8), 6.722096252441406), ((6, 12), 6.7157127380371096), ((7, 12), 6.708871459960937), ((8, 12), 6.188966369628906), ((2, 12), 5.920088195800782), ((3, 12), 5.9107505798339846), ((9, 12), 5.719353866577149), ((1, 12), 5.626423645019531), ((5, 12), 5.421698760986328), ((10, 12), 5.3866943359375)]
17:31:10,801 matplotlib.colorbar DEBUG locator: <matplotlib.ticker.MaxNLocator object at 0x0000023A649B0C18>
17:31:10,802 matplotlib.colorbar DEBUG Using auto colorbar locator on colorbar
17:31:10,802 matplotlib.colorbar DEBUG locator: <matplotlib.ticker.MaxNLocator object at 0x0000023A649B0C18>
17:31:10,802 matplotlib.colorbar DEBUG Setting pcolormesh
17:31:10,821 matplotlib.axes._base DEBUG update_title_pos
17:31:10,827 matplotlib.font_manager DEBUG findfont: Matching :family=sans-serif:style=normal:variant=normal:weight=normal:stretch=normal:size=11.0 to Arial ('C:\\WINDOWS\\Fonts\\arial.ttf') with score of 0.050000.
17:31:10,858 matplotlib.axes._base DEBUG update_title_pos
17:31:10,878 matplotlib.font_manager DEBUG findfont: Matching :family=sans-serif:style=normal:variant=normal:weight=normal:stretch=normal:size=12.0 to Arial ('C:\\WINDOWS\\Fonts\\arial.ttf') with score of 0.050000.
17:31:10,890 matplotlib.axes._base DEBUG update_title_pos
17:31:10,928 matplotlib.font_manager DEBUG findfont: Matching :family=sans-serif:style=normal:variant=normal:weight=normal:stretch=normal:size=20.0 to Arial ('C:\\WINDOWS\\Fonts\\arial.ttf') with score of 0.050000.
17:31:10,931 matplotlib.axes._base DEBUG update_title_pos
