13:45:16,925 root INFO Running NID framework
13:45:16,928 NID_LOG INFO Fold num: 0
13:45:19,585 NID_LOG INFO Initialized
13:45:34,108 NID_LOG INFO Epoch: 50
13:45:34,109 NID_LOG INFO 	learning rate:0.00080994656
13:45:34,289 NID_LOG INFO 	train rmse:0.2538093969046907 test  rmse:0.3367480767527192
13:45:48,729 NID_LOG INFO Epoch: 100
13:45:48,729 NID_LOG INFO 	learning rate:6.232128e-05
13:45:48,783 NID_LOG INFO 	train rmse:0.23576747976682494 test  rmse:0.31755293761498155
13:46:02,818 NID_LOG INFO Epoch: 150
13:46:02,819 NID_LOG INFO 	learning rate:4.7953063e-06
13:46:02,870 NID_LOG INFO 	train rmse:0.23479114780915908 test  rmse:0.31619520566470677
13:46:16,212 NID_LOG INFO Epoch: 200
13:46:16,212 NID_LOG INFO 	learning rate:3.689745e-07
13:46:16,262 NID_LOG INFO 	train rmse:0.23474294073664692 test  rmse:0.31617367992069745
13:46:16,262 NID_LOG INFO Done fold running
13:46:16,308 NID_LOG INFO Higher-Order Interaction Ranking
[((2, 7), 16.046574950219338), ((5, 7), 11.882268190384112), ((5, 7, 9, 10), 9.096167564392136), ((2, 5), 8.252115011215285), ((2, 4, 7), 7.004234790802002), ((8, 11), 6.597151279449506), ((2, 4, 5, 7), 6.399743437767029), ((6, 7), 5.974015235900932), ((5, 6, 7), 5.28197425603888), ((7, 8, 11), 5.019235134124756), ((2, 6, 7), 4.934755742549896), ((2, 5, 6, 7), 4.3667826652526855), ((4, 6, 7), 4.096538782119751), ((2, 5, 7, 9, 10), 3.9652817249298096), ((2, 3, 5, 7), 3.9409306049346924), ((2, 7, 8), 3.6788622140895093), ((1, 2, 5, 7, 9, 10), 3.576820135116633), ((2, 5, 7, 8), 2.7957815527917464), ((2, 4, 5, 7, 11), 2.688745141029358), ((5, 7, 9, 10, 11), 2.659932851791382), ((2, 3, 4, 5, 7, 11), 2.6472877860069275), ((1, 2, 5, 6, 7, 9), 2.606196939945221), ((2, 4, 5, 7, 8), 2.521696448326111), ((1, 2, 5, 7, 8, 9, 10), 2.4220125675202118), ((1, 2, 4, 5, 7), 2.3127684593200684), ((9, 12), 2.0887367725373105), ((1, 2, 4, 5, 6, 7, 9), 2.0811214447021484), ((4, 7, 10, 11), 1.9487195014953613), ((1, 2, 5, 7, 8, 9, 10, 11, 12), 1.935484170913744), ((1, 2, 3, 5, 7), 1.8088411092758179), ((1, 2, 3, 5, 7, 9), 1.8067363500595093), ((2, 4, 5, 7, 8, 9), 1.744925081729889), ((1, 2, 4, 5, 7, 8, 9, 10, 11, 12), 1.6974512487650208), ((1, 2, 3, 4, 5, 6, 7, 8, 9, 10, 11, 12), 1.2908333402995682)]
13:46:16,310 NID_LOG INFO Pairwise Interaction Ranking
[((2, 7), 45.855343), ((5, 7), 43.64205), ((4, 7), 36.60743), ((2, 5), 33.211067), ((2, 4), 29.564909), ((7, 9), 27.717457), ((4, 5), 25.719349), ((1, 7), 24.16821), ((9, 10), 23.452932), ((5, 9), 23.121498), ((7, 10), 23.116089), ((1, 2), 23.084152), ((6, 7), 22.853203), ((7, 8), 22.658966), ((7, 11), 22.185806), ((2, 9), 21.858215), ((1, 5), 19.668324), ((2, 8), 19.438541), ((1, 9), 19.102386), ((5, 10), 18.927923), ((1, 4), 17.941639), ((2, 11), 17.195007), ((2, 10), 16.85816), ((1, 10), 16.687817), ((4, 9), 16.593147), ((8, 11), 16.415283), ((4, 6), 16.063328), ((5, 8), 15.807075), ((4, 11), 15.536685), ((2, 6), 14.957109), ((2, 3), 14.585029), ((1, 8), 14.333042), ((5, 11), 14.131184), ((9, 11), 13.844362), ((10, 11), 13.832975), ((4, 8), 13.454453), ((1, 11), 13.390413), ((5, 6), 13.078842), ((3, 7), 12.822989), ((4, 10), 12.729553), ((8, 9), 12.541051), ((3, 4), 12.4956875), ((8, 10), 11.388037), ((1, 3), 10.649101), ((3, 5), 10.530056), ((1, 12), 10.249319), ((1, 6), 10.229409), ((9, 12), 9.5968), ((2, 12), 9.500333), ((3, 11), 9.249044), ((6, 9), 9.137788), ((7, 12), 9.068981), ((8, 12), 8.855642), ((10, 12), 8.526987), ((3, 8), 8.470437), ((3, 9), 8.468847), ((5, 12), 8.39073), ((4, 12), 7.7896805), ((3, 6), 7.73892), ((11, 12), 7.72995), ((6, 8), 7.4733047), ((6, 11), 6.6372137), ((3, 10), 6.6317215), ((6, 10), 6.2300935), ((3, 12), 5.196806), ((6, 12), 4.9163485)]
13:46:16,327 NID_LOG INFO Fold num: 1
13:46:19,850 NID_LOG INFO Initialized
13:46:33,256 NID_LOG INFO Epoch: 50
13:46:33,256 NID_LOG INFO 	learning rate:0.00080994656
13:46:33,458 NID_LOG INFO 	train rmse:0.24430781933723184 test  rmse:0.32214619128444527
13:46:46,307 NID_LOG INFO Epoch: 100
13:46:46,307 NID_LOG INFO 	learning rate:6.232128e-05
13:46:46,359 NID_LOG INFO 	train rmse:0.23197970283342423 test  rmse:0.2989297083310398
13:46:59,165 NID_LOG INFO Epoch: 150
13:46:59,165 NID_LOG INFO 	learning rate:4.7953063e-06
13:46:59,214 NID_LOG INFO 	train rmse:0.2308584571471582 test  rmse:0.3020885469819829
13:47:11,980 NID_LOG INFO Epoch: 200
13:47:11,980 NID_LOG INFO 	learning rate:3.689745e-07
13:47:12,32 NID_LOG INFO 	train rmse:0.23081841855862653 test  rmse:0.3020380687782626
13:47:12,32 NID_LOG INFO Done fold running
13:47:12,97 NID_LOG INFO Higher-Order Interaction Ranking
[((5, 7), 21.351844787597866), ((2, 7), 14.73685610294342), ((2, 5, 7), 13.950037479400635), ((4, 7), 12.99953567981729), ((2, 4, 5, 7), 11.609325885772705), ((2, 7, 11), 6.043690085411072), ((9, 10), 4.2536902837458594), ((2, 5, 7, 10), 3.8479204177856445), ((1, 2, 4, 5, 7), 3.710206985473633), ((2, 8), 3.5347542762757485), ((6, 7), 3.0690522193910166), ((2, 4, 5, 7, 10), 3.068374514579773), ((1, 2, 4, 5, 7, 8), 2.8492271900177), ((2, 4, 7, 9), 2.835179328918457), ((1, 7, 9), 2.788595676422119), ((2, 4, 7, 8, 9), 2.708735227584839), ((2, 8, 11), 2.479661226272661), ((2, 5, 7, 9, 10), 2.4619247913360898), ((1, 5, 7, 9), 2.363408327102661), ((2, 5, 7, 8, 9, 10), 2.258703470230123), ((1, 2, 4, 5, 6, 7, 8), 2.188498795032501), ((1, 2, 5, 7, 8, 9, 10), 2.1480960845947266), ((2, 4, 7, 8, 9, 10), 1.9118958711624146), ((2, 7, 8, 11), 1.6726711988450196), ((2, 4, 7, 11), 1.671960711479187), ((5, 11), 1.6084623336822716), ((1, 2, 4, 5, 7, 10), 1.580275058746338), ((1, 5, 7, 9, 10, 12), 1.4807391166687012), ((1, 2, 4, 5, 7, 8, 9, 10), 1.4548873603343964), ((1, 2, 4, 5, 7, 10, 11), 1.3454478979111442), ((5, 9, 11), 1.234403252601735), ((1, 2, 8, 11), 1.2150126695634098), ((1, 2, 4, 5, 6, 7, 8, 9, 10, 11), 1.1544144451618517), ((5, 9, 11, 12), 0.9474820494651794), ((1, 3, 5, 7, 9, 10, 12), 0.8781024813652039), ((5, 8, 9, 11, 12), 0.7951127290725708), ((1, 2, 3, 4, 5, 7, 8, 9, 10, 11), 0.7425935268402558), ((1, 2, 5, 7, 8, 11, 12), 0.6351924538612366), ((5, 8, 9, 10, 11, 12), 0.6351096034049988), ((1, 2, 3, 4, 5, 6, 7, 8, 9, 10, 11, 12), 0.5750825280650596)]
13:47:12,99 NID_LOG INFO Pairwise Interaction Ranking
[((5, 7), 45.65429), ((2, 7), 41.460175), ((4, 7), 35.529015), ((2, 4), 27.102343), ((2, 5), 26.437126), ((4, 5), 23.26297), ((1, 7), 16.815718), ((2, 8), 16.754543), ((7, 9), 16.740536), ((7, 10), 16.60548), ((9, 10), 16.304874), ((7, 8), 15.936615), ((2, 11), 15.554514), ((7, 11), 14.748663), ((2, 10), 13.951136), ((1, 2), 13.822298), ((2, 9), 12.85343), ((1, 5), 12.354761), ((5, 10), 12.230778), ((4, 8), 12.186659), ((4, 9), 11.833478), ((4, 10), 11.734765), ((1, 4), 11.64374), ((5, 9), 11.643465), ((6, 7), 11.101471), ((8, 9), 10.949083), ((1, 9), 10.765783), ((1, 10), 10.647263), ((4, 6), 10.232473), ((1, 8), 9.896313), ((5, 8), 9.895042), ((8, 11), 9.572947), ((8, 10), 9.521799), ((4, 11), 9.257091), ((1, 11), 8.260969), ((2, 6), 8.115593), ((10, 11), 7.819463), ((9, 11), 7.7609615), ((1, 6), 7.0485015), ((6, 8), 7.0096984), ((3, 7), 6.873123), ((1, 3), 6.201292), ((6, 9), 6.157734), ((2, 3), 5.999629), ((6, 10), 5.996253), ((5, 11), 5.9718103), ((6, 11), 5.910146), ((9, 12), 5.7929707), ((7, 12), 5.7789903), ((3, 9), 5.610181), ((3, 4), 5.550721), ((3, 10), 5.4631653), ((5, 6), 5.455923), ((10, 12), 5.3029995), ((1, 12), 5.0742383), ((3, 11), 4.997039), ((3, 8), 4.879451), ((8, 12), 4.5363393), ((11, 12), 4.5166388), ((3, 6), 4.4665847), ((5, 12), 4.4304895), ((2, 12), 4.313081), ((3, 12), 4.3075047), ((3, 5), 4.1235833), ((4, 12), 3.3064244), ((6, 12), 3.1840158)]
13:47:12,132 NID_LOG INFO Fold num: 2
13:47:15,846 NID_LOG INFO Initialized
13:47:29,867 NID_LOG INFO Epoch: 50
13:47:29,867 NID_LOG INFO 	learning rate:0.00080994656
13:47:30,92 NID_LOG INFO 	train rmse:0.248182417414297 test  rmse:0.27818890866017437
13:47:43,394 NID_LOG INFO Epoch: 100
13:47:43,394 NID_LOG INFO 	learning rate:6.232128e-05
13:47:43,443 NID_LOG INFO 	train rmse:0.23419290462352618 test  rmse:0.2780316512293717
13:47:57,90 NID_LOG INFO Epoch: 150
13:47:57,90 NID_LOG INFO 	learning rate:4.7953063e-06
13:47:57,137 NID_LOG INFO 	train rmse:0.23291046014601996 test  rmse:0.2790282765214141
13:48:10,607 NID_LOG INFO Epoch: 200
13:48:10,607 NID_LOG INFO 	learning rate:3.689745e-07
13:48:10,656 NID_LOG INFO 	train rmse:0.2328552085310719 test  rmse:0.27900935759541273
13:48:10,656 NID_LOG INFO Done fold running
13:48:10,742 NID_LOG INFO Higher-Order Interaction Ranking
[((5, 7), 30.121639728546374), ((6, 7), 16.707788348198225), ((4, 5, 7), 15.118349194526733), ((2, 7), 12.098180115222979), ((2, 5, 7), 9.47200608253479), ((6, 11), 6.1319394856693465), ((9, 10), 5.873463392265812), ((2, 6, 11), 5.725064754486084), ((2, 6, 7, 11), 5.350442409515381), ((7, 10), 5.175088405609339), ((7, 9, 10), 4.605772018432617), ((2, 5, 7, 8), 4.282339692115784), ((5, 7, 9, 10), 4.20674991607666), ((5, 7, 9, 10, 11), 3.899611473083496), ((2, 6, 7, 10, 11), 3.7438883781433105), ((2, 4, 5, 7), 3.5069029331207275), ((4, 5, 7, 9, 10, 11), 3.336751937866211), ((1, 9, 10), 2.8293752670353993), ((2, 4, 11), 2.4383699893951416), ((1, 8, 9, 10), 2.4290454387664795), ((1, 6, 7, 11), 2.2976839542388916), ((1, 4, 6, 7, 11), 2.201872196048498), ((5, 6, 7), 2.091987133026123), ((1, 4, 6, 7, 10, 11), 2.051269292831421), ((1, 4, 6, 7, 9, 10, 11), 2.012805938720703), ((5, 6, 7, 10), 1.99765145778656), ((2, 6, 7, 9, 10, 11), 1.965798020362854), ((8, 12), 1.8115627765656066), ((4, 5, 6, 7, 10), 1.6463555097579956), ((1, 2, 4, 6, 7, 9, 10, 11), 1.6429481506347656), ((2, 6, 7, 9, 10, 11, 12), 1.5697275400161743), ((2, 5, 9, 10), 1.54320228099823), ((1, 2, 5, 9, 10), 1.5361754894256592), ((2, 4, 6, 7, 9, 10, 11, 12), 1.5154433250427246), ((2, 4, 5, 6, 7), 1.4444580078125), ((1, 2, 4, 6, 7, 9, 10, 11, 12), 1.4076629877090765), ((1, 8, 9, 10, 11), 1.4076329469680786), ((2, 4, 5, 7, 10), 1.3749758005142212), ((1, 7, 8, 9, 10, 11), 1.3618460893630981), ((2, 5, 6, 7, 8), 1.3579291105270386), ((5, 8, 12), 1.340798020362892), ((2, 4, 5, 7, 8, 10), 1.2932604551315308), ((1, 2, 3, 4, 5, 7, 8, 9, 10, 11), 1.289401188492775), ((4, 5, 6, 7, 9, 10), 1.0453002452850342), ((2, 5, 6, 7, 8, 9), 1.0393627882003784), ((1, 2, 3, 4, 5, 7, 8, 9, 10, 11, 12), 1.0190279576929981), ((1, 4, 5, 6, 7, 9, 10), 1.0102981328964233), ((1, 2, 4, 6, 7, 8, 9, 10, 11), 1.0085121393203798), ((1, 2, 3, 4, 5, 6, 7, 8, 9, 10, 11, 12), 0.9642089172549454)]
13:48:10,744 NID_LOG INFO Pairwise Interaction Ranking
[((5, 7), 51.325405), ((4, 7), 32.237663), ((2, 7), 31.099962), ((6, 7), 28.97058), ((9, 10), 26.948027), ((2, 5), 26.512636), ((4, 5), 25.76453), ((7, 10), 25.383791), ((7, 9), 23.134045), ((7, 11), 20.232906), ((2, 4), 19.830696), ((4, 9), 19.34684), ((10, 11), 18.698034), ((4, 10), 18.588226), ((2, 11), 17.809914), ((1, 10), 17.450695), ((9, 11), 16.79711), ((1, 9), 16.759552), ((2, 10), 16.49125), ((2, 6), 16.07645), ((5, 10), 15.899816), ((4, 11), 15.775964), ((5, 9), 15.581163), ((4, 6), 14.952033), ((1, 7), 14.891571), ((6, 10), 14.7077465), ((1, 4), 14.638746), ((6, 11), 14.596827), ((2, 8), 14.287245), ((7, 8), 14.212009), ((2, 9), 13.820532), ((1, 11), 13.417234), ((8, 10), 12.694304), ((5, 11), 12.376093), ((1, 2), 12.1856785), ((6, 9), 12.092907), ((8, 9), 11.958176), ((5, 8), 11.678726), ((5, 6), 11.407841), ((1, 5), 10.852103), ((4, 8), 10.601324), ((1, 6), 10.245585), ((1, 8), 10.067379), ((8, 11), 8.907345), ((10, 12), 8.448601), ((4, 12), 8.023136), ((2, 12), 7.936535), ((9, 12), 7.787565), ((8, 12), 7.6085443), ((6, 8), 7.048447), ((7, 12), 6.9668293), ((11, 12), 6.4352045), ((6, 12), 6.1200495), ((1, 12), 5.9660277), ((3, 7), 5.766268), ((3, 4), 5.700013), ((2, 3), 5.6074057), ((3, 11), 5.160713), ((3, 10), 5.021428), ((3, 9), 4.712718), ((5, 12), 4.6743364), ((1, 3), 4.6093397), ((3, 8), 4.4340878), ((3, 5), 4.1388903), ((3, 12), 3.9659994), ((3, 6), 3.4329412)]
13:48:10,789 NID_LOG INFO Fold num: 3
13:48:15,114 NID_LOG INFO Initialized
13:48:28,301 NID_LOG INFO Epoch: 50
13:48:28,301 NID_LOG INFO 	learning rate:0.00080994656
13:48:28,546 NID_LOG INFO 	train rmse:0.26085371853892736 test  rmse:0.42610948492302425
13:48:41,101 NID_LOG INFO Epoch: 100
13:48:41,101 NID_LOG INFO 	learning rate:6.232128e-05
13:48:41,148 NID_LOG INFO 	train rmse:0.2450720072898694 test  rmse:0.3990180890457274
13:48:53,637 NID_LOG INFO Epoch: 150
13:48:53,638 NID_LOG INFO 	learning rate:4.7953063e-06
13:48:53,684 NID_LOG INFO 	train rmse:0.24374056272088365 test  rmse:0.3958333877094968
13:49:06,787 NID_LOG INFO Epoch: 200
13:49:06,787 NID_LOG INFO 	learning rate:3.689745e-07
13:49:06,835 NID_LOG INFO 	train rmse:0.24367473400037262 test  rmse:0.39572305356122434
13:49:06,835 NID_LOG INFO Done fold running
13:49:06,947 NID_LOG INFO Higher-Order Interaction Ranking
[((5, 7), 33.01732206344629), ((6, 7), 24.611062258482196), ((2, 5, 7), 16.339191555976868), ((2, 5, 7, 9), 10.91335988044756), ((4, 7), 9.130340218544912), ((1, 7), 7.801886081695743), ((5, 7, 10), 7.306639194488525), ((1, 7, 9), 6.831015110015869), ((7, 9, 12), 6.412686347961554), ((8, 11), 6.061553955078294), ((5, 7, 9, 10), 5.660046100616455), ((7, 11), 5.492428302765153), ((4, 5), 5.3169989585878525), ((2, 4, 5), 5.2682154178619385), ((5, 7, 11), 5.004622936248779), ((2, 5, 7, 9, 10), 4.954224348068237), ((3, 7, 9, 12), 4.726137161254883), ((6, 7, 8), 4.6831793785095215), ((2, 4, 5, 10), 4.614734470844369), ((1, 2, 5, 7, 9), 4.530056476593018), ((3, 4, 7, 9, 12), 4.502285480499268), ((7, 9, 11), 4.34027624130249), ((3, 4, 7, 9, 11, 12), 4.295422554016184), ((2, 5, 7, 11), 4.000416278839111), ((1, 2, 3, 4, 5, 6, 7, 8, 9, 10, 11, 12), 3.9101387748777645)]
13:49:06,949 NID_LOG INFO Pairwise Interaction Ranking
[((7, 9), 53.328163), ((5, 7), 50.16219), ((2, 7), 48.60269), ((2, 5), 45.41217), ((2, 9), 36.726856), ((4, 7), 35.493896), ((1, 7), 34.895664), ((6, 7), 33.249958), ((5, 9), 31.8404), ((7, 10), 31.747059), ((7, 11), 30.470097), ((9, 10), 30.391335), ((1, 9), 30.12098), ((2, 4), 28.573795), ((4, 9), 27.667702), ((5, 10), 27.592611), ((7, 8), 27.281918), ((2, 10), 26.77427), ((1, 2), 25.271254), ((2, 11), 25.175077), ((4, 5), 24.59076), ((4, 10), 24.394882), ((9, 11), 23.77339), ((1, 4), 23.207949), ((7, 12), 21.755848), ((8, 9), 21.285908), ((5, 11), 21.150898), ((2, 8), 20.901749), ((4, 8), 20.467424), ((3, 7), 20.129847), ((9, 12), 20.10421), ((5, 8), 19.898504), ((1, 10), 19.441183), ((3, 4), 19.197546), ((8, 11), 19.17165), ((8, 10), 18.018562), ((1, 5), 17.970417), ((10, 11), 17.35471), ((3, 9), 17.350859), ((1, 11), 17.267494), ((4, 11), 17.21259), ((1, 8), 17.21075), ((11, 12), 16.620726), ((6, 9), 16.416677), ((1, 3), 16.15566), ((4, 12), 15.426535), ((1, 12), 14.797264), ((2, 3), 14.584587), ((2, 6), 14.434767), ((10, 12), 14.3677225), ((2, 12), 14.207151), ((3, 12), 13.778123), ((3, 10), 13.724937), ((3, 11), 13.413725), ((6, 8), 13.243785), ((8, 12), 13.095837), ((3, 8), 12.934833), ((5, 12), 12.871603), ((4, 6), 12.780745), ((3, 5), 12.078821), ((6, 10), 11.981608), ((1, 6), 11.667805), ((6, 11), 10.994436), ((5, 6), 10.288508), ((3, 6), 8.200834), ((6, 12), 7.2689886)]
13:49:07,15 NID_LOG INFO Fold num: 4
13:49:11,945 NID_LOG INFO Initialized
13:49:26,178 NID_LOG INFO Epoch: 50
13:49:26,179 NID_LOG INFO 	learning rate:0.00080994656
13:49:26,448 NID_LOG INFO 	train rmse:0.26310803915980835 test  rmse:0.4664282041203779
13:49:39,987 NID_LOG INFO Epoch: 100
13:49:39,988 NID_LOG INFO 	learning rate:6.232128e-05
13:49:40,39 NID_LOG INFO 	train rmse:0.24660932937444727 test  rmse:0.4592940401890741
13:49:53,849 NID_LOG INFO Epoch: 150
13:49:53,849 NID_LOG INFO 	learning rate:4.7953063e-06
13:49:53,897 NID_LOG INFO 	train rmse:0.24536974688458418 test  rmse:0.45670153470241953
13:50:07,870 NID_LOG INFO Epoch: 200
13:50:07,870 NID_LOG INFO 	learning rate:3.689745e-07
13:50:07,915 NID_LOG INFO 	train rmse:0.24532686817101626 test  rmse:0.45669549852161184
13:50:07,915 NID_LOG INFO Done fold running
13:50:08,52 NID_LOG INFO Higher-Order Interaction Ranking
[((2, 7), 28.0585796833042), ((5, 7), 13.561197042465494), ((2, 5, 7), 11.571832418441772), ((4, 5, 7), 5.926827549934544), ((2, 4, 7), 5.650362491607666), ((2, 5, 7, 8), 5.402679920196533), ((8, 11), 3.6193048954028786), ((1, 7), 3.300773382187077), ((2, 11), 3.225959300995061), ((2, 5, 7, 10), 3.079294919967748), ((6, 7), 3.0511155128479817), ((2, 6, 11), 3.041367292404288), ((2, 5, 11), 2.92195987701416), ((5, 8, 11), 2.8691959381103516), ((2, 5, 7, 9, 10), 2.829014539718628), ((1, 7, 9), 2.824763774871826), ((1, 7, 9, 11), 2.341938018798828), ((1, 4, 5, 7), 2.288570046424996), ((2, 6, 11, 12), 2.2837789058685303), ((2, 6, 8, 11, 12), 2.1410555839538574), ((2, 4, 5, 7), 2.1400651931763353), ((1, 2, 5, 7, 9, 10), 2.1311280727386475), ((2, 5, 6, 8, 11, 12), 2.127446174621582), ((2, 7, 10, 11), 2.0450801849365234), ((2, 4, 7, 10), 1.9327322244644165), ((4, 9), 1.8819218873978676), ((4, 8, 9), 1.830838084220976), ((1, 2, 7, 9, 11), 1.811854362487793), ((2, 5, 10, 11), 1.6859774589538574), ((2, 4, 5, 7, 8), 1.679145634174347), ((2, 5, 9, 10, 11), 1.590673804283142), ((5, 6, 7), 1.5547902584075928), ((2, 4, 7, 9, 10), 1.5353302955627441), ((6, 7, 8), 1.5238882303238774), ((2, 4, 8, 9), 1.5194237232209127), ((2, 4, 7, 9, 10, 11), 1.487415909767202), ((2, 4, 8, 9, 10), 1.4670780897140676), ((1, 2, 7, 8, 9, 11), 1.4183456897735596), ((5, 6, 7, 8), 1.3722960948944092), ((5, 7, 8, 11, 12), 1.325142741203308), ((1, 2, 7, 10, 11), 1.3170124292374112), ((2, 4, 5, 7, 9), 1.3126598596572876), ((1, 2, 4, 5, 7, 8, 9, 10), 1.2987070679664612), ((3, 11), 1.2465689182283208), ((1, 2, 4, 7, 10, 11), 1.24524402618412), ((1, 2, 3, 4, 5, 6, 7, 8, 9, 10, 11, 12), 1.2111241926800913)]
13:50:08,53 NID_LOG INFO Pairwise Interaction Ranking
[((2, 7), 46.018066), ((5, 7), 33.639465), ((2, 5), 28.107134), ((4, 7), 25.575493), ((2, 4), 20.839668), ((2, 11), 18.008219), ((5, 8), 17.975166), ((2, 8), 17.382006), ((7, 11), 17.372452), ((7, 8), 17.229008), ((4, 5), 16.587511), ((2, 9), 15.9119625), ((7, 9), 15.674494), ((5, 11), 15.612209), ((8, 11), 15.179319), ((2, 10), 14.826553), ((9, 10), 14.825613), ((1, 7), 14.645744), ((4, 9), 13.585065), ((7, 10), 13.112747), ((9, 11), 13.005187), ((4, 11), 12.989244), ((6, 7), 12.853621), ((5, 9), 12.74283), ((4, 8), 12.603849), ((8, 9), 11.936092), ((4, 10), 11.775784), ((5, 6), 11.618643), ((10, 11), 11.525539), ((1, 2), 11.4735775), ((1, 9), 11.455049), ((5, 10), 11.228672), ((1, 5), 11.017361), ((2, 6), 10.859083), ((6, 11), 10.839249), ((1, 11), 10.423096), ((1, 4), 10.328644), ((6, 8), 9.605877), ((8, 12), 9.469019), ((4, 6), 9.289415), ((8, 10), 9.159153), ((11, 12), 9.09757), ((1, 10), 8.945869), ((1, 8), 8.539701), ((4, 12), 8.132826), ((5, 12), 7.9716234), ((2, 12), 7.9259596), ((7, 12), 6.868667), ((6, 12), 6.7824945), ((6, 9), 6.7148466), ((9, 12), 6.331442), ((6, 10), 6.1634445), ((1, 6), 6.135206), ((3, 11), 5.9898167), ((3, 7), 5.8689737), ((3, 8), 5.848006), ((1, 12), 5.710786), ((3, 4), 5.5111723), ((10, 12), 5.4357147), ((3, 9), 5.4233904), ((2, 3), 5.3004265), ((1, 3), 5.17634), ((3, 5), 4.6586227), ((3, 12), 4.1513405), ((3, 10), 4.094659), ((3, 6), 3.7863014)]
13:50:08,133 NID_LOG INFO Final validation error:0.3499279316754418
13:50:08,137 NID_LOG INFO Final results:
##############
Higher-Order Interaction Ranking
[((5, 7), 21.986854362488025), ((2, 7), 14.188038170337986), ((6, 7), 10.68260671496407), ((2, 5, 7), 10.266613507270813), ((2, 4, 5, 7), 4.731207489967359), ((4, 7), 4.42597517967244), ((4, 5, 7), 4.209035348892256), ((5, 7, 9, 10), 3.79259271621705), ((8, 11), 3.2556020259861356), ((2, 5, 7, 9, 10), 2.842089080810553), ((2, 4, 7), 2.5309194564819335), ((2, 5, 7, 8), 2.4961602330208126), ((1, 7, 9), 2.488874912261963), ((1, 7), 2.220531892776564), ((2, 5, 7, 9), 2.182671976089512), ((9, 10), 2.025430735202334), ((5, 6, 7), 1.785750329494519), ((2, 6, 11), 1.7532864093780745), ((2, 5), 1.6504230022430568), ((1, 2, 3, 4, 5, 6, 7, 8, 9, 10, 11, 12), 1.5902775506354858), ((5, 7, 10), 1.4613278388977051), ((2, 5, 7, 10), 1.3854430675506786), ((5, 7, 9, 10, 11), 1.3119088649749755), ((7, 9, 12), 1.2825372695923107), ((6, 7, 8), 1.2414135217666797), ((6, 11), 1.2263878971338693), ((2, 7, 11), 1.2087380170822144), ((1, 2, 4, 5, 7), 1.2045950889587402), ((1, 2, 5, 7, 9, 10), 1.141589641571056), ((7, 11), 1.0984856605530307), ((2, 6, 7, 11), 1.0700884819030763), ((4, 5), 1.0633997917175706), ((2, 4, 5), 1.0536430835723878), ((7, 10), 1.0350176811218676), ((7, 8, 11), 1.003847026824951), ((5, 7, 11), 1.0009245872497559), ((2, 6, 7), 0.9869511485099792), ((3, 7, 9, 12), 0.9452274322509766), ((2, 4, 5, 10), 0.9229468941688739), ((7, 9, 10), 0.9211544036865235), ((1, 2, 5, 7, 8, 9, 10), 0.9140217304229876), ((1, 2, 5, 7, 9), 0.9060112953186035), ((3, 4, 7, 9, 12), 0.9004570960998535), ((2, 4, 5, 7, 10), 0.8886700630187988), ((2, 5, 6, 7), 0.8733565330505371), ((7, 9, 11), 0.8680552482604981), ((3, 4, 7, 9, 11, 12), 0.8590845108032369), ((2, 4, 5, 7, 8), 0.8401684165000916), ((4, 6, 7), 0.8193077564239502), ((2, 5, 7, 11), 0.8000832557678222), ((2, 3, 5, 7), 0.7881861209869385), ((2, 6, 7, 10, 11), 0.7487776756286622), ((2, 7, 8), 0.7357724428179019), ((2, 8), 0.7069508552551497), ((4, 5, 7, 9, 10, 11), 0.6673503875732422), ((2, 11), 0.6451918601990122), ((2, 5, 11), 0.584391975402832), ((5, 8, 11), 0.5738391876220703), ((1, 2, 4, 5, 7, 8), 0.56984543800354), ((2, 4, 7, 9), 0.5670358657836914), ((1, 9, 10), 0.5658750534070799), ((1, 2, 4, 5, 7, 8, 9, 10), 0.5507188856601715), ((2, 4, 7, 8, 9), 0.5417470455169677), ((2, 4, 5, 7, 11), 0.5377490282058716), ((2, 3, 4, 5, 7, 11), 0.5294575572013855), ((1, 2, 5, 6, 7, 9), 0.5212393879890442), ((2, 8, 11), 0.4959322452545322), ((2, 4, 11), 0.4876739978790283), ((1, 8, 9, 10), 0.4858090877532959), ((1, 5, 7, 9), 0.47268166542053225), ((1, 7, 9, 11), 0.4683876037597656), ((1, 6, 7, 11), 0.4595367908477783), ((1, 4, 5, 7), 0.45771400928499917), ((2, 6, 11, 12), 0.4567557811737061), ((2, 5, 7, 8, 9, 10), 0.45174069404602457), ((1, 4, 6, 7, 11), 0.44037443920969965), ((1, 2, 4, 5, 6, 7, 8), 0.43769975900650027), ((2, 6, 8, 11, 12), 0.4282111167907715), ((2, 5, 6, 8, 11, 12), 0.4254892349243164), ((9, 12), 0.4177473545074621), ((1, 2, 4, 5, 6, 7, 9), 0.4162242889404297), ((1, 4, 6, 7, 10, 11), 0.41025385856628416), ((2, 7, 10, 11), 0.4090160369873047), ((1, 2, 3, 4, 5, 7, 8, 9, 10, 11), 0.4063989430666061), ((1, 4, 6, 7, 9, 10, 11), 0.4025611877441406), ((5, 6, 7, 10), 0.399530291557312), ((2, 6, 7, 9, 10, 11), 0.3931596040725708), ((4, 7, 10, 11), 0.38974390029907224), ((1, 2, 5, 7, 8, 9, 10, 11, 12), 0.3870968341827488), ((2, 4, 7, 10), 0.3865464448928833), ((2, 4, 7, 8, 9, 10), 0.3823791742324829), ((4, 9), 0.37638437747957354), ((4, 8, 9), 0.3661676168441952), ((1, 2, 7, 9, 11), 0.3623708724975586), ((8, 12), 0.36231255531312134), ((1, 2, 3, 5, 7), 0.36176822185516355), ((1, 2, 3, 5, 7, 9), 0.36134727001190187), ((2, 4, 5, 7, 8, 9), 0.3489850163459778), ((1, 2, 4, 5, 7, 8, 9, 10, 11, 12), 0.3394902497530042), ((2, 5, 10, 11), 0.33719549179077146), ((2, 7, 8, 11), 0.3345342397690039), ((2, 4, 7, 11), 0.3343921422958374), ((4, 5, 6, 7, 10), 0.32927110195159914), ((1, 2, 4, 6, 7, 9, 10, 11), 0.32858963012695314), ((5, 11), 0.32169246673645435), ((2, 5, 9, 10, 11), 0.3181347608566284), ((1, 2, 4, 5, 7, 10), 0.3160550117492676), ((2, 6, 7, 9, 10, 11, 12), 0.31394550800323484), ((2, 5, 9, 10), 0.308640456199646), ((1, 2, 5, 9, 10), 0.3072350978851318), ((2, 4, 7, 9, 10), 0.3070660591125488), ((2, 4, 8, 9), 0.3038847446441825), ((2, 4, 6, 7, 9, 10, 11, 12), 0.3030886650085449), ((2, 4, 7, 9, 10, 11), 0.29748318195344037), ((1, 5, 7, 9, 10, 12), 0.29614782333374023), ((2, 4, 8, 9, 10), 0.2934156179428135), ((2, 4, 5, 6, 7), 0.2888916015625), ((1, 2, 7, 8, 9, 11), 0.28366913795471194), ((1, 2, 4, 6, 7, 9, 10, 11, 12), 0.2815325975418153), ((1, 8, 9, 10, 11), 0.28152658939361574), ((5, 6, 7, 8), 0.2744592189788818), ((1, 7, 8, 9, 10, 11), 0.27236921787261964), ((2, 5, 6, 7, 8), 0.2715858221054077), ((1, 2, 4, 5, 7, 10, 11), 0.26908957958222884), ((5, 8, 12), 0.2681596040725784), ((5, 7, 8, 11, 12), 0.26502854824066163), ((1, 2, 7, 10, 11), 0.26340248584748227), ((2, 4, 5, 7, 9), 0.2625319719314575), ((2, 4, 5, 7, 8, 10), 0.25865209102630615), ((3, 11), 0.24931378364566417), ((1, 2, 4, 7, 10, 11), 0.249048805236824), ((5, 9, 11), 0.246880650520347), ((1, 2, 8, 11), 0.24300253391268195), ((1, 2, 4, 5, 6, 7, 8, 9, 10, 11), 0.23088288903237034), ((4, 5, 6, 7, 9, 10), 0.20906004905700684), ((2, 5, 6, 7, 8, 9), 0.20787255764007567), ((1, 2, 3, 4, 5, 7, 8, 9, 10, 11, 12), 0.20380559153859962), ((1, 4, 5, 6, 7, 9, 10), 0.20205962657928467), ((1, 2, 4, 6, 7, 8, 9, 10, 11), 0.20170242786407594), ((5, 9, 11, 12), 0.1894964098930359), ((1, 3, 5, 7, 9, 10, 12), 0.17562049627304077), ((5, 8, 9, 11, 12), 0.15902254581451417), ((1, 2, 5, 7, 8, 11, 12), 0.12703849077224733), ((5, 8, 9, 10, 11, 12), 0.12702192068099977)]
13:50:08,138 NID_LOG INFO Pairwise Interaction Ranking
[((5, 7), 44.88468017578125), ((2, 7), 42.60724792480469), ((4, 7), 33.08870239257813), ((2, 5), 31.93602600097656), ((7, 9), 27.318939208984375), ((2, 4), 25.182283020019533), ((4, 5), 23.185023498535156), ((9, 10), 22.384556579589844), ((7, 10), 21.99303283691406), ((6, 7), 21.805767822265626), ((1, 7), 21.08338165283203), ((7, 11), 21.001985168457033), ((2, 9), 20.23419952392578), ((7, 8), 19.463702392578124), ((5, 9), 18.985870361328125), ((2, 11), 18.748545837402343), ((4, 9), 17.80524597167969), ((2, 10), 17.7802734375), ((2, 8), 17.75281677246094), ((1, 9), 17.640750122070312), ((5, 10), 17.175961303710938), ((1, 2), 17.167391967773437), ((4, 10), 15.84464111328125), ((1, 4), 15.552143859863282), ((5, 8), 15.0509033203125), ((9, 11), 15.036203002929687), ((1, 10), 14.634565734863282), ((1, 5), 14.372593688964844), ((4, 11), 14.154315185546874), ((4, 8), 13.862742614746093), ((8, 11), 13.84930877685547), ((5, 11), 13.848439025878907), ((10, 11), 13.846144104003907), ((8, 9), 13.734062194824219), ((2, 6), 12.888601684570313), ((4, 6), 12.6635986328125), ((1, 11), 12.551841735839844), ((8, 10), 12.156371307373046), ((1, 8), 12.009437561035156), ((5, 6), 10.369950866699218), ((3, 7), 10.292240142822266), ((6, 9), 10.103990936279297), ((7, 12), 10.087863159179687), ((9, 12), 9.922598266601563), ((6, 11), 9.795574188232422), ((3, 4), 9.691028594970703), ((2, 3), 9.21541519165039), ((1, 6), 9.065301513671875), ((6, 10), 9.015829467773438), ((11, 12), 8.880018615722657), ((6, 8), 8.876222229003906), ((2, 12), 8.776612091064454), ((8, 12), 8.713076782226562), ((1, 3), 8.558346557617188), ((4, 12), 8.535720825195312), ((10, 12), 8.416404724121094), ((1, 12), 8.359526824951171), ((3, 9), 8.313198852539063), ((3, 11), 7.762066650390625), ((5, 12), 7.667756652832031), ((3, 8), 7.313362884521484), ((3, 5), 7.105995178222656), ((3, 10), 6.987181854248047), ((3, 12), 6.279954528808593), ((6, 12), 5.654379272460938), ((3, 6), 5.525116348266602)]
13:50:08,331 matplotlib.colorbar DEBUG locator: <matplotlib.ticker.MaxNLocator object at 0x000001942434D390>
13:50:08,331 matplotlib.colorbar DEBUG Using auto colorbar locator on colorbar
13:50:08,331 matplotlib.colorbar DEBUG locator: <matplotlib.ticker.MaxNLocator object at 0x000001942434D390>
13:50:08,331 matplotlib.colorbar DEBUG Setting pcolormesh
13:50:08,353 matplotlib.axes._base DEBUG update_title_pos
13:50:08,359 matplotlib.font_manager DEBUG findfont: Matching :family=sans-serif:style=normal:variant=normal:weight=normal:stretch=normal:size=11.0 to Arial ('C:\\WINDOWS\\Fonts\\arial.ttf') with score of 0.050000.
13:50:08,389 matplotlib.axes._base DEBUG update_title_pos
13:50:08,406 matplotlib.font_manager DEBUG findfont: Matching :family=sans-serif:style=normal:variant=normal:weight=normal:stretch=normal:size=12.0 to Arial ('C:\\WINDOWS\\Fonts\\arial.ttf') with score of 0.050000.
13:50:08,418 matplotlib.axes._base DEBUG update_title_pos
13:50:08,448 matplotlib.font_manager DEBUG findfont: Matching :family=sans-serif:style=normal:variant=normal:weight=normal:stretch=normal:size=20.0 to Arial ('C:\\WINDOWS\\Fonts\\arial.ttf') with score of 0.050000.
13:50:08,452 matplotlib.axes._base DEBUG update_title_pos
