16:09:29,640 root INFO Running NID framework
16:09:31,789 NID_LOG INFO Initialized
16:09:50,320 NID_LOG INFO Epoch: 50
16:09:50,320 NID_LOG INFO 	learning rate:0.00080994656
16:09:50,560 NID_LOG INFO 	train acc:0.9698 test acc:0.924
16:10:08,733 NID_LOG INFO Epoch: 100
16:10:08,733 NID_LOG INFO 	learning rate:6.232128e-05
16:10:08,967 NID_LOG INFO 	train acc:0.9878 test acc:0.9298
16:10:27,258 NID_LOG INFO Epoch: 150
16:10:27,259 NID_LOG INFO 	learning rate:4.7953063e-06
16:10:27,491 NID_LOG INFO 	train acc:0.98905 test acc:0.9298
16:10:45,778 NID_LOG INFO Epoch: 200
16:10:45,778 NID_LOG INFO 	learning rate:3.689745e-07
16:10:46,4 NID_LOG INFO 	train acc:0.98915 test acc:0.9308
16:10:48,366 NID_LOG INFO 	train (1-auc):0.00010502338409423828
16:10:49,7 NID_LOG INFO 	test (1-auc):0.003535151481628418
16:10:49,7 NID_LOG INFO Done fold running
16:10:49,53 NID_LOG INFO Higher-Order Interaction Ranking
[((1, 2), 7503.038459777832), ((2, 3), 2499.085319519043), ((3, 4), 2183.8885498046916), ((5, 7, 8), 2135.9322319030794), ((4, 5, 7, 8), 1153.535758972168), ((9, 10), 676.4208908081098), ((1, 2, 9), 538.8670387268066), ((4, 5, 7, 8, 9), 535.6622428894043), ((3, 9), 431.3066940308004), ((1, 2, 3, 4, 5, 6, 7, 8, 9, 10), 403.8875103495115)]
16:10:49,55 NID_LOG INFO Pairwise Interaction Ranking
[((1, 2), 9286.326), ((5, 8), 5213.8237), ((7, 8), 5122.476), ((5, 7), 4951.4688), ((2, 3), 4424.785), ((3, 4), 3959.1682), ((4, 5), 3777.2522), ((4, 8), 3569.5044), ((4, 7), 3340.1094), ((4, 9), 2970.1514), ((2, 9), 2740.185), ((5, 9), 2712.8896), ((8, 9), 2702.5906), ((7, 9), 2609.4783), ((3, 9), 2585.8262), ((2, 8), 2577.5825), ((1, 9), 2505.2842), ((2, 4), 2445.8545), ((2, 5), 2410.879), ((2, 7), 2404.9902), ((9, 10), 2246.306), ((1, 7), 2149.1294), ((1, 8), 2134.5708), ((1, 5), 2069.8384), ((1, 4), 2011.5638), ((2, 10), 1880.4055), ((1, 3), 1863.7405), ((4, 10), 1824.1458), ((3, 8), 1807.3903), ((3, 7), 1792.8567), ((3, 5), 1788.2043), ((1, 10), 1740.8026), ((6, 9), 1717.429), ((7, 10), 1670.5519), ((8, 10), 1662.7507), ((2, 6), 1611.1367), ((3, 10), 1587.6244), ((4, 6), 1580.3961), ((3, 6), 1577.4221), ((5, 10), 1500.9993), ((6, 7), 1484.6898), ((5, 6), 1404.0764), ((1, 6), 1403.877), ((6, 8), 1360.6243), ((6, 10), 1225.2566)]
16:10:51,735 NID_LOG INFO Initialized
16:11:11,167 NID_LOG INFO Epoch: 50
16:11:11,167 NID_LOG INFO 	learning rate:0.00080994656
16:11:11,464 NID_LOG INFO 	train acc:0.97625 test acc:0.9264
16:11:30,501 NID_LOG INFO Epoch: 100
16:11:30,501 NID_LOG INFO 	learning rate:6.232128e-05
16:11:30,787 NID_LOG INFO 	train acc:0.9878 test acc:0.9276
16:11:49,361 NID_LOG INFO Epoch: 150
16:11:49,362 NID_LOG INFO 	learning rate:4.7953063e-06
16:11:49,655 NID_LOG INFO 	train acc:0.9886 test acc:0.9288
16:12:08,342 NID_LOG INFO Epoch: 200
16:12:08,342 NID_LOG INFO 	learning rate:3.689745e-07
16:12:08,632 NID_LOG INFO 	train acc:0.98855 test acc:0.9292
16:12:10,844 NID_LOG INFO 	train (1-auc):7.414817810058594e-05
16:12:11,422 NID_LOG INFO 	test (1-auc):0.003915071487426758
16:12:11,422 NID_LOG INFO Done fold running
16:12:11,486 NID_LOG INFO Higher-Order Interaction Ranking
[((1, 2), 7052.996837615978), ((2, 3), 2415.69140625), ((5, 8), 1955.901138305683), ((3, 4), 1907.498447418213), ((5, 7), 1800.6121063232472), ((7, 8), 1689.7687835693446), ((5, 7, 8), 1363.7045173645142), ((4, 5, 7, 8), 1196.747694015503), ((2, 3, 9), 586.4747695922852), ((4, 5, 7, 8, 9), 524.1788940429688), ((1, 2, 3, 4, 5, 6, 7, 8, 9, 10), 429.76439639377014)]
16:12:11,487 NID_LOG INFO Pairwise Interaction Ranking
[((1, 2), 8547.656), ((7, 8), 5096.6187), ((5, 8), 4892.4644), ((5, 7), 4696.003), ((2, 3), 3920.2095), ((4, 7), 3807.1875), ((4, 8), 3751.6177), ((4, 5), 3533.376), ((3, 4), 3489.832), ((7, 9), 2934.5356), ((8, 9), 2824.636), ((2, 9), 2815.947), ((3, 9), 2741.1204), ((4, 9), 2712.1843), ((1, 9), 2630.856), ((5, 9), 2623.571), ((1, 8), 2292.538), ((9, 10), 2220.5012), ((6, 9), 2137.858), ((1, 7), 2124.9585), ((1, 4), 2104.4373), ((2, 7), 2025.8531), ((2, 8), 2025.8353), ((1, 5), 1985.0044), ((2, 4), 1983.0162), ((7, 10), 1961.5941), ((2, 6), 1923.5743), ((8, 10), 1886.7136), ((6, 10), 1882.6749), ((2, 5), 1865.302), ((1, 3), 1852.7036), ((3, 7), 1805.7156), ((4, 10), 1792.9968), ((1, 6), 1780.1367), ((3, 5), 1766.4729), ((1, 10), 1756.2788), ((2, 10), 1748.4819), ((3, 10), 1744.9984), ((3, 8), 1740.8513), ((5, 10), 1731.9902), ((6, 7), 1714.231), ((4, 6), 1712.0021), ((3, 6), 1695.5354), ((6, 8), 1668.7216), ((5, 6), 1589.5455)]
16:12:14,586 NID_LOG INFO Initialized
16:12:33,857 NID_LOG INFO Epoch: 50
16:12:33,858 NID_LOG INFO 	learning rate:0.00080994656
16:12:34,215 NID_LOG INFO 	train acc:0.97085 test acc:0.9294
16:12:52,929 NID_LOG INFO Epoch: 100
16:12:52,929 NID_LOG INFO 	learning rate:6.232128e-05
16:12:53,286 NID_LOG INFO 	train acc:0.98555 test acc:0.9338
16:13:11,908 NID_LOG INFO Epoch: 150
16:13:11,908 NID_LOG INFO 	learning rate:4.7953063e-06
16:13:12,262 NID_LOG INFO 	train acc:0.98605 test acc:0.935
16:13:30,951 NID_LOG INFO Epoch: 200
16:13:30,951 NID_LOG INFO 	learning rate:3.689745e-07
16:13:31,312 NID_LOG INFO 	train acc:0.986 test acc:0.935
16:13:33,684 NID_LOG INFO 	train (1-auc):0.00011843442916870117
16:13:34,341 NID_LOG INFO 	test (1-auc):0.0025464892387390137
16:13:34,341 NID_LOG INFO Done fold running
16:13:34,431 NID_LOG INFO Higher-Order Interaction Ranking
[((1, 2), 7129.639667511009), ((5, 7), 1737.5368652343773), ((7, 8), 1720.025894165039), ((2, 3), 1672.5527191162141), ((5, 8), 1662.4102725982757), ((3, 4), 1532.6792068481925), ((4, 7, 8), 1277.1076736450195), ((5, 7, 8), 1092.4922637939476), ((4, 5, 8), 854.9292449951172), ((4, 5, 7, 8), 745.1608009338397), ((1, 2, 9), 673.9724082946777), ((4, 9), 635.1886215210018), ((9, 10), 589.4344100952148), ((4, 5, 9), 313.94281291962574), ((4, 5, 7, 8, 9), 296.12828826904627), ((1, 2, 3, 4, 5, 6, 7, 8, 9, 10), 293.65228544223726)]
16:13:34,432 NID_LOG INFO Pairwise Interaction Ranking
[((1, 2), 8163.515), ((5, 8), 4450.996), ((7, 8), 3904.8435), ((5, 7), 3676.9534), ((4, 8), 3628.1462), ((4, 5), 3527.6055), ((3, 4), 3062.8342), ((2, 3), 2797.898), ((4, 9), 2768.2651), ((4, 7), 2682.333), ((5, 9), 2328.3755), ((2, 9), 2217.4878), ((1, 9), 2142.6787), ((9, 10), 2000.5938), ((8, 9), 2000.2985), ((2, 4), 1875.0314), ((7, 9), 1820.7998), ((3, 9), 1785.8126), ((1, 4), 1757.7231), ((6, 9), 1721.5565), ((2, 5), 1658.9092), ((1, 5), 1623.3585), ((1, 8), 1546.5227), ((4, 10), 1528.1873), ((2, 8), 1505.7728), ((5, 10), 1505.2876), ((4, 6), 1466.6816), ((2, 6), 1463.9194), ((2, 10), 1414.3607), ((1, 10), 1334.3174), ((8, 10), 1329.0813), ((1, 7), 1315.8687), ((3, 6), 1314.312), ((3, 5), 1300.0752), ((6, 10), 1288.064), ((3, 8), 1276.7937), ((5, 6), 1269.7334), ((2, 7), 1269.0868), ((1, 6), 1260.3894), ((1, 3), 1247.6641), ((7, 10), 1228.3922), ((3, 10), 1184.9374), ((6, 8), 1139.9507), ((3, 7), 1061.5059), ((6, 7), 1018.05927)]
16:13:34,480 NID_LOG INFO Final validation error:0.003332237402598063
16:13:34,481 NID_LOG INFO Final results:
##############
Higher-Order Interaction Ranking
[((1, 2), 7228.55832163494), ((2, 3), 2195.7764816284193), ((3, 4), 1874.6887346903657), ((5, 7, 8), 1530.709671020514), ((5, 8), 1206.1038036346529), ((5, 7), 1179.382990519208), ((7, 8), 1136.5982259114612), ((4, 5, 7, 8), 1031.8147513071701), ((4, 5, 7, 8, 9), 451.98980840047307), ((4, 7, 8), 425.70255788167316), ((9, 10), 421.95176696777486), ((1, 2, 9), 404.2798156738281), ((1, 2, 3, 4, 5, 6, 7, 8, 9, 10), 375.7680640618396), ((4, 5, 8), 284.9764149983724), ((4, 9), 211.7295405070006), ((2, 3, 9), 195.49158986409506), ((3, 9), 143.76889801026678), ((4, 5, 9), 104.64760430654191)]
16:13:34,481 NID_LOG INFO Pairwise Interaction Ranking
[((1, 2), 8665.832682291666), ((5, 8), 4852.428059895833), ((7, 8), 4707.9794921875), ((5, 7), 4441.474934895833), ((2, 3), 3714.2975260416665), ((4, 8), 3649.7561848958335), ((4, 5), 3612.7444661458335), ((3, 4), 3503.9446614583335), ((4, 7), 3276.5432942708335), ((4, 9), 2816.8671875), ((2, 9), 2591.20654296875), ((5, 9), 2554.9454752604165), ((8, 9), 2509.1749674479165), ((7, 9), 2454.9378255208335), ((1, 9), 2426.27294921875), ((3, 9), 2370.9195963541665), ((9, 10), 2155.80029296875), ((2, 4), 2101.3006184895835), ((2, 8), 2036.39697265625), ((1, 8), 1991.2106119791667), ((2, 5), 1978.36328125), ((1, 4), 1957.9080403645833), ((2, 7), 1899.9767252604167), ((1, 5), 1892.7337239583333), ((1, 7), 1863.31884765625), ((6, 9), 1858.94775390625), ((4, 10), 1715.1100260416667), ((2, 10), 1681.0826822916667), ((2, 6), 1666.2101236979167), ((1, 3), 1654.7027994791667), ((8, 10), 1626.1819661458333), ((7, 10), 1620.1793619791667), ((3, 5), 1618.2508138020833), ((1, 10), 1610.46630859375), ((3, 8), 1608.3450520833333), ((4, 6), 1586.3600260416667), ((5, 10), 1579.42578125), ((3, 7), 1553.359375), ((3, 6), 1529.08984375), ((3, 10), 1505.8533528645833), ((1, 6), 1481.4677734375), ((6, 10), 1465.3318684895833), ((5, 6), 1421.1184895833333), ((6, 7), 1405.6599934895833), ((6, 8), 1389.7654622395833)]
16:13:34,642 matplotlib.colorbar DEBUG locator: <matplotlib.ticker.MaxNLocator object at 0x000002180EE3E4A8>
16:13:34,642 matplotlib.colorbar DEBUG Using auto colorbar locator on colorbar
16:13:34,642 matplotlib.colorbar DEBUG locator: <matplotlib.ticker.MaxNLocator object at 0x000002180EE3E4A8>
16:13:34,643 matplotlib.colorbar DEBUG Setting pcolormesh
16:13:34,667 matplotlib.axes._base DEBUG update_title_pos
16:13:34,673 matplotlib.font_manager DEBUG findfont: Matching :family=sans-serif:style=normal:variant=normal:weight=normal:stretch=normal:size=11.0 to Arial ('C:\\WINDOWS\\Fonts\\arial.ttf') with score of 0.050000.
16:13:34,696 matplotlib.axes._base DEBUG update_title_pos
16:13:34,712 matplotlib.font_manager DEBUG findfont: Matching :family=sans-serif:style=normal:variant=normal:weight=normal:stretch=normal:size=12.0 to Arial ('C:\\WINDOWS\\Fonts\\arial.ttf') with score of 0.050000.
16:13:34,719 matplotlib.axes._base DEBUG update_title_pos
16:13:34,733 matplotlib.font_manager DEBUG findfont: Matching :family=sans-serif:style=normal:variant=normal:weight=normal:stretch=normal:size=20.0 to Arial ('C:\\WINDOWS\\Fonts\\arial.ttf') with score of 0.050000.
16:13:34,736 matplotlib.axes._base DEBUG update_title_pos
16:13:34,815 matplotlib.axes._base DEBUG update_title_pos
16:13:34,830 matplotlib.axes._base DEBUG update_title_pos
16:16:49,728 root INFO Running NID framework
16:16:53,282 NID_LOG INFO Initialized
16:17:14,599 NID_LOG INFO Epoch: 50
16:17:14,599 NID_LOG INFO 	learning rate:0.00080994656
16:17:15,22 NID_LOG INFO 	train acc:0.979 test acc:0.9322
16:17:34,528 NID_LOG INFO Epoch: 100
16:17:34,529 NID_LOG INFO 	learning rate:6.232128e-05
16:17:34,975 NID_LOG INFO 	train acc:0.9915 test acc:0.9312
16:17:53,886 NID_LOG INFO Epoch: 150
16:17:53,887 NID_LOG INFO 	learning rate:4.7953063e-06
16:17:54,309 NID_LOG INFO 	train acc:0.9931 test acc:0.9314
16:18:12,928 NID_LOG INFO Epoch: 200
16:18:12,928 NID_LOG INFO 	learning rate:3.689745e-07
16:18:13,354 NID_LOG INFO 	train acc:0.99305 test acc:0.9316
16:18:15,837 NID_LOG INFO 	train (1-auc):7.69495964050293e-05
16:18:16,547 NID_LOG INFO 	test (1-auc):0.0043999552726745605
16:18:16,547 NID_LOG INFO Done fold running
16:18:16,654 NID_LOG INFO Higher-Order Interaction Ranking
[((1, 2), 8275.278923034668), ((2, 3), 2992.4912872314526), ((3, 4), 2765.5420150756836), ((5, 8), 2588.7373962402344), ((5, 7, 8), 2580.823287963867), ((4, 5, 7, 8), 1125.7303161621094), ((1, 2, 3, 4, 5, 6, 7, 8, 9, 10), 614.3541188187227)]
16:18:16,657 NID_LOG INFO Pairwise Interaction Ranking
[((1, 2), 10558.947), ((7, 8), 6701.157), ((5, 7), 6682.616), ((5, 8), 6267.0723), ((2, 3), 5623.616), ((3, 4), 5152.5234), ((4, 8), 4098.0684), ((4, 7), 3926.8154), ((2, 7), 3809.8096), ((7, 9), 3737.5654), ((4, 5), 3716.3418), ((5, 9), 3464.453), ((8, 9), 3463.087), ((2, 9), 3447.5083), ((2, 8), 3408.4814), ((4, 9), 3354.2212), ((2, 4), 3236.0764), ((3, 9), 3209.019), ((2, 5), 3202.624), ((3, 8), 3065.1401), ((1, 7), 3051.001), ((1, 9), 3000.3767), ((6, 9), 2859.6235), ((1, 3), 2781.3975), ((9, 10), 2770.3706), ((1, 5), 2768.1772), ((3, 5), 2727.4653), ((3, 6), 2712.6304), ((3, 7), 2676.8652), ((1, 8), 2673.422), ((2, 10), 2571.0266), ((2, 6), 2485.9219), ((3, 10), 2457.2192), ((1, 4), 2419.2021), ((8, 10), 2400.8057), ((6, 8), 2325.761), ((7, 10), 2281.6636), ((4, 10), 2262.7588), ((1, 6), 2218.101), ((5, 10), 2176.6), ((4, 6), 2159.7188), ((6, 7), 2118.2515), ((5, 6), 2107.0242), ((6, 10), 2076.6614), ((1, 10), 2068.5872)]
16:18:20,669 NID_LOG INFO Initialized
16:18:41,812 NID_LOG INFO Epoch: 50
16:18:41,812 NID_LOG INFO 	learning rate:0.00080994656
16:18:42,319 NID_LOG INFO 	train acc:0.9635 test acc:0.9162
16:19:01,547 NID_LOG INFO Epoch: 100
16:19:01,547 NID_LOG INFO 	learning rate:6.232128e-05
16:19:02,44 NID_LOG INFO 	train acc:0.98195 test acc:0.9236
16:19:21,91 NID_LOG INFO Epoch: 150
16:19:21,91 NID_LOG INFO 	learning rate:4.7953063e-06
16:19:21,588 NID_LOG INFO 	train acc:0.9827 test acc:0.9248
16:19:40,684 NID_LOG INFO Epoch: 200
16:19:40,684 NID_LOG INFO 	learning rate:3.689745e-07
16:19:41,187 NID_LOG INFO 	train acc:0.9828 test acc:0.9254
16:19:43,746 NID_LOG INFO 	train (1-auc):0.0001278519630432129
16:19:44,549 NID_LOG INFO 	test (1-auc):0.0033519864082336426
16:19:44,550 NID_LOG INFO Done fold running
16:19:44,679 NID_LOG INFO Higher-Order Interaction Ranking
[((1, 2), 7501.170188903815), ((2, 3), 2674.516159057631), ((7, 8), 2315.9620971679806), ((5, 8), 2182.9213256835938), ((3, 4), 2174.7400398254395), ((5, 7, 8), 2040.9792556762695), ((4, 5, 7, 8), 1182.2681770324707), ((1, 2, 9), 674.2802848815918), ((1, 4), 649.9677200317511), ((5, 7, 8, 9), 483.71596908569336), ((1, 2, 3, 4, 5, 6, 7, 8, 9, 10), 436.5643684198671)]
16:19:44,681 NID_LOG INFO Pairwise Interaction Ranking
[((1, 2), 9484.789), ((7, 8), 5920.2485), ((5, 7), 5876.6553), ((5, 8), 5835.9043), ((2, 3), 4524.673), ((4, 7), 4021.8726), ((4, 5), 4011.3328), ((3, 4), 3836.031), ((4, 8), 3809.7932), ((5, 9), 3263.962), ((7, 9), 3170.7727), ((8, 9), 3029.359), ((2, 9), 2988.912), ((1, 9), 2924.046), ((4, 9), 2784.9338), ((9, 10), 2424.6675), ((2, 7), 2411.9297), ((2, 5), 2366.1182), ((1, 4), 2361.0198), ((2, 8), 2286.1956), ((1, 7), 2221.627), ((2, 4), 2201.484), ((3, 9), 2185.9678), ((1, 3), 2161.6846), ((6, 9), 2136.7158), ((1, 5), 2131.3774), ((1, 10), 2074.2795), ((8, 10), 2069.979), ((4, 10), 2047.2247), ((7, 10), 2044.0908), ((2, 10), 2030.0947), ((5, 10), 2018.4471), ((2, 6), 2006.3901), ((5, 6), 1956.6332), ((1, 8), 1942.948), ((3, 5), 1919.0254), ((6, 7), 1892.7004), ((3, 7), 1859.3197), ((6, 10), 1846.9917), ((6, 8), 1842.457), ((4, 6), 1820.3237), ((1, 6), 1779.0415), ((3, 8), 1768.6968), ((3, 10), 1751.0107), ((3, 6), 1703.3164)]
16:19:49,344 NID_LOG INFO Initialized
16:20:08,971 NID_LOG INFO Epoch: 50
16:20:08,971 NID_LOG INFO 	learning rate:0.00080994656
16:20:09,552 NID_LOG INFO 	train acc:0.9733 test acc:0.9238
16:20:28,606 NID_LOG INFO Epoch: 100
16:20:28,606 NID_LOG INFO 	learning rate:6.232128e-05
16:20:29,188 NID_LOG INFO 	train acc:0.98675 test acc:0.9312
16:20:48,260 NID_LOG INFO Epoch: 150
16:20:48,260 NID_LOG INFO 	learning rate:4.7953063e-06
16:20:48,836 NID_LOG INFO 	train acc:0.98725 test acc:0.932
16:21:08,928 NID_LOG INFO Epoch: 200
16:21:08,928 NID_LOG INFO 	learning rate:3.689745e-07
16:21:09,535 NID_LOG INFO 	train acc:0.98725 test acc:0.9316
16:21:12,309 NID_LOG INFO 	train (1-auc):0.00011366605758666992
16:21:13,201 NID_LOG INFO 	test (1-auc):0.0030962228775024414
16:21:13,201 NID_LOG INFO Done fold running
16:21:13,350 NID_LOG INFO Higher-Order Interaction Ranking
[((1, 2), 11917.482513427763), ((3, 4), 3957.728584289566), ((5, 7), 3715.8740615844786), ((5, 7, 8), 3637.283290863037), ((2, 3), 2792.0423278808717), ((5, 7, 8, 9), 1320.588752746582), ((4, 5), 1013.4279479980469), ((1, 4), 891.5135498047175), ((9, 10), 869.8568115234473), ((1, 2, 9), 849.2924957275438), ((3, 9, 10), 839.4665527343841), ((1, 2, 8), 837.2239379882888), ((1, 2, 3, 4, 5, 6, 7, 8, 9, 10), 762.6422520715455)]
16:21:13,352 NID_LOG INFO Pairwise Interaction Ranking
[((1, 2), 14712.038), ((7, 8), 8978.086), ((5, 8), 8643.828), ((5, 7), 8596.738), ((3, 4), 6982.504), ((2, 3), 5916.636), ((5, 9), 5417.836), ((8, 9), 5274.2266), ((2, 9), 5101.3477), ((7, 9), 5006.6074), ((4, 5), 4931.83), ((1, 9), 4886.9478), ((4, 8), 4878.8896), ((4, 9), 4871.9937), ((9, 10), 4854.0557), ((3, 9), 4795.718), ((1, 4), 4502.622), ((1, 8), 4447.956), ((2, 8), 4396.0903), ((2, 5), 4197.372), ((1, 5), 4010.262), ((4, 7), 3992.4019), ((2, 4), 3869.8213), ((1, 7), 3858.7515), ((3, 10), 3820.999), ((2, 7), 3736.6035), ((3, 8), 3648.7402), ((5, 10), 3607.0435), ((1, 10), 3498.6567), ((1, 3), 3476.5977), ((2, 10), 3460.451), ((7, 10), 3440.9531), ((8, 10), 3415.3354), ((3, 5), 3311.9792), ((3, 7), 3200.4282), ((4, 10), 3195.1729), ((6, 9), 3158.438), ((1, 6), 2906.022), ((4, 6), 2679.4443), ((6, 7), 2642.4238), ((5, 6), 2625.5237), ((6, 8), 2621.1538), ((3, 6), 2587.123), ((2, 6), 2560.653), ((6, 10), 2468.29)]
16:21:13,460 NID_LOG INFO Final validation error:0.0036160548528035483
16:21:13,460 NID_LOG INFO Final results:
##############
Higher-Order Interaction Ranking
[((1, 2), 11640.82998233373), ((3, 4), 3590.8997912936848), ((2, 3), 3551.6087519327916), ((5, 7, 8), 3263.2651685078963), ((5, 8), 1992.5875085194937), ((5, 7), 1631.752350701229), ((7, 8), 1150.8534410264806), ((4, 5, 7, 8), 1113.2710815005833), ((1, 2, 3, 4, 5, 6, 7, 8, 9, 10), 729.7762677906582), ((1, 2, 9), 642.6175320943213), ((5, 7, 8, 9), 601.4349072774252), ((1, 4), 513.8270899454895), ((9, 10), 430.602859497074), ((4, 5), 337.80931599934894), ((3, 9, 10), 279.8221842447947), ((1, 2, 8), 279.07464599609625), ((4, 5, 7, 8, 9), 150.66326946682435), ((4, 7, 8), 141.9008526272244), ((4, 5, 8), 94.99213833279079), ((4, 9), 70.57651350233353), ((2, 3, 9), 65.16386328803169), ((3, 9), 47.92296600342226), ((4, 5, 9), 34.8825347688473)]
16:21:13,461 NID_LOG INFO Pairwise Interaction Ranking
[((1, 2), 14473.869032118055), ((7, 8), 8769.157063802084), ((5, 8), 8533.077582465277), ((5, 7), 8532.494900173611), ((2, 3), 6593.074273003472), ((3, 4), 6491.667670355903), ((4, 8), 5478.83580186632), ((4, 5), 5424.083034939236), ((4, 7), 5072.544379340278), ((5, 9), 4900.398735894097), ((7, 9), 4789.961127387153), ((8, 9), 4758.615776909722), ((2, 9), 4709.658203125), ((4, 9), 4609.338623046875), ((1, 9), 4412.547770182292), ((3, 9), 4187.208062065972), ((9, 10), 4068.2980143229165), ((2, 8), 4042.3881022135415), ((2, 7), 3952.773166232639), ((2, 5), 3914.8258463541665), ((2, 4), 3802.8940700954863), ((1, 4), 3746.917344835069), ((1, 8), 3685.178927951389), ((1, 7), 3664.8994140625), ((1, 5), 3600.850124782986), ((3, 8), 3363.640733506944), ((1, 3), 3358.1274956597226), ((6, 9), 3337.9083658854165), ((2, 10), 3247.551649305556), ((3, 5), 3192.240261501736), ((3, 10), 3178.3607855902774), ((8, 10), 3170.767361111111), ((7, 10), 3128.962293836806), ((5, 10), 3127.172159830729), ((3, 7), 3096.657511393229), ((1, 10), 3083.99658203125), ((4, 10), 3073.4221327039936), ((2, 6), 2906.391737196181), ((3, 6), 2844.05322265625), ((1, 6), 2794.87744140625), ((4, 6), 2748.615614149306), ((6, 8), 2726.379096137153), ((5, 6), 2703.4331732855903), ((6, 7), 2686.345241970486), ((6, 10), 2619.0916612413193)]
16:21:13,492 matplotlib.colorbar DEBUG locator: <matplotlib.ticker.MaxNLocator object at 0x000002181C135438>
16:21:13,493 matplotlib.colorbar DEBUG Using auto colorbar locator on colorbar
16:21:13,493 matplotlib.colorbar DEBUG locator: <matplotlib.ticker.MaxNLocator object at 0x000002181C135438>
16:21:13,493 matplotlib.colorbar DEBUG Setting pcolormesh
16:21:13,496 matplotlib.axes._base DEBUG update_title_pos
16:21:13,514 matplotlib.axes._base DEBUG update_title_pos
16:21:13,521 matplotlib.axes._base DEBUG update_title_pos
16:21:13,539 matplotlib.axes._base DEBUG update_title_pos
16:21:13,552 matplotlib.axes._base DEBUG update_title_pos
16:21:13,559 matplotlib.axes._base DEBUG update_title_pos
16:21:13,644 matplotlib.axes._base DEBUG update_title_pos
16:21:13,657 matplotlib.axes._base DEBUG update_title_pos
16:21:13,665 matplotlib.axes._base DEBUG update_title_pos
