18:59:31,152 root INFO Running NID framework
19:00:06,115 NID_LOG INFO Initialized
19:01:48,329 NID_LOG INFO Epoch: 50
19:01:48,331 NID_LOG INFO 	learning rate:0.00080994656
19:01:48,656 NID_LOG INFO 	train acc:0.96829164 test acc:0.9206667
19:03:35,338 NID_LOG INFO Epoch: 100
19:03:35,339 NID_LOG INFO 	learning rate:6.232128e-05
19:03:35,612 NID_LOG INFO 	train acc:0.98258334 test acc:0.928
19:05:12,27 NID_LOG INFO Epoch: 150
19:05:12,28 NID_LOG INFO 	learning rate:4.7953063e-06
19:05:12,307 NID_LOG INFO 	train acc:0.98541665 test acc:0.928
19:06:53,424 NID_LOG INFO Epoch: 200
19:06:53,425 NID_LOG INFO 	learning rate:3.689745e-07
19:06:53,686 NID_LOG INFO 	train acc:0.985375 test acc:0.928
19:06:58,203 NID_LOG INFO 	train (1-auc):0.00013905763626098633
19:06:58,759 NID_LOG INFO 	test (1-auc):0.0038820505142211914
19:06:58,760 NID_LOG INFO Done fold running
19:07:30,264 NID_LOG INFO Higher-Order Interaction Ranking
[((1, 2), 10307.52993011476), ((3, 4), 3320.636878967292), ((2, 3), 3276.812232971195), ((7, 8), 2834.165359497082), ((5, 7), 2699.9865875244213), ((5, 7, 8), 2549.2558670043945), ((4, 9), 932.7719421386719), ((4, 7), 908.9195404052734), ((5, 7, 8, 9), 904.8775520324707), ((4, 7, 8), 802.9259796142578), ((1, 2, 9), 641.6259002685547), ((1, 4), 635.8170471191477), ((9, 10), 626.4822616577233), ((1, 2, 7), 549.0460586547904), ((4, 5, 9), 471.5348815917969), ((2, 3, 9), 463.3365173339844), ((1, 2, 3, 4, 5, 6, 7, 8, 9, 10), 433.2769594299766)]
19:07:31,943 NID_LOG INFO Pairwise Interaction Ranking
[((1, 2), 12749.479), ((5, 8), 6996.551), ((7, 8), 6714.755), ((5, 7), 6630.753), ((2, 3), 5490.37), ((3, 4), 5380.0503), ((4, 9), 4738.6406), ((5, 9), 4454.1196), ((2, 9), 4276.016), ((1, 9), 4194.87), ((1, 4), 4086.8198), ((8, 9), 4047.0088), ((7, 9), 4000.1116), ((4, 8), 3766.5547), ((4, 5), 3655.349), ((4, 7), 3430.1772), ((1, 7), 3321.147), ((1, 8), 3169.7476), ((2, 8), 3161.169), ((1, 5), 3156.581), ((3, 9), 3137.8376), ((2, 5), 3092.9001), ((2, 7), 3072.331), ((2, 4), 3046.7363), ((9, 10), 2776.7617), ((1, 3), 2738.4922), ((1, 10), 2425.899), ((2, 10), 2283.3398), ((3, 5), 2271.604), ((3, 8), 2242.9285), ((4, 10), 2234.292), ((5, 10), 2101.1545), ((8, 10), 2087.2385), ((3, 7), 1984.6409), ((7, 10), 1980.3909), ((3, 10), 1934.6957), ((6, 9), 1895.6943), ((1, 6), 1743.1592), ((4, 6), 1696.4204), ((2, 6), 1676.6139), ((5, 6), 1671.2019), ((6, 8), 1645.514), ((6, 7), 1593.2983), ((3, 6), 1450.9089), ((6, 10), 1403.5785)]
19:07:48,315 NID_LOG INFO Cuttof process started
19:10:14,620 NID_LOG INFO Initialized
19:10:25,213 NID_LOG INFO Epoch: 50
19:10:25,214 NID_LOG INFO 	learning rate:0.00080994656
19:10:25,444 NID_LOG INFO 	train acc:0.42766666 test acc:0.404
19:10:34,996 NID_LOG INFO Epoch: 100
19:10:34,997 NID_LOG INFO 	learning rate:6.232128e-05
19:10:35,236 NID_LOG INFO 	train acc:0.42733333 test acc:0.40566668
19:10:44,754 NID_LOG INFO Epoch: 150
19:10:44,755 NID_LOG INFO 	learning rate:4.7953063e-06
19:10:44,986 NID_LOG INFO 	train acc:0.429 test acc:0.40466666
19:10:54,971 NID_LOG INFO Epoch: 200
19:10:54,973 NID_LOG INFO 	learning rate:3.689745e-07
19:10:55,312 NID_LOG INFO 	train acc:0.429 test acc:0.40466666
19:10:57,583 NID_LOG INFO 	train (1-auc):0.0594443678855896
19:10:57,984 NID_LOG INFO 	test (1-auc):0.06355762481689453
19:10:57,985 NID_LOG INFO Done fold running
20:07:48,765 NID_LOG INFO 0: ((1, 2), 10307.52993011476)
20:09:04,620 NID_LOG INFO Initialized
20:09:19,571 NID_LOG INFO Epoch: 50
20:09:19,572 NID_LOG INFO 	learning rate:0.00080994656
20:09:19,902 NID_LOG INFO 	train acc:0.827 test acc:0.7913333
20:09:34,160 NID_LOG INFO Epoch: 100
20:09:34,161 NID_LOG INFO 	learning rate:6.232128e-05
20:09:34,495 NID_LOG INFO 	train acc:0.83466667 test acc:0.8003333
20:09:48,688 NID_LOG INFO Epoch: 150
20:09:48,689 NID_LOG INFO 	learning rate:4.7953063e-06
20:09:49,24 NID_LOG INFO 	train acc:0.83433336 test acc:0.8003333
20:10:03,305 NID_LOG INFO Epoch: 200
20:10:03,306 NID_LOG INFO 	learning rate:3.689745e-07
20:10:03,646 NID_LOG INFO 	train acc:0.83466667 test acc:0.8003333
20:10:06,926 NID_LOG INFO 	train (1-auc):0.006272256374359131
20:10:07,420 NID_LOG INFO 	test (1-auc):0.0097237229347229
20:10:07,423 NID_LOG INFO Done fold running
